#
# A fatal error has been detected by the Java Runtime Environment:
#
#  EXCEPTION_ACCESS_VIOLATION (0xc0000005) at pc=0x000000007791f23c, pid=6324, tid=6888
#
# JRE version: Java(TM) SE Runtime Environment (8.0_66-b17) (build 1.8.0_66-b17)
# Java VM: Java HotSpot(TM) 64-Bit Server VM (25.66-b17 mixed mode windows-amd64 compressed oops)
# Problematic frame:
# C  [ntdll.dll+0x4f23c]
#
# Failed to write core dump. Minidumps are not enabled by default on client versions of Windows
#
# If you would like to submit a bug report, please visit:
#   http://bugreport.java.com/bugreport/crash.jsp
# The crash happened outside the Java Virtual Machine in native code.
# See problematic frame for where to report the bug.
#

---------------  T H R E A D  ---------------

Current thread (0x0000000058f9d800):  JavaThread "http-8080-3" daemon [_thread_in_native, id=6888, stack(0x0000000059410000,0x0000000059510000)]

siginfo: ExceptionCode=0xc0000005, reading address 0x000002e1fc3d6d68

Registers:
RAX=0x000000005b19b4c0, RBX=0x000002e1fc3d6d60, RCX=0x000000ffffffffff, RDX=0x0000000000000000
RSP=0x000000005950d5d0, RBP=0x000000005b1a7330, RSI=0x0000000000000000, RDI=0x0000000000000000
R8 =0x000000005b1a7320, R9 =0x00000000000001c0, R10=0x00000000c000003a, R11=0x000000005950d6a0
R12=0x00000000023e0000, R13=0x000000005950d7b0, R14=0x0000000000000000, R15=0x0000000058f9d800
RIP=0x000000007791f23c, EFLAGS=0x0000000000010206

Top of Stack: (sp=0x000000005950d5d0)
0x000000005950d5d0:   0000000058f9d800 0000000077591a0a
0x000000005950d5e0:   0000000000000000 000000005950d630
0x000000005950d5f0:   0000000000ee00ec 000000005b1a7330
0x000000005950d600:   0000000000000000 000007fefd777056
0x000000005950d610:   0000000058f9d800 0000000000000000
0x000000005950d620:   0000000000000000 0000000000000000
0x000000005950d630:   000000008479ac78 000000005950d740
0x000000005950d640:   000000005b1a7330 0000000077591a0a
0x000000005950d650:   000000005950d700 000000005950d7b0
0x000000005950d660:   000000005b1a7330 000000006302c74e
0x000000005950d670:   0000000000000000 0000000061b38d94
0x000000005950d680:   0000000000000000 0000000000000000
0x000000005950d690:   0000df9ea47be7a9 000000005950d7b0
0x000000005950d6a0:   000000005b1a7330 000000006302a16e
0x000000005950d6b0:   0000000000000076 000000005b1a7330
0x000000005950d6c0:   000000008479ac78 0000000000000000 

Instructions: (pc=0x000000007791f23c)
0x000000007791f21c:   ff ff 00 00 00 49 33 dc 48 23 c1 48 c1 eb 04 48
0x000000007791f22c:   33 d8 48 33 1d 93 e1 0d 00 48 c1 e3 04 0f 0d 0b
0x000000007791f23c:   48 8b 7b 08 49 bd 01 00 00 00 01 00 00 00 49 be
0x000000007791f24c:   ff 7f 00 00 ff ff ff ff 41 c6 40 0f 80 41 88 70 


Register to memory mapping:

RAX=0x000000005b19b4c0 is an unknown value
RBX=0x000002e1fc3d6d60 is an unknown value
RCX=0x000000ffffffffff is an unknown value
RDX=0x0000000000000000 is an unknown value
RSP=0x000000005950d5d0 is pointing into the stack for thread: 0x0000000058f9d800
RBP=0x000000005b1a7330 is an unknown value
RSI=0x0000000000000000 is an unknown value
RDI=0x0000000000000000 is an unknown value
R8 =0x000000005b1a7320 is an unknown value
R9 =0x00000000000001c0 is an unknown value
R10=0x00000000c000003a is an unallocated location in the heap
R11=0x000000005950d6a0 is pointing into the stack for thread: 0x0000000058f9d800
R12=0x00000000023e0000 is an unknown value
R13=0x000000005950d7b0 is pointing into the stack for thread: 0x0000000058f9d800
R14=0x0000000000000000 is an unknown value
R15=0x0000000058f9d800 is a thread


Stack: [0x0000000059410000,0x0000000059510000],  sp=0x000000005950d5d0,  free space=1013k
Native frames: (J=compiled Java code, j=interpreted, Vv=VM code, C=native code)
C  [ntdll.dll+0x4f23c]
C  [kernel32.dll+0x21a0a]
C  [msvcr100.dll+0x68d94]
C  [java.dll+0xa16e]
C  0x0000000002b93c09

Java frames: (J=compiled Java code, j=interpreted, Vv=VM code)
J 1456  java.io.WinNTFileSystem.getBooleanAttributes(Ljava/io/File;)I (0 bytes) @ 0x0000000002b93b8f [0x0000000002b93b40+0x4f]
J 4231 C1 java.io.File.exists()Z (43 bytes) @ 0x000000000322ea1c [0x000000000322e760+0x2bc]
j  org.apache.naming.resources.FileDirContext.file(Ljava/lang/String;)Ljava/io/File;+14
j  org.apache.naming.resources.FileDirContext.lookup(Ljava/lang/String;)Ljava/lang/Object;+4
j  org.apache.naming.resources.ProxyDirContext.lookup(Ljava/lang/String;)Ljava/lang/Object;+48
j  org.apache.naming.resources.DirContextURLConnection.getInputStream()Ljava/io/InputStream;+38
j  org.apache.jasper.compiler.Compiler.isOutDated(Z)Z+138
j  org.apache.jasper.compiler.Compiler.isOutDated()Z+2
j  org.apache.jasper.JspCompilationContext.compile()V+9
j  org.apache.jasper.servlet.JspServletWrapper.service(Ljavax/servlet/http/HttpServletRequest;Ljavax/servlet/http/HttpServletResponse;Z)V+118
j  org.apache.jasper.servlet.JspServlet.serviceJspFile(Ljavax/servlet/http/HttpServletRequest;Ljavax/servlet/http/HttpServletResponse;Ljava/lang/String;Ljava/lang/Throwable;Z)V+126
j  org.apache.jasper.servlet.JspServlet.service(Ljavax/servlet/http/HttpServletRequest;Ljavax/servlet/http/HttpServletResponse;)V+347
j  javax.servlet.http.HttpServlet.service(Ljavax/servlet/ServletRequest;Ljavax/servlet/ServletResponse;)V+30
j  org.apache.catalina.core.ApplicationFilterChain.internalDoFilter(Ljavax/servlet/ServletRequest;Ljavax/servlet/ServletResponse;)V+376
j  org.apache.catalina.core.ApplicationFilterChain.doFilter(Ljavax/servlet/ServletRequest;Ljavax/servlet/ServletResponse;)V+101
j  org.apache.catalina.core.ApplicationDispatcher.invoke(Ljavax/servlet/ServletRequest;Ljavax/servlet/ServletResponse;Lorg/apache/catalina/core/ApplicationDispatcher$State;)V+393
j  org.apache.catalina.core.ApplicationDispatcher.processRequest(Ljavax/servlet/ServletRequest;Ljavax/servlet/ServletResponse;Lorg/apache/catalina/core/ApplicationDispatcher$State;)V+64
j  org.apache.catalina.core.ApplicationDispatcher.doForward(Ljavax/servlet/ServletRequest;Ljavax/servlet/ServletResponse;)V+339
j  org.apache.catalina.core.ApplicationDispatcher.forward(Ljavax/servlet/ServletRequest;Ljavax/servlet/ServletResponse;)V+55
j  org.springframework.web.servlet.view.InternalResourceView.renderMergedOutputModel(Ljava/util/Map;Ljavax/servlet/http/HttpServletRequest;Ljavax/servlet/http/HttpServletResponse;)V+223
j  org.springframework.web.servlet.view.AbstractView.render(Ljava/util/Map;Ljavax/servlet/http/HttpServletRequest;Ljavax/servlet/http/HttpServletResponse;)V+88
j  org.springframework.web.servlet.DispatcherServlet.render(Lorg/springframework/web/servlet/ModelAndView;Ljavax/servlet/http/HttpServletRequest;Ljavax/servlet/http/HttpServletResponse;)V+222
j  org.springframework.web.servlet.DispatcherServlet.processDispatchResult(Ljavax/servlet/http/HttpServletRequest;Ljavax/servlet/http/HttpServletResponse;Lorg/springframework/web/servlet/HandlerExecutionChain;Lorg/springframework/web/servlet/ModelAndView;Ljava/lang/Exception;)V+98
j  org.springframework.web.servlet.DispatcherServlet.doDispatch(Ljavax/servlet/http/HttpServletRequest;Ljavax/servlet/http/HttpServletResponse;)V+401
j  org.springframework.web.servlet.DispatcherServlet.doService(Ljavax/servlet/http/HttpServletRequest;Ljavax/servlet/http/HttpServletResponse;)V+301
j  org.springframework.web.servlet.FrameworkServlet.processRequest(Ljavax/servlet/http/HttpServletRequest;Ljavax/servlet/http/HttpServletResponse;)V+71
j  org.springframework.web.servlet.FrameworkServlet.doGet(Ljavax/servlet/http/HttpServletRequest;Ljavax/servlet/http/HttpServletResponse;)V+3
j  javax.servlet.http.HttpServlet.service(Ljavax/servlet/http/HttpServletRequest;Ljavax/servlet/http/HttpServletResponse;)V+35
j  org.springframework.web.servlet.FrameworkServlet.service(Ljavax/servlet/http/HttpServletRequest;Ljavax/servlet/http/HttpServletResponse;)V+32
j  javax.servlet.http.HttpServlet.service(Ljavax/servlet/ServletRequest;Ljavax/servlet/ServletResponse;)V+30
j  org.apache.catalina.core.ApplicationFilterChain.internalDoFilter(Ljavax/servlet/ServletRequest;Ljavax/servlet/ServletResponse;)V+376
j  org.apache.catalina.core.ApplicationFilterChain.doFilter(Ljavax/servlet/ServletRequest;Ljavax/servlet/ServletResponse;)V+101
j  org.springframework.web.filter.HttpPutFormContentFilter.doFilterInternal(Ljavax/servlet/http/HttpServletRequest;Ljavax/servlet/http/HttpServletResponse;Ljavax/servlet/FilterChain;)V+87
j  org.springframework.web.filter.OncePerRequestFilter.doFilter(Ljavax/servlet/ServletRequest;Ljavax/servlet/ServletResponse;Ljavax/servlet/FilterChain;)V+111
j  org.apache.catalina.core.ApplicationFilterChain.internalDoFilter(Ljavax/servlet/ServletRequest;Ljavax/servlet/ServletResponse;)V+119
j  org.apache.catalina.core.ApplicationFilterChain.doFilter(Ljavax/servlet/ServletRequest;Ljavax/servlet/ServletResponse;)V+101
j  org.springframework.web.filter.HiddenHttpMethodFilter.doFilterInternal(Ljavax/servlet/http/HttpServletRequest;Ljavax/servlet/http/HttpServletResponse;Ljavax/servlet/FilterChain;)V+71
j  org.springframework.web.filter.OncePerRequestFilter.doFilter(Ljavax/servlet/ServletRequest;Ljavax/servlet/ServletResponse;Ljavax/servlet/FilterChain;)V+111
j  org.apache.catalina.core.ApplicationFilterChain.internalDoFilter(Ljavax/servlet/ServletRequest;Ljavax/servlet/ServletResponse;)V+119
j  org.apache.catalina.core.ApplicationFilterChain.doFilter(Ljavax/servlet/ServletRequest;Ljavax/servlet/ServletResponse;)V+101
j  org.springframework.web.filter.CharacterEncodingFilter.doFilterInternal(Ljavax/servlet/http/HttpServletRequest;Ljavax/servlet/http/HttpServletResponse;Ljavax/servlet/FilterChain;)V+53
j  org.springframework.web.filter.OncePerRequestFilter.doFilter(Ljavax/servlet/ServletRequest;Ljavax/servlet/ServletResponse;Ljavax/servlet/FilterChain;)V+111
j  org.apache.catalina.core.ApplicationFilterChain.internalDoFilter(Ljavax/servlet/ServletRequest;Ljavax/servlet/ServletResponse;)V+119
j  org.apache.catalina.core.ApplicationFilterChain.doFilter(Ljavax/servlet/ServletRequest;Ljavax/servlet/ServletResponse;)V+101
j  org.apache.catalina.core.StandardWrapperValve.invoke(Lorg/apache/catalina/connector/Request;Lorg/apache/catalina/connector/Response;)V+804
j  org.apache.catalina.core.StandardContextValve.invoke(Lorg/apache/catalina/connector/Request;Lorg/apache/catalina/connector/Response;)V+365
j  org.apache.catalina.core.StandardHostValve.invoke(Lorg/apache/catalina/connector/Request;Lorg/apache/catalina/connector/Response;)V+64
j  org.apache.catalina.valves.ErrorReportValve.invoke(Lorg/apache/catalina/connector/Request;Lorg/apache/catalina/connector/Response;)V+6
j  org.apache.catalina.core.StandardEngineValve.invoke(Lorg/apache/catalina/connector/Request;Lorg/apache/catalina/connector/Response;)V+42
j  org.apache.catalina.connector.CoyoteAdapter.service(Lorg/apache/coyote/Request;Lorg/apache/coyote/Response;)V+158
j  org.apache.coyote.http11.Http11Processor.process(Ljava/net/Socket;)V+468
j  org.apache.coyote.http11.Http11Protocol$Http11ConnectionHandler.process(Ljava/net/Socket;)Z+82
j  org.apache.tomcat.util.net.JIoEndpoint$Worker.run()V+41
j  java.lang.Thread.run()V+11
v  ~StubRoutines::call_stub

---------------  P R O C E S S  ---------------

Java Threads: ( => current thread )
  0x0000000059e46000 JavaThread "commons-pool-EvictionTimer" daemon [_thread_blocked, id=4860, stack(0x000000005e800000,0x000000005e900000)]
  0x0000000058f9f000 JavaThread "http-8080-5" daemon [_thread_blocked, id=1924, stack(0x000000005d910000,0x000000005da10000)]
  0x0000000058f9e000 JavaThread "http-8080-4" daemon [_thread_in_native, id=6912, stack(0x000000005d6e0000,0x000000005d7e0000)]
=>0x0000000058f9d800 JavaThread "http-8080-3" daemon [_thread_in_native, id=6888, stack(0x0000000059410000,0x0000000059510000)]
  0x0000000058f9c800 JavaThread "http-8080-2" daemon [_thread_in_native, id=7020, stack(0x000000005a5b0000,0x000000005a6b0000)]
  0x0000000058f9b800 JavaThread "http-8080-1" daemon [_thread_blocked, id=7056, stack(0x000000005d4f0000,0x000000005d5f0000)]
  0x0000000058f9b000 JavaThread "http-8080-Acceptor-0" daemon [_thread_in_native, id=6316, stack(0x000000005bcd0000,0x000000005bdd0000)]
  0x0000000058f9a000 JavaThread "ContainerBackgroundProcessor[StandardEngine[localEngine]]" daemon [_thread_blocked, id=3528, stack(0x000000005d2f0000,0x000000005d3f0000)]
  0x0000000057e52000 JavaThread "Service Thread" daemon [_thread_blocked, id=6688, stack(0x0000000058530000,0x0000000058630000)]
  0x0000000056eca000 JavaThread "C1 CompilerThread1" daemon [_thread_blocked, id=6648, stack(0x00000000583c0000,0x00000000584c0000)]
  0x0000000056e79000 JavaThread "C2 CompilerThread0" daemon [_thread_blocked, id=7164, stack(0x0000000057d40000,0x0000000057e40000)]
  0x0000000056e82800 JavaThread "Attach Listener" daemon [_thread_blocked, id=4060, stack(0x0000000057b20000,0x0000000057c20000)]
  0x0000000056e62000 JavaThread "Signal Dispatcher" daemon [_thread_blocked, id=6404, stack(0x0000000057c20000,0x0000000057d20000)]
  0x0000000056e0d800 JavaThread "Finalizer" daemon [_thread_blocked, id=6760, stack(0x00000000579c0000,0x0000000057ac0000)]
  0x0000000056e04800 JavaThread "Reference Handler" daemon [_thread_blocked, id=6340, stack(0x0000000057890000,0x0000000057990000)]
  0x00000000023ee800 JavaThread "main" [_thread_blocked, id=4372, stack(0x0000000002570000,0x0000000002670000)]

Other Threads:
  0x0000000056dfe800 VMThread [stack: 0x0000000057790000,0x0000000057890000] [id=5688]
  0x0000000057e90800 WatcherThread [stack: 0x00000000586b0000,0x00000000587b0000] [id=6964]

VM state:not at safepoint (normal execution)

VM Mutex/Monitor currently owned by a thread: None

Heap:
 PSYoungGen      total 258048K, used 139482K [0x00000000d6b80000, 0x00000000eaa00000, 0x0000000100000000)
  eden space 243712K, 57% used [0x00000000d6b80000,0x00000000df3b69f8,0x00000000e5980000)
  from space 14336K, 0% used [0x00000000e5980000,0x00000000e5980000,0x00000000e6780000)
  to   space 13824K, 0% used [0x00000000e9c80000,0x00000000e9c80000,0x00000000eaa00000)
 ParOldGen       total 76288K, used 22561K [0x0000000084200000, 0x0000000088c80000, 0x00000000d6b80000)
  object space 76288K, 29% used [0x0000000084200000,0x0000000085808670,0x0000000088c80000)
 Metaspace       used 45521K, capacity 46180K, committed 46424K, reserved 1089536K
  class space    used 5241K, capacity 5426K, committed 5504K, reserved 1048576K

Card table byte_map: [0x0000000011a30000,0x0000000011e10000] byte_map_base: 0x000000001160f000

Marking Bits: (ParMarkBitMap*) 0x0000000061a4a5b0
 Begin Bits: [0x0000000012300000, 0x00000000141f8000)
 End Bits:   [0x00000000141f8000, 0x00000000160f0000)

Polling page: 0x0000000000120000

CodeCache: size=245760Kb used=16539Kb max_used=16543Kb free=229220Kb
 bounds [0x0000000002670000, 0x00000000036b0000, 0x0000000011670000]
 total_blobs=5629 nmethods=5058 adapters=485
 compilation: enabled

Compilation events (10 events):
Event: 72.336 Thread 0x0000000056eca000 5799       3       java.text.SimpleDateFormat::encode (95 bytes)
Event: 72.337 Thread 0x0000000056eca000 nmethod 5799 0x00000000036a28d0 code [0x00000000036a2b60, 0x00000000036a3f98]
Event: 72.337 Thread 0x0000000056eca000 5800       3       org.apache.tomcat.util.buf.ByteChunk::setBytes (26 bytes)
Event: 72.337 Thread 0x0000000056eca000 nmethod 5800 0x000000000369d610 code [0x000000000369d760, 0x000000000369d8d0]
Event: 72.337 Thread 0x0000000056eca000 5801       1       org.apache.tomcat.util.buf.MessageBytes::getType (5 bytes)
Event: 72.337 Thread 0x0000000056eca000 nmethod 5801 0x000000000369d350 code [0x000000000369d4a0, 0x000000000369d5b0]
Event: 74.250 Thread 0x0000000056eca000 5803       3       org.apache.tomcat.util.buf.ByteChunk::equalsIgnoreCase (76 bytes)
Event: 74.251 Thread 0x0000000056eca000 nmethod 5803 0x00000000036a1ad0 code [0x00000000036a1ca0, 0x00000000036a2408]
Event: 74.251 Thread 0x0000000056eca000 5802       3       org.apache.tomcat.util.buf.MessageBytes::setBytes (41 bytes)
Event: 74.251 Thread 0x0000000056eca000 nmethod 5802 0x00000000036a1610 code [0x00000000036a1780, 0x00000000036a19f0]

GC Heap History (10 events):
Event: 8.273 GC heap before
{Heap before GC invocations=7 (full 0):
 PSYoungGen      total 134656K, used 14841K [0x00000000d6b80000, 0x00000000dfe80000, 0x0000000100000000)
  eden space 124928K, 4% used [0x00000000d6b80000,0x00000000d70847a0,0x00000000de580000)
  from space 9728K, 99% used [0x00000000df100000,0x00000000dfa79df8,0x00000000dfa80000)
  to   space 11776K, 0% used [0x00000000de580000,0x00000000de580000,0x00000000df100000)
 ParOldGen       total 84992K, used 11506K [0x0000000084200000, 0x0000000089500000, 0x00000000d6b80000)
  object space 84992K, 13% used [0x0000000084200000,0x0000000084d3c858,0x0000000089500000)
 Metaspace       used 20618K, capacity 21104K, committed 21248K, reserved 1069056K
  class space    used 2382K, capacity 2505K, committed 2560K, reserved 1048576K
Event: 8.337 GC heap after
Heap after GC invocations=7 (full 0):
 PSYoungGen      total 136704K, used 6948K [0x00000000d6b80000, 0x00000000e7580000, 0x0000000100000000)
  eden space 124928K, 0% used [0x00000000d6b80000,0x00000000d6b80000,0x00000000de580000)
  from space 11776K, 59% used [0x00000000de580000,0x00000000dec49038,0x00000000df100000)
  to   space 11264K, 0% used [0x00000000e6a80000,0x00000000e6a80000,0x00000000e7580000)
 ParOldGen       total 84992K, used 13266K [0x0000000084200000, 0x0000000089500000, 0x00000000d6b80000)
  object space 84992K, 15% used [0x0000000084200000,0x0000000084ef48a8,0x0000000089500000)
 Metaspace       used 20618K, capacity 21104K, committed 21248K, reserved 1069056K
  class space    used 2382K, capacity 2505K, committed 2560K, reserved 1048576K
}
Event: 8.337 GC heap before
{Heap before GC invocations=8 (full 1):
 PSYoungGen      total 136704K, used 6948K [0x00000000d6b80000, 0x00000000e7580000, 0x0000000100000000)
  eden space 124928K, 0% used [0x00000000d6b80000,0x00000000d6b80000,0x00000000de580000)
  from space 11776K, 59% used [0x00000000de580000,0x00000000dec49038,0x00000000df100000)
  to   space 11264K, 0% used [0x00000000e6a80000,0x00000000e6a80000,0x00000000e7580000)
 ParOldGen       total 84992K, used 13266K [0x0000000084200000, 0x0000000089500000, 0x00000000d6b80000)
  object space 84992K, 15% used [0x0000000084200000,0x0000000084ef48a8,0x0000000089500000)
 Metaspace       used 20618K, capacity 21104K, committed 21248K, reserved 1069056K
  class space    used 2382K, capacity 2505K, committed 2560K, reserved 1048576K
Event: 8.677 GC heap after
Heap after GC invocations=8 (full 1):
 PSYoungGen      total 136704K, used 0K [0x00000000d6b80000, 0x00000000e7580000, 0x0000000100000000)
  eden space 124928K, 0% used [0x00000000d6b80000,0x00000000d6b80000,0x00000000de580000)
  from space 11776K, 0% used [0x00000000de580000,0x00000000de580000,0x00000000df100000)
  to   space 11264K, 0% used [0x00000000e6a80000,0x00000000e6a80000,0x00000000e7580000)
 ParOldGen       total 57344K, used 14465K [0x0000000084200000, 0x0000000087a00000, 0x00000000d6b80000)
  object space 57344K, 25% used [0x0000000084200000,0x00000000850204d0,0x0000000087a00000)
 Metaspace       used 20618K, capacity 21104K, committed 21248K, reserved 1069056K
  class space    used 2382K, capacity 2505K, committed 2560K, reserved 1048576K
}
Event: 32.393 GC heap before
{Heap before GC invocations=9 (full 1):
 PSYoungGen      total 136704K, used 124928K [0x00000000d6b80000, 0x00000000e7580000, 0x0000000100000000)
  eden space 124928K, 100% used [0x00000000d6b80000,0x00000000de580000,0x00000000de580000)
  from space 11776K, 0% used [0x00000000de580000,0x00000000de580000,0x00000000df100000)
  to   space 11264K, 0% used [0x00000000e6a80000,0x00000000e6a80000,0x00000000e7580000)
 ParOldGen       total 57344K, used 14465K [0x0000000084200000, 0x0000000087a00000, 0x00000000d6b80000)
  object space 57344K, 25% used [0x0000000084200000,0x00000000850204d0,0x0000000087a00000)
 Metaspace       used 33533K, capacity 34042K, committed 34304K, reserved 1079296K
  class space    used 3960K, capacity 4080K, committed 4096K, reserved 1048576K
Event: 32.424 GC heap after
Heap after GC invocations=9 (full 1):
 PSYoungGen      total 224768K, used 11249K [0x00000000d6b80000, 0x00000000e7580000, 0x0000000100000000)
  eden space 213504K, 0% used [0x00000000d6b80000,0x00000000d6b80000,0x00000000e3c00000)
  from space 11264K, 99% used [0x00000000e6a80000,0x00000000e757c678,0x00000000e7580000)
  to   space 14336K, 0% used [0x00000000e5980000,0x00000000e5980000,0x00000000e6780000)
 ParOldGen       total 57344K, used 18573K [0x0000000084200000, 0x0000000087a00000, 0x00000000d6b80000)
  object space 57344K, 32% used [0x0000000084200000,0x0000000085423660,0x0000000087a00000)
 Metaspace       used 33533K, capacity 34042K, committed 34304K, reserved 1079296K
  class space    used 3960K, capacity 4080K, committed 4096K, reserved 1048576K
}
Event: 33.290 GC heap before
{Heap before GC invocations=10 (full 1):
 PSYoungGen      total 224768K, used 85887K [0x00000000d6b80000, 0x00000000e7580000, 0x0000000100000000)
  eden space 213504K, 34% used [0x00000000d6b80000,0x00000000db4636a8,0x00000000e3c00000)
  from space 11264K, 99% used [0x00000000e6a80000,0x00000000e757c678,0x00000000e7580000)
  to   space 14336K, 0% used [0x00000000e5980000,0x00000000e5980000,0x00000000e6780000)
 ParOldGen       total 57344K, used 18573K [0x0000000084200000, 0x0000000087a00000, 0x00000000d6b80000)
  object space 57344K, 32% used [0x0000000084200000,0x0000000085423660,0x0000000087a00000)
 Metaspace       used 34696K, capacity 35200K, committed 35416K, reserved 1081344K
  class space    used 4091K, capacity 4209K, committed 4224K, reserved 1048576K
Event: 33.311 GC heap after
Heap after GC invocations=10 (full 1):
 PSYoungGen      total 258048K, used 9252K [0x00000000d6b80000, 0x00000000eaa00000, 0x0000000100000000)
  eden space 243712K, 0% used [0x00000000d6b80000,0x00000000d6b80000,0x00000000e5980000)
  from space 14336K, 64% used [0x00000000e5980000,0x00000000e6289118,0x00000000e6780000)
  to   space 13824K, 0% used [0x00000000e9c80000,0x00000000e9c80000,0x00000000eaa00000)
 ParOldGen       total 57344K, used 18581K [0x0000000084200000, 0x0000000087a00000, 0x00000000d6b80000)
  object space 57344K, 32% used [0x0000000084200000,0x0000000085425660,0x0000000087a00000)
 Metaspace       used 34696K, capacity 35200K, committed 35416K, reserved 1081344K
  class space    used 4091K, capacity 4209K, committed 4224K, reserved 1048576K
}
Event: 33.311 GC heap before
{Heap before GC invocations=11 (full 2):
 PSYoungGen      total 258048K, used 9252K [0x00000000d6b80000, 0x00000000eaa00000, 0x0000000100000000)
  eden space 243712K, 0% used [0x00000000d6b80000,0x00000000d6b80000,0x00000000e5980000)
  from space 14336K, 64% used [0x00000000e5980000,0x00000000e6289118,0x00000000e6780000)
  to   space 13824K, 0% used [0x00000000e9c80000,0x00000000e9c80000,0x00000000eaa00000)
 ParOldGen       total 57344K, used 18581K [0x0000000084200000, 0x0000000087a00000, 0x00000000d6b80000)
  object space 57344K, 32% used [0x0000000084200000,0x0000000085425660,0x0000000087a00000)
 Metaspace       used 34696K, capacity 35200K, committed 35416K, reserved 1081344K
  class space    used 4091K, capacity 4209K, committed 4224K, reserved 1048576K
Event: 33.514 GC heap after
Heap after GC invocations=11 (full 2):
 PSYoungGen      total 258048K, used 0K [0x00000000d6b80000, 0x00000000eaa00000, 0x0000000100000000)
  eden space 243712K, 0% used [0x00000000d6b80000,0x00000000d6b80000,0x00000000e5980000)
  from space 14336K, 0% used [0x00000000e5980000,0x00000000e5980000,0x00000000e6780000)
  to   space 13824K, 0% used [0x00000000e9c80000,0x00000000e9c80000,0x00000000eaa00000)
 ParOldGen       total 76288K, used 22561K [0x0000000084200000, 0x0000000088c80000, 0x00000000d6b80000)
  object space 76288K, 29% used [0x0000000084200000,0x0000000085808670,0x0000000088c80000)
 Metaspace       used 34696K, capacity 35200K, committed 35416K, reserved 1081344K
  class space    used 4091K, capacity 4209K, committed 4224K, reserved 1048576K
}

Deoptimization events (10 events):
Event: 35.273 Thread 0x0000000058f9e000 Uncommon trap: reason=unstable_if action=reinterpret pc=0x0000000003227f28 method=java.util.HashMap.putMapEntries(Ljava/util/Map;Z)V @ 53
Event: 35.594 Thread 0x0000000058f9e000 Uncommon trap: reason=unstable_if action=reinterpret pc=0x000000000331dca8 method=java.util.ArrayList.indexOf(Ljava/lang/Object;)I @ 54
Event: 36.512 Thread 0x0000000058f9e000 Uncommon trap: reason=unstable_if action=reinterpret pc=0x0000000002cd7c74 method=java.util.Hashtable$Enumerator.nextElement()Ljava/lang/Object; @ 87
Event: 57.653 Thread 0x0000000058f9c800 Uncommon trap: reason=class_check action=maybe_recompile pc=0x0000000002ca3d80 method=java.util.AbstractList$Itr.hasNext()Z @ 8
Event: 57.653 Thread 0x0000000058f9c800 Uncommon trap: reason=class_check action=maybe_recompile pc=0x0000000002cb7d34 method=java.util.AbstractList$Itr.next()Ljava/lang/Object; @ 14
Event: 57.671 Thread 0x0000000058f9c800 Uncommon trap: reason=class_check action=maybe_recompile pc=0x0000000002836fcc method=java.lang.String.equals(Ljava/lang/Object;)Z @ 8
Event: 57.795 Thread 0x0000000058f9c800 Uncommon trap: reason=unstable_if action=reinterpret pc=0x0000000003169518 method=java.util.Properties$LineReader.readLine()I @ 37
Event: 57.809 Thread 0x0000000058f9c800 Uncommon trap: reason=unstable_if action=reinterpret pc=0x0000000002f4c4cc method=java.io.WinNTFileSystem.isLetter(C)Z @ 15
Event: 62.944 Thread 0x0000000058f9c800 Uncommon trap: reason=unstable_if action=reinterpret pc=0x000000000351fc4c method=java.util.regex.Matcher.search(I)Z @ 30
Event: 63.024 Thread 0x0000000058f9c800 Uncommon trap: reason=predicate action=maybe_recompile pc=0x0000000003321a90 method=sun.net.www.ParseUtil.encodePath(Ljava/lang/String;Z)Ljava/lang/String; @ 36

Internal exceptions (10 events):
Event: 36.596 Thread 0x0000000058f9e000 Exception <a 'java/lang/ClassNotFoundException': javax/servlet/jsp/JspContextBeanInfo> (0x00000000dd11f3d0) thrown at [C:\re\workspace\8-2-build-windows-amd64-cygwin\jdk8u66\4988\hotspot\src\share\vm\classfile\systemDictionary.cpp, line 210]
Event: 36.597 Thread 0x0000000058f9e000 Exception <a 'java/lang/ClassNotFoundException': javax/servlet/jsp/JspContextCustomizer> (0x00000000dd13c490) thrown at [C:\re\workspace\8-2-build-windows-amd64-cygwin\jdk8u66\4988\hotspot\src\share\vm\classfile\systemDictionary.cpp, line 210]
Event: 36.600 Thread 0x0000000058f9e000 Exception <a 'java/lang/ClassNotFoundException': javax/servlet/jsp/PageContextCustomizer> (0x00000000dd1660d0) thrown at [C:\re\workspace\8-2-build-windows-amd64-cygwin\jdk8u66\4988\hotspot\src\share\vm\classfile\systemDictionary.cpp, line 210]
Event: 36.604 Thread 0x0000000058f9e000 Exception <a 'java/lang/ClassNotFoundException': org/apache/jasper/runtime/PageContextImplCustomizer> (0x00000000dd199b28) thrown at [C:\re\workspace\8-2-build-windows-amd64-cygwin\jdk8u66\4988\hotspot\src\share\vm\classfile\systemDictionary.cpp, line 210]°9îôúMB@
Event: 36.609 Thread 0x0000000058f9e000 Exception <a 'java/lang/ClassNotFoundException': org/apache/catalina/core/ApplicationHttpRequestBeanInfo> (0x00000000dd1f4d10) thrown at [C:\re\workspace\8-2-build-windows-amd64-cygwin\jdk8u66\4988\hotspot\src\share\vm\classfile\systemDictionary.cpp, line ¶!D5NB@
Event: 36.611 Thread 0x0000000058f9e000 Exception <a 'java/lang/ClassNotFoundException': javax/servlet/http/HttpServletRequestWrapperBeanInfo> (0x00000000dd215588) thrown at [C:\re\workspace\8-2-build-windows-amd64-cygwin\jdk8u66\4988\hotspot\src\share\vm\classfile\systemDictionary.cpp, line 210Ô¨ÃiNB@
Event: 36.613 Thread 0x0000000058f9e000 Exception <a 'java/lang/ClassNotFoundException': javax/servlet/ServletRequestWrapperBeanInfo> (0x00000000dd233fd8) thrown at [C:\re\workspace\8-2-build-windows-amd64-cygwin\jdk8u66\4988\hotspot\src\share\vm\classfile\systemDictionary.cpp, line 210]
Event: 36.618 Thread 0x0000000058f9e000 Exception <a 'java/lang/ClassNotFoundException': javax/servlet/ServletRequestWrapperCustomizer> (0x00000000dd252f20) thrown at [C:\re\workspace\8-2-build-windows-amd64-cygwin\jdk8u66\4988\hotspot\src\share\vm\classfile\systemDictionary.cpp, line 210]
Event: 36.620 Thread 0x0000000058f9e000 Exception <a 'java/lang/ClassNotFoundException': javax/servlet/http/HttpServletRequestWrapperCustomizer> (0x00000000dd28ee88) thrown at [C:\re\workspace\8-2-build-windows-amd64-cygwin\jdk8u66\4988\hotspot\src\share\vm\classfile\systemDictionary.cpp, line 2Huì¿OB@
Event: 36.623 Thread 0x0000000058f9e000 Exception <a 'java/lang/ClassNotFoundException': org/apache/catalina/core/ApplicationHttpRequestCustomizer> (0x00000000dd2cb288) thrown at [C:\re\workspace\8-2-build-windows-amd64-cygwin\jdk8u66\4988\hotspot\src\share\vm\classfile\systemDictionary.cpp, linnÙ>LB@

Events (10 events):
Event: 63.029 loading class com/fasterxml/jackson/databind/ser/impl/PropertySerializerMap$Double
Event: 63.029 loading class com/fasterxml/jackson/databind/ser/impl/PropertySerializerMap$Double done
Event: 72.336 Executing VM operation: RevokeBias
Event: 72.336 Executing VM operation: RevokeBias done
Event: 74.249 Executing VM operation: RevokeBias
Event: 74.249 Executing VM operation: RevokeBias done
Event: 74.250 Executing VM operation: RevokeBias
Event: 74.250 Executing VM operation: RevokeBias done
Event: 74.251 Executing VM operation: RevokeBias
Event: 74.254 Executing VM operation: RevokeBias done


Dynamic libraries:
0x000000013f630000 - 0x000000013f667000 	C:\Users\yexiaoqing\AppData\Local\MyEclipse 2016 CI\binary\com.sun.java.jdk8.win32.x86_64_1.8.0.u66\bin\javaw.exe
0x00000000778d0000 - 0x0000000077a7a000 	C:\Windows\SYSTEM32\ntdll.dll
0x0000000077570000 - 0x000000007768f000 	C:\Windows\system32\kernel32.dll
0x000007fefd770000 - 0x000007fefd7da000 	C:\Windows\system32\KERNELBASE.dll
0x000007fefedb0000 - 0x000007fefee8b000 	C:\Windows\system32\ADVAPI32.dll
0x000007fefd890000 - 0x000007fefd92f000 	C:\Windows\system32\msvcrt.dll
0x000007feff9f0000 - 0x000007feffa0f000 	C:\Windows\SYSTEM32\sechost.dll
0x000007fefd930000 - 0x000007fefda5d000 	C:\Windows\system32\RPCRT4.dll
0x0000000077690000 - 0x000000007778a000 	C:\Windows\system32\USER32.dll
0x000007fefee90000 - 0x000007fefeef7000 	C:\Windows\system32\GDI32.dll
0x000007feff2a0000 - 0x000007feff2ae000 	C:\Windows\system32\LPK.dll
0x000007feffa10000 - 0x000007feffada000 	C:\Windows\system32\USP10.dll
0x000007fefb820000 - 0x000007fefba14000 	C:\Windows\WinSxS\amd64_microsoft.windows.common-controls_6595b64144ccf1df_6.0.7601.18837_none_fa3b1e3d17594757\COMCTL32.dll
0x000007feff460000 - 0x000007feff4d1000 	C:\Windows\system32\SHLWAPI.dll
0x000007fefd860000 - 0x000007fefd88e000 	C:\Windows\system32\IMM32.DLL
0x000007fefeac0000 - 0x000007fefebc9000 	C:\Windows\system32\MSCTF.dll
0x0000000061ad0000 - 0x0000000061ba2000 	C:\Users\yexiaoqing\AppData\Local\MyEclipse 2016 CI\binary\com.sun.java.jdk8.win32.x86_64_1.8.0.u66\jre\bin\msvcr100.dll
0x0000000061240000 - 0x0000000061ac9000 	C:\Users\yexiaoqing\AppData\Local\MyEclipse 2016 CI\binary\com.sun.java.jdk8.win32.x86_64_1.8.0.u66\jre\bin\server\jvm.dll
0x000007fef7e60000 - 0x000007fef7e69000 	C:\Windows\system32\WSOCK32.dll
0x000007feff910000 - 0x000007feff95d000 	C:\Windows\system32\WS2_32.dll
0x000007fefef60000 - 0x000007fefef68000 	C:\Windows\system32\NSI.dll
0x000007fefd710000 - 0x000007fefd74b000 	C:\Windows\system32\WINMM.dll
0x000007fefc420000 - 0x000007fefc42c000 	C:\Windows\system32\VERSION.dll
0x0000000077a90000 - 0x0000000077a97000 	C:\Windows\system32\PSAPI.DLL
0x000000006b870000 - 0x000000006b87f000 	C:\Users\yexiaoqing\AppData\Local\MyEclipse 2016 CI\binary\com.sun.java.jdk8.win32.x86_64_1.8.0.u66\jre\bin\verify.dll
0x0000000063020000 - 0x0000000063049000 	C:\Users\yexiaoqing\AppData\Local\MyEclipse 2016 CI\binary\com.sun.java.jdk8.win32.x86_64_1.8.0.u66\jre\bin\java.dll
0x0000000063000000 - 0x0000000063016000 	C:\Users\yexiaoqing\AppData\Local\MyEclipse 2016 CI\binary\com.sun.java.jdk8.win32.x86_64_1.8.0.u66\jre\bin\zip.dll
0x000007fefdd30000 - 0x000007fefeab9000 	C:\Windows\system32\SHELL32.dll
0x000007feff580000 - 0x000007feff783000 	C:\Windows\system32\ole32.dll
0x000007fefd380000 - 0x000007fefd38f000 	C:\Windows\system32\profapi.dll
0x000007fefd1c0000 - 0x000007fefd217000 	C:\Windows\system32\apphelp.dll
0x000000006ae70000 - 0x000000006ae8a000 	C:\Users\yexiaoqing\AppData\Local\MyEclipse 2016 CI\binary\com.sun.java.jdk8.win32.x86_64_1.8.0.u66\jre\bin\net.dll
0x000007fefcb30000 - 0x000007fefcb85000 	C:\Windows\system32\mswsock.dll
0x000007fefcb20000 - 0x000007fefcb27000 	C:\Windows\System32\wship6.dll
0x0000000062fe0000 - 0x0000000062ff1000 	C:\Users\yexiaoqing\AppData\Local\MyEclipse 2016 CI\binary\com.sun.java.jdk8.win32.x86_64_1.8.0.u66\jre\bin\nio.dll
0x000000006ba50000 - 0x000000006ba5d000 	C:\Users\yexiaoqing\AppData\Local\MyEclipse 2016 CI\binary\com.sun.java.jdk8.win32.x86_64_1.8.0.u66\jre\bin\management.dll
0x000007fefba60000 - 0x000007fefba75000 	C:\Windows\system32\NLAapi.dll
0x000007fef8490000 - 0x000007fef84a5000 	C:\Windows\system32\napinsp.dll
0x000007fef8470000 - 0x000007fef8489000 	C:\Windows\system32\pnrpnsp.dll
0x000007fefc9b0000 - 0x000007fefca0b000 	C:\Windows\system32\DNSAPI.dll
0x000007fef8460000 - 0x000007fef846b000 	C:\Windows\System32\winrnr.dll
0x000007fef8450000 - 0x000007fef8460000 	C:\Windows\system32\wshbth.dll
0x000007fefc4f0000 - 0x000007fefc4f7000 	C:\Windows\System32\wshtcpip.dll
0x000007fefa9b0000 - 0x000007fefa9d7000 	C:\Windows\system32\IPHLPAPI.DLL
0x000007fefa9a0000 - 0x000007fefa9ab000 	C:\Windows\system32\WINNSI.DLL
0x000007fef9a30000 - 0x000007fef9a38000 	C:\Windows\system32\rasadhlp.dll
0x000007fefa550000 - 0x000007fefa5a3000 	C:\Windows\System32\fwpuclnt.dll
0x000007fefcb90000 - 0x000007fefcba7000 	C:\Windows\system32\CRYPTSP.dll
0x000007fefc890000 - 0x000007fefc8d7000 	C:\Windows\system32\rsaenh.dll
0x000007fefd620000 - 0x000007fefd63e000 	C:\Windows\system32\USERENV.dll
0x000007fefd220000 - 0x000007fefd22f000 	C:\Windows\system32\CRYPTBASE.dll
0x000007fefa450000 - 0x000007fefa468000 	C:\Windows\system32\dhcpcsvc.DLL
0x000007fefa430000 - 0x000007fefa441000 	C:\Windows\system32\dhcpcsvc6.DLL
0x000000006ebf0000 - 0x000000006ecc1000 	C:\Users\yexiaoqing\AppData\Local\Temp\javacpp6822702705760\msvcr100.dll
0x000000005d250000 - 0x000000005d2e8000 	C:\Users\yexiaoqing\AppData\Local\Temp\javacpp6822702705760\msvcp100.dll
0x000007fee6d80000 - 0x000007fee7000000 	C:\Users\yexiaoqing\AppData\Local\Temp\javacpp6822702705760\opencv_core2411.dll
0x000007fee6b80000 - 0x000007fee6d72000 	C:\Users\yexiaoqing\AppData\Local\Temp\javacpp6822702705760\jniopencv_core.dll
0x000007fee68b0000 - 0x000007fee6b71000 	C:\Users\yexiaoqing\AppData\Local\Temp\javacpp6822702705760\opencv_imgproc2411.dll
0x000007feed6c0000 - 0x000007feed768000 	C:\Users\yexiaoqing\AppData\Local\Temp\javacpp6822702705760\jniopencv_imgproc.dll
0x0000000066840000 - 0x00000000676b4000 	C:\Users\yexiaoqing\AppData\Local\Temp\javacpp6822702705760\opencv_ffmpeg2411_64.dll
0x000007fee6660000 - 0x000007fee68ae000 	C:\Users\yexiaoqing\AppData\Local\Temp\javacpp6822702705760\opencv_highgui2411.dll
0x000007feff830000 - 0x000007feff90a000 	C:\Windows\system32\OLEAUT32.dll
0x000007fef8700000 - 0x000007fef871f000 	C:\Windows\system32\AVIFIL32.dll
0x000007fefada0000 - 0x000007fefadb8000 	C:\Windows\system32\MSACM32.dll
0x000007fef76a0000 - 0x000007fef76c9000 	C:\Windows\system32\MSVFW32.dll
0x000007fef86e0000 - 0x000007fef86f7000 	C:\Windows\system32\AVICAP32.dll
0x000007feee950000 - 0x000007feee9a1000 	C:\Users\yexiaoqing\AppData\Local\Temp\javacpp6822702705760\jniopencv_highgui.dll
0x000007fee7a30000 - 0x000007fee7ac6000 	C:\Users\yexiaoqing\AppData\Local\Temp\javacpp6822702705760\opencv_ml2411.dll
0x000007fee7990000 - 0x000007fee7a2e000 	C:\Users\yexiaoqing\AppData\Local\Temp\javacpp6822702705760\jniopencv_ml.dll
0x000007fef3bd0000 - 0x000007fef3cf5000 	C:\Windows\system32\dbghelp.dll

VM Arguments:
jvm_args: -Dmaven.home=C:\Users\yexiaoqing\Desktop\ssh\day46_maven\×ÊÁÏ\maven -Dclassworlds.conf=C:\Users\yexiaoqing\Workspaces\MyEclipse 2016 CI\.metadata\.plugins\org.eclipse.m2e.launching\launches\m2conf7173509976228055575.tmp -Dfile.encoding=GBK 
java_command: org.codehaus.plexus.classworlds.launcher.Launcher -B -s C:\Users\yexiaoqing\Desktop\ssh\day46_maven\×ÊÁÏ\maven\conf\settings.xml tomcat:run
java_class_path (initial): C:\Users\yexiaoqing\Desktop\ssh\day46_maven\×ÊÁÏ\maven\boot\plexus-classworlds-2.4.jar
Launcher Type: SUN_STANDARD

Environment Variables:
JAVA_HOME=C:\Program Files\Java\jdk1.8.0_144
CLASSPATH=C:\Program Files\Java\jdk1.8.0_144\lib;C:\Program Files\Java\jdk1.8.0_144\lib\tools.jar
PATH=C:\ProgramData\Oracle\Java\javapath;C:\Windows\system32;;C:\Windows;C:\Windows\system32\wbem;C:\Program Files (x86)\Windows Kits\8.1\Windows Performance Toolkit\;C:\Program Files\Microsoft SQL Server\110\Tools\Binn\;C:\Program Files (x86)\MySQL\MySQL Server 5.0\bin;C:\Program Files\SlikSvn\bin;C:\Program Files\TortoiseSVN\bin;C:\Users\yexiaoqing\Desktop\ssh\day46_maven\×ÊÁÏ\maven\bin;C:\Program Files\nodejs\;C:\Program Files (x86)\Yarn\bin;C:\Program Files (x86)\VanDyke Software\Clients\;C:\Program Files\Java\jdk1.8.0_144\bin;C:\Program Files\Java\jdk1.8.0_144\jre\bin;C:\Users\yexiaoqing\AppData\Roaming\npm;C:\Users\yexiaoqing\AppData\Local\Yarn\bin;C:\Program Files (x86)\VanDyke Software\Clients\
USERNAME=yexiaoqing
OS=Windows_NT
PROCESSOR_IDENTIFIER=Intel64 Family 6 Model 23 Stepping 10, GenuineIntel



---------------  S Y S T E M  ---------------

OS: Windows 7 , 64 bit Build 7601 (6.1.7601.23677)

CPU:total 2 (2 cores per cpu, 1 threads per core) family 6 model 23 stepping 10, cmov, cx8, fxsr, mmx, sse, sse2, sse3, ssse3, sse4.1, tsc

Memory: 4k page, physical 8116836k(3941092k free), swap 16231812k(11350680k free)

vm_info: Java HotSpot(TM) 64-Bit Server VM (25.66-b17) for windows-amd64 JRE (1.8.0_66-b17), built on Oct  6 2015 18:55:33 by "java_re" with MS VC++ 10.0 (VS2010)

time: Sun Apr 29 17:36:03 2018
elapsed time: 74 seconds (0d 0h 1m 14s)

