#
# A fatal error has been detected by the Java Runtime Environment:
#
#  EXCEPTION_ACCESS_VIOLATION (0xc0000005) at pc=0x00000000772bf23c, pid=6628, tid=5128
#
# JRE version: Java(TM) SE Runtime Environment (8.0_66-b17) (build 1.8.0_66-b17)
# Java VM: Java HotSpot(TM) 64-Bit Server VM (25.66-b17 mixed mode windows-amd64 compressed oops)
# Problematic frame:
# C  [ntdll.dll+0x4f23c]
#
# Failed to write core dump. Minidumps are not enabled by default on client versions of Windows
#
# If you would like to submit a bug report, please visit:
#   http://bugreport.java.com/bugreport/crash.jsp
# The crash happened outside the Java Virtual Machine in native code.
# See problematic frame for where to report the bug.
#

---------------  T H R E A D  ---------------

Current thread (0x00000000583b4000):  JavaThread "http-8080-2" daemon [_thread_in_native, id=5128, stack(0x000000005c7a0000,0x000000005c8a0000)]

siginfo: ExceptionCode=0xc0000005, reading address 0x00000ff390cbe8f8

Registers:
RAX=0x000000006a3a3c18, RBX=0x00000ff390cbe8f0, RCX=0x000000ffffffffff, RDX=0x0000000000000000
RSP=0x000000005c89b7f0, RBP=0x00000000590fcec0, RSI=0x0000000000000000, RDI=0x0000000000000000
R8 =0x00000000590fceb0, R9 =0x0000000000000000, R10=0x0000000000000000, R11=0x00000000590fced0
R12=0x0000000002480000, R13=0x0000000000000006, R14=0x0000000000000000, R15=0x000000000000000d
RIP=0x00000000772bf23c, EFLAGS=0x0000000000010206

Top of Stack: (sp=0x000000005c89b7f0)
0x000000005c89b7f0:   00000000022e0080 00000000022e01b0
0x000000005c89b800:   0000000058574010 00000000022e0080
0x000000005c89b810:   0000000000000000 0000000000000000
0x000000005c89b820:   0000000000000000 0000000000000000
0x000000005c89b830:   000000000000000d 0000000000000000
0x000000005c89b840:   000000005c89bd40 000000000000001c
0x000000005c89b850:   0000000000000007 000000005c89ba00
0x000000005c89b860:   000000005b7ab450 0000000076f31a0a
0x000000005c89b870:   ffffffffffffffff 0000000000000006
0x000000005c89b880:   0000000000000088 0000000000000000
0x000000005c89b890:   000000005c89ba00 000000006a618d94
0x000000005c89b8a0:   0000000000000002 0000000000000088
0x000000005c89b8b0:   000000000000056b 00000000022e0278
0x000000005c89b8c0:   000000005b7ab450 000007feea990d93
0x000000005c89b8d0:   0000000000000070 0000000000000000
0x000000005c89b8e0:   0000000000000040 000007feea9e7b34 

Instructions: (pc=0x00000000772bf23c)
0x00000000772bf21c:   ff ff 00 00 00 49 33 dc 48 23 c1 48 c1 eb 04 48
0x00000000772bf22c:   33 d8 48 33 1d 93 e1 0d 00 48 c1 e3 04 0f 0d 0b
0x00000000772bf23c:   48 8b 7b 08 49 bd 01 00 00 00 01 00 00 00 49 be
0x00000000772bf24c:   ff 7f 00 00 ff ff ff ff 41 c6 40 0f 80 41 88 70 


Register to memory mapping:

RAX=0x000000006a3a3c18 is an unknown value
RBX=0x00000ff390cbe8f0 is an unknown value
RCX=0x000000ffffffffff is an unknown value
RDX=0x0000000000000000 is an unknown value
RSP=0x000000005c89b7f0 is pointing into the stack for thread: 0x00000000583b4000
RBP=0x00000000590fcec0 is an unknown value
RSI=0x0000000000000000 is an unknown value
RDI=0x0000000000000000 is an unknown value
R8 =0x00000000590fceb0 is an unknown value
R9 =0x0000000000000000 is an unknown value
R10=0x0000000000000000 is an unknown value
R11=0x00000000590fced0 is an unknown value
R12=0x0000000002480000 is an unknown value
R13=0x0000000000000006 is an unknown value
R14=0x0000000000000000 is an unknown value
R15=0x000000000000000d is an unknown value


Stack: [0x000000005c7a0000,0x000000005c8a0000],  sp=0x000000005c89b7f0,  free space=1005k
Native frames: (J=compiled Java code, j=interpreted, Vv=VM code, C=native code)
C  [ntdll.dll+0x4f23c]
C  [kernel32.dll+0x21a0a]
C  [msvcr100.dll+0x68d94]
C  [opencv_core2411.dll+0x10d93]
C  [opencv_imgproc2411.dll+0x135fbf]
C  [opencv_imgproc2411.dll+0x1365fa]
C  [opencv_imgproc2411.dll+0x3f674]
C  [jniopencv_imgproc.dll+0x50a10]
C  0x0000000003752914

Java frames: (J=compiled Java code, j=interpreted, Vv=VM code)
J 5948  org.bytedeco.javacpp.opencv_imgproc.minAreaRect(Lorg/bytedeco/javacpp/opencv_core$Mat;)Lorg/bytedeco/javacpp/opencv_core$RotatedRect; (0 bytes) @ 0x0000000003752892 [0x0000000003752840+0x52]
j  com.yxq.carpark.core.PlateLocate.plateLocate(Lorg/bytedeco/javacpp/opencv_core$Mat;)Ljava/util/Vector;+396
j  com.yxq.carpark.core.PlateDetect.plateDetect(Lorg/bytedeco/javacpp/opencv_core$Mat;Ljava/util/Vector;)I+5
j  com.yxq.carpark.serviceImpl.PlateRecogniseImpl.plateRecognise(Ljava/lang/String;)Ljava/util/List;+42
j  com.yxq.carpark.controller.ImageRPController.upload(Lorg/springframework/web/multipart/MultipartFile;I)Ljava/lang/String;+220
v  ~StubRoutines::call_stub
J 2157  sun.reflect.NativeMethodAccessorImpl.invoke0(Ljava/lang/reflect/Method;Ljava/lang/Object;[Ljava/lang/Object;)Ljava/lang/Object; (0 bytes) @ 0x0000000002ee7a7f [0x0000000002ee7a00+0x7f]
J 2156 C1 sun.reflect.NativeMethodAccessorImpl.invoke(Ljava/lang/Object;[Ljava/lang/Object;)Ljava/lang/Object; (104 bytes) @ 0x0000000002ee71a4 [0x0000000002ee6e20+0x384]
J 4928 C2 java.lang.reflect.Method.invoke(Ljava/lang/Object;[Ljava/lang/Object;)Ljava/lang/Object; (62 bytes) @ 0x00000000034a5958 [0x00000000034a58c0+0x98]
j  org.springframework.web.method.support.InvocableHandlerMethod.doInvoke([Ljava/lang/Object;)Ljava/lang/Object;+16
j  org.springframework.web.method.support.InvocableHandlerMethod.invokeForRequest(Lorg/springframework/web/context/request/NativeWebRequest;Lorg/springframework/web/method/support/ModelAndViewContainer;[Ljava/lang/Object;)Ljava/lang/Object;+96
j  org.springframework.web.servlet.mvc.method.annotation.ServletInvocableHandlerMethod.invokeAndHandle(Lorg/springframework/web/context/request/ServletWebRequest;Lorg/springframework/web/method/support/ModelAndViewContainer;[Ljava/lang/Object;)V+4
j  org.springframework.web.servlet.mvc.method.annotation.RequestMappingHandlerAdapter.invokeHandleMethod(Ljavax/servlet/http/HttpServletRequest;Ljavax/servlet/http/HttpServletResponse;Lorg/springframework/web/method/HandlerMethod;)Lorg/springframework/web/servlet/ModelAndView;+230
j  org.springframework.web.servlet.mvc.method.annotation.RequestMappingHandlerAdapter.handleInternal(Ljavax/servlet/http/HttpServletRequest;Ljavax/servlet/http/HttpServletResponse;Lorg/springframework/web/method/HandlerMethod;)Lorg/springframework/web/servlet/ModelAndView;+89
j  org.springframework.web.servlet.mvc.method.AbstractHandlerMethodAdapter.handle(Ljavax/servlet/http/HttpServletRequest;Ljavax/servlet/http/HttpServletResponse;Ljava/lang/Object;)Lorg/springframework/web/servlet/ModelAndView;+7
j  org.springframework.web.servlet.DispatcherServlet.doDispatch(Ljavax/servlet/http/HttpServletRequest;Ljavax/servlet/http/HttpServletResponse;)V+318
j  org.springframework.web.servlet.DispatcherServlet.doService(Ljavax/servlet/http/HttpServletRequest;Ljavax/servlet/http/HttpServletResponse;)V+301
j  org.springframework.web.servlet.FrameworkServlet.processRequest(Ljavax/servlet/http/HttpServletRequest;Ljavax/servlet/http/HttpServletResponse;)V+71
j  org.springframework.web.servlet.FrameworkServlet.doPost(Ljavax/servlet/http/HttpServletRequest;Ljavax/servlet/http/HttpServletResponse;)V+3
j  javax.servlet.http.HttpServlet.service(Ljavax/servlet/http/HttpServletRequest;Ljavax/servlet/http/HttpServletResponse;)V+139
j  org.springframework.web.servlet.FrameworkServlet.service(Ljavax/servlet/http/HttpServletRequest;Ljavax/servlet/http/HttpServletResponse;)V+32
j  javax.servlet.http.HttpServlet.service(Ljavax/servlet/ServletRequest;Ljavax/servlet/ServletResponse;)V+30
j  org.apache.catalina.core.ApplicationFilterChain.internalDoFilter(Ljavax/servlet/ServletRequest;Ljavax/servlet/ServletResponse;)V+376
j  org.apache.catalina.core.ApplicationFilterChain.doFilter(Ljavax/servlet/ServletRequest;Ljavax/servlet/ServletResponse;)V+101
j  org.springframework.web.filter.HttpPutFormContentFilter.doFilterInternal(Ljavax/servlet/http/HttpServletRequest;Ljavax/servlet/http/HttpServletResponse;Ljavax/servlet/FilterChain;)V+87
j  org.springframework.web.filter.OncePerRequestFilter.doFilter(Ljavax/servlet/ServletRequest;Ljavax/servlet/ServletResponse;Ljavax/servlet/FilterChain;)V+111
j  org.apache.catalina.core.ApplicationFilterChain.internalDoFilter(Ljavax/servlet/ServletRequest;Ljavax/servlet/ServletResponse;)V+119
j  org.apache.catalina.core.ApplicationFilterChain.doFilter(Ljavax/servlet/ServletRequest;Ljavax/servlet/ServletResponse;)V+101
j  org.springframework.web.filter.HiddenHttpMethodFilter.doFilterInternal(Ljavax/servlet/http/HttpServletRequest;Ljavax/servlet/http/HttpServletResponse;Ljavax/servlet/FilterChain;)V+71
j  org.springframework.web.filter.OncePerRequestFilter.doFilter(Ljavax/servlet/ServletRequest;Ljavax/servlet/ServletResponse;Ljavax/servlet/FilterChain;)V+111
j  org.apache.catalina.core.ApplicationFilterChain.internalDoFilter(Ljavax/servlet/ServletRequest;Ljavax/servlet/ServletResponse;)V+119
j  org.apache.catalina.core.ApplicationFilterChain.doFilter(Ljavax/servlet/ServletRequest;Ljavax/servlet/ServletResponse;)V+101
j  org.springframework.web.filter.CharacterEncodingFilter.doFilterInternal(Ljavax/servlet/http/HttpServletRequest;Ljavax/servlet/http/HttpServletResponse;Ljavax/servlet/FilterChain;)V+53
j  org.springframework.web.filter.OncePerRequestFilter.doFilter(Ljavax/servlet/ServletRequest;Ljavax/servlet/ServletResponse;Ljavax/servlet/FilterChain;)V+111
j  org.apache.catalina.core.ApplicationFilterChain.internalDoFilter(Ljavax/servlet/ServletRequest;Ljavax/servlet/ServletResponse;)V+119
j  org.apache.catalina.core.ApplicationFilterChain.doFilter(Ljavax/servlet/ServletRequest;Ljavax/servlet/ServletResponse;)V+101
j  org.apache.catalina.core.StandardWrapperValve.invoke(Lorg/apache/catalina/connector/Request;Lorg/apache/catalina/connector/Response;)V+804
j  org.apache.catalina.core.StandardContextValve.invoke(Lorg/apache/catalina/connector/Request;Lorg/apache/catalina/connector/Response;)V+365
j  org.apache.catalina.core.StandardHostValve.invoke(Lorg/apache/catalina/connector/Request;Lorg/apache/catalina/connector/Response;)V+64
j  org.apache.catalina.valves.ErrorReportValve.invoke(Lorg/apache/catalina/connector/Request;Lorg/apache/catalina/connector/Response;)V+6
j  org.apache.catalina.core.StandardEngineValve.invoke(Lorg/apache/catalina/connector/Request;Lorg/apache/catalina/connector/Response;)V+42
j  org.apache.catalina.connector.CoyoteAdapter.service(Lorg/apache/coyote/Request;Lorg/apache/coyote/Response;)V+158
j  org.apache.coyote.http11.Http11Processor.process(Ljava/net/Socket;)V+468
j  org.apache.coyote.http11.Http11Protocol$Http11ConnectionHandler.process(Ljava/net/Socket;)Z+82
j  org.apache.tomcat.util.net.JIoEndpoint$Worker.run()V+41
j  java.lang.Thread.run()V+11
v  ~StubRoutines::call_stub

---------------  P R O C E S S  ---------------

Java Threads: ( => current thread )
  0x000000005b78d000 JavaThread "Abandoned connection cleanup thread" daemon [_thread_blocked, id=7636, stack(0x000000005e680000,0x000000005e780000)]
  0x000000005d2fe000 JavaThread "com.mchange.v2.async.ThreadPoolAsynchronousRunner$PoolThread-#2" daemon [_thread_blocked, id=7868, stack(0x000000005efa0000,0x000000005f0a0000)]
  0x000000005ad86000 JavaThread "com.mchange.v2.async.ThreadPoolAsynchronousRunner$PoolThread-#1" daemon [_thread_blocked, id=3768, stack(0x000000005ee00000,0x000000005ef00000)]
  0x000000005ad85800 JavaThread "com.mchange.v2.async.ThreadPoolAsynchronousRunner$PoolThread-#0" daemon [_thread_blocked, id=5548, stack(0x000000005ec30000,0x000000005ed30000)]
  0x000000005ad84800 JavaThread "Timer-0" daemon [_thread_blocked, id=7532, stack(0x000000005cea0000,0x000000005cfa0000)]
  0x000000005991b800 JavaThread "commons-pool-EvictionTimer" daemon [_thread_blocked, id=7268, stack(0x000000005c4a0000,0x000000005c5a0000)]
=>0x00000000583b4000 JavaThread "http-8080-2" daemon [_thread_in_native, id=5128, stack(0x000000005c7a0000,0x000000005c8a0000)]
  0x000000005904a800 JavaThread "http-8080-1" daemon [_thread_blocked, id=5992, stack(0x000000005c5f0000,0x000000005c6f0000)]
  0x000000005a0d6000 JavaThread "http-8080-Acceptor-0" daemon [_thread_in_native, id=5396, stack(0x000000005c3a0000,0x000000005c4a0000)]
  0x000000005a571000 JavaThread "ContainerBackgroundProcessor[StandardEngine[localEngine]]" daemon [_thread_blocked, id=5260, stack(0x000000005a730000,0x000000005a830000)]
  0x00000000581d5000 JavaThread "Service Thread" daemon [_thread_blocked, id=2040, stack(0x00000000588e0000,0x00000000589e0000)]
  0x000000005722a000 JavaThread "C1 CompilerThread1" daemon [_thread_blocked, id=1028, stack(0x0000000058700000,0x0000000058800000)]
  0x00000000571d9000 JavaThread "C2 CompilerThread0" daemon [_thread_blocked, id=4436, stack(0x00000000580c0000,0x00000000581c0000)]
  0x00000000571e2800 JavaThread "Attach Listener" daemon [_thread_blocked, id=5476, stack(0x00000000579b0000,0x0000000057ab0000)]
  0x00000000571c2800 JavaThread "Signal Dispatcher" daemon [_thread_blocked, id=7900, stack(0x0000000057c40000,0x0000000057d40000)]
  0x0000000057168000 JavaThread "Finalizer" daemon [_thread_blocked, id=1644, stack(0x0000000057f20000,0x0000000058020000)]
  0x0000000057164800 JavaThread "Reference Handler" daemon [_thread_blocked, id=7852, stack(0x0000000057d70000,0x0000000057e70000)]
  0x000000000248e800 JavaThread "main" [_thread_blocked, id=5248, stack(0x0000000002720000,0x0000000002820000)]

Other Threads:
  0x000000005715e800 VMThread [stack: 0x0000000057ab0000,0x0000000057bb0000] [id=7940]
  0x0000000058219000 WatcherThread [stack: 0x00000000585c0000,0x00000000586c0000] [id=5368]

VM state:not at safepoint (normal execution)

VM Mutex/Monitor currently owned by a thread: None

Heap:
 PSYoungGen      total 263680K, used 148641K [0x00000000d6b80000, 0x00000000ebd00000, 0x0000000100000000)
  eden space 246784K, 60% used [0x00000000d6b80000,0x00000000dfca84c8,0x00000000e5c80000)
  from space 16896K, 0% used [0x00000000e5c80000,0x00000000e5c80000,0x00000000e6d00000)
  to   space 15872K, 0% used [0x00000000ead80000,0x00000000ead80000,0x00000000ebd00000)
 ParOldGen       total 90624K, used 21899K [0x0000000084200000, 0x0000000089a80000, 0x00000000d6b80000)
  object space 90624K, 24% used [0x0000000084200000,0x0000000085762e90,0x0000000089a80000)
 Metaspace       used 46163K, capacity 46886K, committed 47320K, reserved 1091584K
  class space    used 5337K, capacity 5550K, committed 5632K, reserved 1048576K

Card table byte_map: [0x0000000011be0000,0x0000000011fc0000] byte_map_base: 0x00000000117bf000

Marking Bits: (ParMarkBitMap*) 0x000000006a52a5b0
 Begin Bits: [0x0000000012660000, 0x0000000014558000)
 End Bits:   [0x0000000014558000, 0x0000000016450000)

Polling page: 0x0000000000120000

CodeCache: size=245760Kb used=15988Kb max_used=15988Kb free=229771Kb
 bounds [0x0000000002820000, 0x00000000037d0000, 0x0000000011820000]
 total_blobs=5884 nmethods=5279 adapters=518
 compilation: enabled

Compilation events (10 events):
Event: 62.705 Thread 0x000000005722a000 6194       1       javax.servlet.ServletRequestWrapper::getRequest (5 bytes)
Event: 62.705 Thread 0x000000005722a000 nmethod 6194 0x00000000037c7a10 code [0x00000000037c7b60, 0x00000000037c7c70]
Event: 63.572 Thread 0x000000005722a000 6199       3       org.bytedeco.javacpp.helper.opencv_core$AbstractMat::arrayChannels (5 bytes)
Event: 63.572 Thread 0x000000005722a000 nmethod 6199 0x00000000037ca550 code [0x00000000037ca6c0, 0x00000000037ca8c8]
Event: 63.613 Thread 0x000000005722a000 6200 %     3       com.yxq.carpark.core.CharsSegment::clearLiuDing @ 132 (171 bytes)
Event: 63.615 Thread 0x000000005722a000 nmethod 6200% 0x00000000037ca950 code [0x00000000037cac80, 0x00000000037cbd88]
Event: 63.615 Thread 0x000000005722a000 6201  s    3       java.util.Vector::remove (81 bytes)
Event: 63.616 Thread 0x000000005722a000 nmethod 6201 0x00000000037ccc50 code [0x00000000037cce00, 0x00000000037cd538]
Event: 63.616 Thread 0x000000005722a000 6202       3       org.bytedeco.javacpp.opencv_core$Mat::<init> (11 bytes)
Event: 63.616 Thread 0x000000005722a000 nmethod 6202 0x00000000037cd850 code [0x00000000037cd9e0, 0x00000000037cdc78]

GC Heap History (10 events):
Event: 8.771 GC heap before
{Heap before GC invocations=5 (full 0):
 PSYoungGen      total 132096K, used 71925K [0x00000000d6b80000, 0x00000000df180000, 0x0000000100000000)
  eden space 126976K, 52% used [0x00000000d6b80000,0x00000000dacbf5d0,0x00000000de780000)
  from space 5120K, 99% used [0x00000000dec80000,0x00000000df17e010,0x00000000df180000)
  to   space 5120K, 0% used [0x00000000de780000,0x00000000de780000,0x00000000dec80000)
 ParOldGen       total 84992K, used 9477K [0x0000000084200000, 0x0000000089500000, 0x00000000d6b80000)
  object space 84992K, 11% used [0x0000000084200000,0x0000000084b41588,0x0000000089500000)
 Metaspace       used 20693K, capacity 21104K, committed 21248K, reserved 1069056K
  class space    used 2397K, capacity 2505K, committed 2560K, reserved 1048576K
Event: 8.808 GC heap after
Heap after GC invocations=5 (full 0):
 PSYoungGen      total 132096K, used 5104K [0x00000000d6b80000, 0x00000000e7d80000, 0x0000000100000000)
  eden space 126976K, 0% used [0x00000000d6b80000,0x00000000d6b80000,0x00000000de780000)
  from space 5120K, 99% used [0x00000000de780000,0x00000000dec7c028,0x00000000dec80000)
  to   space 13312K, 0% used [0x00000000e7080000,0x00000000e7080000,0x00000000e7d80000)
 ParOldGen       total 84992K, used 16718K [0x0000000084200000, 0x0000000089500000, 0x00000000d6b80000)
  object space 84992K, 19% used [0x0000000084200000,0x0000000085253968,0x0000000089500000)
 Metaspace       used 20693K, capacity 21104K, committed 21248K, reserved 1069056K
  class space    used 2397K, capacity 2505K, committed 2560K, reserved 1048576K
}
Event: 8.808 GC heap before
{Heap before GC invocations=6 (full 1):
 PSYoungGen      total 132096K, used 5104K [0x00000000d6b80000, 0x00000000e7d80000, 0x0000000100000000)
  eden space 126976K, 0% used [0x00000000d6b80000,0x00000000d6b80000,0x00000000de780000)
  from space 5120K, 99% used [0x00000000de780000,0x00000000dec7c028,0x00000000dec80000)
  to   space 13312K, 0% used [0x00000000e7080000,0x00000000e7080000,0x00000000e7d80000)
 ParOldGen       total 84992K, used 16718K [0x0000000084200000, 0x0000000089500000, 0x00000000d6b80000)
  object space 84992K, 19% used [0x0000000084200000,0x0000000085253968,0x0000000089500000)
 Metaspace       used 20693K, capacity 21104K, committed 21248K, reserved 1069056K
  class space    used 2397K, capacity 2505K, committed 2560K, reserved 1048576K
Event: 8.975 GC heap after
Heap after GC invocations=6 (full 1):
 PSYoungGen      total 132096K, used 0K [0x00000000d6b80000, 0x00000000e7d80000, 0x0000000100000000)
  eden space 126976K, 0% used [0x00000000d6b80000,0x00000000d6b80000,0x00000000de780000)
  from space 5120K, 0% used [0x00000000de780000,0x00000000de780000,0x00000000dec80000)
  to   space 13312K, 0% used [0x00000000e7080000,0x00000000e7080000,0x00000000e7d80000)
 ParOldGen       total 70144K, used 17972K [0x0000000084200000, 0x0000000088680000, 0x00000000d6b80000)
  object space 70144K, 25% used [0x0000000084200000,0x000000008538d110,0x0000000088680000)
 Metaspace       used 20693K, capacity 21104K, committed 21248K, reserved 1069056K
  class space    used 2397K, capacity 2505K, committed 2560K, reserved 1048576K
}
Event: 22.435 GC heap before
{Heap before GC invocations=7 (full 1):
 PSYoungGen      total 132096K, used 126976K [0x00000000d6b80000, 0x00000000e7d80000, 0x0000000100000000)
  eden space 126976K, 100% used [0x00000000d6b80000,0x00000000de780000,0x00000000de780000)
  from space 5120K, 0% used [0x00000000de780000,0x00000000de780000,0x00000000dec80000)
  to   space 13312K, 0% used [0x00000000e7080000,0x00000000e7080000,0x00000000e7d80000)
 ParOldGen       total 70144K, used 17972K [0x0000000084200000, 0x0000000088680000, 0x00000000d6b80000)
  object space 70144K, 25% used [0x0000000084200000,0x000000008538d110,0x0000000088680000)
 Metaspace       used 33858K, capacity 34330K, committed 34688K, reserved 1079296K
  class space    used 4013K, capacity 4112K, committed 4224K, reserved 1048576K
Event: 22.481 GC heap after
Heap after GC invocations=7 (full 1):
 PSYoungGen      total 210944K, used 13303K [0x00000000d6b80000, 0x00000000e7d80000, 0x0000000100000000)
  eden space 197632K, 0% used [0x00000000d6b80000,0x00000000d6b80000,0x00000000e2c80000)
  from space 13312K, 99% used [0x00000000e7080000,0x00000000e7d7ddc8,0x00000000e7d80000)
  to   space 16896K, 0% used [0x00000000e5c80000,0x00000000e5c80000,0x00000000e6d00000)
 ParOldGen       total 70144K, used 20068K [0x0000000084200000, 0x0000000088680000, 0x00000000d6b80000)
  object space 70144K, 28% used [0x0000000084200000,0x0000000085599210,0x0000000088680000)
 Metaspace       used 33858K, capacity 34330K, committed 34688K, reserved 1079296K
  class space    used 4013K, capacity 4112K, committed 4224K, reserved 1048576K
}
Event: 23.352 GC heap before
{Heap before GC invocations=8 (full 1):
 PSYoungGen      total 210944K, used 84275K [0x00000000d6b80000, 0x00000000e7d80000, 0x0000000100000000)
  eden space 197632K, 35% used [0x00000000d6b80000,0x00000000db0cf008,0x00000000e2c80000)
  from space 13312K, 99% used [0x00000000e7080000,0x00000000e7d7ddc8,0x00000000e7d80000)
  to   space 16896K, 0% used [0x00000000e5c80000,0x00000000e5c80000,0x00000000e6d00000)
 ParOldGen       total 70144K, used 20068K [0x0000000084200000, 0x0000000088680000, 0x00000000d6b80000)
  object space 70144K, 28% used [0x0000000084200000,0x0000000085599210,0x0000000088680000)
 Metaspace       used 34692K, capacity 35200K, committed 35416K, reserved 1081344K
  class space    used 4094K, capacity 4209K, committed 4224K, reserved 1048576K
Event: 23.386 GC heap after
Heap after GC invocations=8 (full 1):
 PSYoungGen      total 263680K, used 8443K [0x00000000d6b80000, 0x00000000ebd00000, 0x0000000100000000)
  eden space 246784K, 0% used [0x00000000d6b80000,0x00000000d6b80000,0x00000000e5c80000)
  from space 16896K, 49% used [0x00000000e5c80000,0x00000000e64bef10,0x00000000e6d00000)
  to   space 15872K, 0% used [0x00000000ead80000,0x00000000ead80000,0x00000000ebd00000)
 ParOldGen       total 70144K, used 20076K [0x0000000084200000, 0x0000000088680000, 0x00000000d6b80000)
  object space 70144K, 28% used [0x0000000084200000,0x000000008559b210,0x0000000088680000)
 Metaspace       used 34692K, capacity 35200K, committed 35416K, reserved 1081344K
  class space    used 4094K, capacity 4209K, committed 4224K, reserved 1048576K
}
Event: 23.386 GC heap before
{Heap before GC invocations=9 (full 2):
 PSYoungGen      total 263680K, used 8443K [0x00000000d6b80000, 0x00000000ebd00000, 0x0000000100000000)
  eden space 246784K, 0% used [0x00000000d6b80000,0x00000000d6b80000,0x00000000e5c80000)
  from space 16896K, 49% used [0x00000000e5c80000,0x00000000e64bef10,0x00000000e6d00000)
  to   space 15872K, 0% used [0x00000000ead80000,0x00000000ead80000,0x00000000ebd00000)
 ParOldGen       total 70144K, used 20076K [0x0000000084200000, 0x0000000088680000, 0x00000000d6b80000)
  object space 70144K, 28% used [0x0000000084200000,0x000000008559b210,0x0000000088680000)
 Metaspace       used 34692K, capacity 35200K, committed 35416K, reserved 1081344K
  class space    used 4094K, capacity 4209K, committed 4224K, reserved 1048576K
Event: 23.587 GC heap after
Heap after GC invocations=9 (full 2):
 PSYoungGen      total 263680K, used 0K [0x00000000d6b80000, 0x00000000ebd00000, 0x0000000100000000)
  eden space 246784K, 0% used [0x00000000d6b80000,0x00000000d6b80000,0x00000000e5c80000)
  from space 16896K, 0% used [0x00000000e5c80000,0x00000000e5c80000,0x00000000e6d00000)
  to   space 15872K, 0% used [0x00000000ead80000,0x00000000ead80000,0x00000000ebd00000)
 ParOldGen       total 90624K, used 21899K [0x0000000084200000, 0x0000000089a80000, 0x00000000d6b80000)
  object space 90624K, 24% used [0x0000000084200000,0x0000000085762e90,0x0000000089a80000)
 Metaspace       used 34692K, capacity 35200K, committed 35416K, reserved 1081344K
  class space    used 4094K, capacity 4209K, committed 4224K, reserved 1048576K
}

Deoptimization events (10 events):
Event: 32.243 Thread 0x00000000583b4000 Uncommon trap: reason=class_check action=maybe_recompile pc=0x00000000029de94c method=java.lang.String.equals(Ljava/lang/Object;)Z @ 8
Event: 32.244 Thread 0x00000000583b4000 Uncommon trap: reason=class_check action=maybe_recompile pc=0x00000000029de94c method=java.lang.String.equals(Ljava/lang/Object;)Z @ 8
Event: 32.244 Thread 0x00000000583b4000 Uncommon trap: reason=class_check action=maybe_recompile pc=0x00000000029de94c method=java.lang.String.equals(Ljava/lang/Object;)Z @ 8
Event: 32.403 Thread 0x00000000583b4000 Uncommon trap: reason=unstable_if action=reinterpret pc=0x000000000367bfac method=java.lang.Class.privateGetMethodRecursive(Ljava/lang/String;[Ljava/lang/Class;ZLjava/lang/Class$MethodArray;)Ljava/lang/reflect/Method; @ 63
Event: 34.271 Thread 0x00000000583b4000 Uncommon trap: reason=unstable_if action=reinterpret pc=0x0000000002c0c80c method=java.util.BitSet.get(I)Z @ 45
Event: 42.096 Thread 0x00000000583b4000 Uncommon trap: reason=class_check action=maybe_recompile pc=0x0000000002ea1084 method=java.util.AbstractList$Itr.hasNext()Z @ 8
Event: 42.096 Thread 0x00000000583b4000 Uncommon trap: reason=class_check action=maybe_recompile pc=0x0000000002ee1e34 method=java.util.AbstractList$Itr.next()Ljava/lang/Object; @ 14
Event: 42.170 Thread 0x00000000583b4000 Uncommon trap: reason=unstable_if action=reinterpret pc=0x00000000036783c8 method=java.util.Properties$LineReader.readLine()I @ 37
Event: 42.172 Thread 0x00000000583b4000 Uncommon trap: reason=unstable_if action=reinterpret pc=0x000000000321b3cc method=java.io.WinNTFileSystem.isLetter(C)Z @ 15
Event: 46.807 Thread 0x00000000583b4000 Uncommon trap: reason=bimorphic action=maybe_recompile pc=0x0000000002c1f1d4 method=java.io.DataInputStream.readInt()I @ 4

Internal exceptions (10 events):
Event: 32.365 Thread 0x00000000583b4000 Exception <a 'java/lang/ClassNotFoundException': javax/servlet/jsp/PageContextCustomizer> (0x00000000dd244c78) thrown at [C:\re\workspace\8-2-build-windows-amd64-cygwin\jdk8u66\4988\hotspot\src\share\vm\classfile\systemDictionary.cpp, line 210]
Event: 32.374 Thread 0x00000000583b4000 Exception <a 'java/lang/ClassNotFoundException': org/apache/jasper/runtime/PageContextImplCustomizer> (0x00000000dd278668) thrown at [C:\re\workspace\8-2-build-windows-amd64-cygwin\jdk8u66\4988\hotspot\src\share\vm\classfile\systemDictionary.cpp, line 210]d¡üN©0@@
Event: 32.380 Thread 0x00000000583b4000 Exception <a 'java/lang/ClassNotFoundException': org/apache/catalina/core/ApplicationHttpRequestBeanInfo> (0x00000000dd2ccce0) thrown at [C:\re\workspace\8-2-build-windows-amd64-cygwin\jdk8u66\4988\hotspot\src\share\vm\classfile\systemDictionary.cpp, line 
Event: 32.393 Thread 0x00000000583b4000 Exception <a 'java/lang/ClassNotFoundException': javax/servlet/http/HttpServletRequestWrapperBeanInfo> (0x00000000dd2ed558) thrown at [C:\re\workspace\8-2-build-windows-amd64-cygwin\jdk8u66\4988\hotspot\src\share\vm\classfile\systemDictionary.cpp, line 210›–KÉ•2@@
Event: 32.395 Thread 0x00000000583b4000 Exception <a 'java/lang/ClassNotFoundException': javax/servlet/ServletRequestWrapperBeanInfo> (0x00000000dd30bfa8) thrown at [C:\re\workspace\8-2-build-windows-amd64-cygwin\jdk8u66\4988\hotspot\src\share\vm\classfile\systemDictionary.cpp, line 210]
Event: 32.398 Thread 0x00000000583b4000 Exception <a 'java/lang/ClassNotFoundException': javax/servlet/ServletRequestWrapperCustomizer> (0x00000000dd32aef0) thrown at [C:\re\workspace\8-2-build-windows-amd64-cygwin\jdk8u66\4988\hotspot\src\share\vm\classfile\systemDictionary.cpp, line 210]
Event: 32.401 Thread 0x00000000583b4000 Exception <a 'java/lang/ClassNotFoundException': javax/servlet/http/HttpServletRequestWrapperCustomizer> (0x00000000dd366e58) thrown at [C:\re\workspace\8-2-build-windows-amd64-cygwin\jdk8u66\4988\hotspot\src\share\vm\classfile\systemDictionary.cpp, line 2çmBœ3@@
Event: 32.403 Thread 0x00000000583b4000 Exception <a 'java/lang/ClassNotFoundException': org/apache/catalina/core/ApplicationHttpRequestCustomizer> (0x00000000dd3a3228) thrown at [C:\re\workspace\8-2-build-windows-amd64-cygwin\jdk8u66\4988\hotspot\src\share\vm\classfile\systemDictionary.cpp, lin~þ$œ6vJ@
Event: 52.924 Thread 0x00000000583b4000 Exception <a 'java/lang/ClassNotFoundException': com/yxq/carpark/dto/FormDataBeanInfo> (0x00000000df161e98) thrown at [C:\re\workspace\8-2-build-windows-amd64-cygwin\jdk8u66\4988\hotspot\src\share\vm\classfile\systemDictionary.cpp, line 210]
Event: 52.932 Thread 0x00000000583b4000 Exception <a 'java/lang/ClassNotFoundException': com/yxq/carpark/dto/FormDataCustomizer> (0x00000000df18f9f0) thrown at [C:\re\workspace\8-2-build-windows-amd64-cygwin\jdk8u66\4988\hotspot\src\share\vm\classfile\systemDictionary.cpp, line 210]

Events (10 events):
Event: 52.956 loading class org/mybatis/spring/SqlSessionUtils$SqlSessionSynchronization done
Event: 52.959 loading class org/springframework/transaction/support/TransactionSynchronizationAdapter
Event: 52.959 loading class org/springframework/transaction/support/TransactionSynchronizationAdapter done
Event: 52.981 Thread 0x000000005722a000 flushing nmethod 0x000000000344f350
Event: 52.981 Thread 0x000000005722a000 flushing nmethod 0x000000000348b350
Event: 52.981 Thread 0x000000005722a000 flushing nmethod 0x00000000034a0710
Event: 53.091 Executing VM operation: BulkRevokeBias
Event: 53.091 Executing VM operation: BulkRevokeBias done
Event: 58.006 Thread 0x00000000583b4000 DEOPT PACKING pc=0x0000000003764837 sp=0x000000005c89ccf0
Event: 58.006 Thread 0x00000000583b4000 DEOPT UNPACKING pc=0x00000000028671bf sp=0x000000005c89caf8 mode 0


Dynamic libraries:
0x000000013fd70000 - 0x000000013fda7000 	C:\Users\yexiaoqing\AppData\Local\MyEclipse 2016 CI\binary\com.sun.java.jdk8.win32.x86_64_1.8.0.u66\bin\javaw.exe
0x0000000077270000 - 0x000000007741a000 	C:\Windows\SYSTEM32\ntdll.dll
0x0000000076f10000 - 0x000000007702f000 	C:\Windows\system32\kernel32.dll
0x000007fefcd40000 - 0x000007fefcdaa000 	C:\Windows\system32\KERNELBASE.dll
0x000007fefe750000 - 0x000007fefe82b000 	C:\Windows\system32\ADVAPI32.dll
0x000007fefea40000 - 0x000007fefeadf000 	C:\Windows\system32\msvcrt.dll
0x000007fefeae0000 - 0x000007fefeaff000 	C:\Windows\SYSTEM32\sechost.dll
0x000007fefe3a0000 - 0x000007fefe4cd000 	C:\Windows\system32\RPCRT4.dll
0x0000000077030000 - 0x000000007712a000 	C:\Windows\system32\USER32.dll
0x000007fefd180000 - 0x000007fefd1e7000 	C:\Windows\system32\GDI32.dll
0x000007fefee70000 - 0x000007fefee7e000 	C:\Windows\system32\LPK.dll
0x000007fefe4d0000 - 0x000007fefe59a000 	C:\Windows\system32\USP10.dll
0x000007fefb3a0000 - 0x000007fefb594000 	C:\Windows\WinSxS\amd64_microsoft.windows.common-controls_6595b64144ccf1df_6.0.7601.18837_none_fa3b1e3d17594757\COMCTL32.dll
0x000007fefd1f0000 - 0x000007fefd261000 	C:\Windows\system32\SHLWAPI.dll
0x000007fefe720000 - 0x000007fefe74e000 	C:\Windows\system32\IMM32.DLL
0x000007fefe930000 - 0x000007fefea39000 	C:\Windows\system32\MSCTF.dll
0x000000006a5b0000 - 0x000000006a682000 	C:\Users\yexiaoqing\AppData\Local\MyEclipse 2016 CI\binary\com.sun.java.jdk8.win32.x86_64_1.8.0.u66\jre\bin\msvcr100.dll
0x0000000069d20000 - 0x000000006a5a9000 	C:\Users\yexiaoqing\AppData\Local\MyEclipse 2016 CI\binary\com.sun.java.jdk8.win32.x86_64_1.8.0.u66\jre\bin\server\jvm.dll
0x000007fefa6c0000 - 0x000007fefa6c9000 	C:\Windows\system32\WSOCK32.dll
0x000007feff060000 - 0x000007feff0ad000 	C:\Windows\system32\WS2_32.dll
0x000007feff140000 - 0x000007feff148000 	C:\Windows\system32\NSI.dll
0x000007fefd060000 - 0x000007fefd09b000 	C:\Windows\system32\WINMM.dll
0x000007fefbdc0000 - 0x000007fefbdcc000 	C:\Windows\system32\VERSION.dll
0x0000000077430000 - 0x0000000077437000 	C:\Windows\system32\PSAPI.DLL
0x0000000073d40000 - 0x0000000073d4f000 	C:\Users\yexiaoqing\AppData\Local\MyEclipse 2016 CI\binary\com.sun.java.jdk8.win32.x86_64_1.8.0.u66\jre\bin\verify.dll
0x000000006d390000 - 0x000000006d3b9000 	C:\Users\yexiaoqing\AppData\Local\MyEclipse 2016 CI\binary\com.sun.java.jdk8.win32.x86_64_1.8.0.u66\jre\bin\java.dll
0x0000000073d20000 - 0x0000000073d36000 	C:\Users\yexiaoqing\AppData\Local\MyEclipse 2016 CI\binary\com.sun.java.jdk8.win32.x86_64_1.8.0.u66\jre\bin\zip.dll
0x000007fefd270000 - 0x000007fefdff9000 	C:\Windows\system32\SHELL32.dll
0x000007fefe190000 - 0x000007fefe393000 	C:\Windows\system32\ole32.dll
0x000007fefcd20000 - 0x000007fefcd2f000 	C:\Windows\system32\profapi.dll
0x000007fefcb60000 - 0x000007fefcbb7000 	C:\Windows\system32\apphelp.dll
0x000000006d370000 - 0x000000006d38a000 	C:\Users\yexiaoqing\AppData\Local\MyEclipse 2016 CI\binary\com.sun.java.jdk8.win32.x86_64_1.8.0.u66\jre\bin\net.dll
0x000007fefc4d0000 - 0x000007fefc525000 	C:\Windows\system32\mswsock.dll
0x000007fefc4c0000 - 0x000007fefc4c7000 	C:\Windows\System32\wship6.dll
0x000000006d3d0000 - 0x000000006d3e1000 	C:\Users\yexiaoqing\AppData\Local\MyEclipse 2016 CI\binary\com.sun.java.jdk8.win32.x86_64_1.8.0.u66\jre\bin\nio.dll
0x0000000074210000 - 0x000000007421d000 	C:\Users\yexiaoqing\AppData\Local\MyEclipse 2016 CI\binary\com.sun.java.jdk8.win32.x86_64_1.8.0.u66\jre\bin\management.dll
0x000007fefad80000 - 0x000007fefad95000 	C:\Windows\system32\NLAapi.dll
0x000007fef58b0000 - 0x000007fef58c5000 	C:\Windows\system32\napinsp.dll
0x000007fef5890000 - 0x000007fef58a9000 	C:\Windows\system32\pnrpnsp.dll
0x000007fefc350000 - 0x000007fefc3ab000 	C:\Windows\system32\DNSAPI.dll
0x000007fef5880000 - 0x000007fef588b000 	C:\Windows\System32\winrnr.dll
0x000007fef5870000 - 0x000007fef5880000 	C:\Windows\system32\wshbth.dll
0x000007fefbe90000 - 0x000007fefbe97000 	C:\Windows\System32\wshtcpip.dll
0x000007fefa050000 - 0x000007fefa077000 	C:\Windows\system32\IPHLPAPI.DLL
0x000007fefa040000 - 0x000007fefa04b000 	C:\Windows\system32\WINNSI.DLL
0x000007fef9fd0000 - 0x000007fef9fd8000 	C:\Windows\system32\rasadhlp.dll
0x000007fef9e00000 - 0x000007fef9e53000 	C:\Windows\System32\fwpuclnt.dll
0x000007fefc530000 - 0x000007fefc547000 	C:\Windows\system32\CRYPTSP.dll
0x000007fefc230000 - 0x000007fefc277000 	C:\Windows\system32\rsaenh.dll
0x000007fefd0e0000 - 0x000007fefd0fe000 	C:\Windows\system32\USERENV.dll
0x000007fefcbc0000 - 0x000007fefcbcf000 	C:\Windows\system32\CRYPTBASE.dll
0x000007fef9ed0000 - 0x000007fef9ee8000 	C:\Windows\system32\dhcpcsvc.DLL
0x000007fef9eb0000 - 0x000007fef9ec1000 	C:\Windows\system32\dhcpcsvc6.DLL
0x0000000058800000 - 0x00000000588d1000 	C:\Users\yexiaoqing\AppData\Local\Temp\javacpp16285686102634\msvcr100.dll
0x0000000012260000 - 0x00000000122f8000 	C:\Users\yexiaoqing\AppData\Local\Temp\javacpp16285686102634\msvcp100.dll
0x000007feea980000 - 0x000007feeac00000 	C:\Users\yexiaoqing\AppData\Local\Temp\javacpp16285686102634\opencv_core2411.dll
0x000007fee9930000 - 0x000007fee9b22000 	C:\Users\yexiaoqing\AppData\Local\Temp\javacpp16285686102634\jniopencv_core.dll
0x000007fee9660000 - 0x000007fee9921000 	C:\Users\yexiaoqing\AppData\Local\Temp\javacpp16285686102634\opencv_imgproc2411.dll
0x000007feeb480000 - 0x000007feeb528000 	C:\Users\yexiaoqing\AppData\Local\Temp\javacpp16285686102634\jniopencv_imgproc.dll
0x0000000066840000 - 0x00000000676b4000 	C:\Users\yexiaoqing\AppData\Local\Temp\javacpp16285686102634\opencv_ffmpeg2411_64.dll
0x000007fee9410000 - 0x000007fee965e000 	C:\Users\yexiaoqing\AppData\Local\Temp\javacpp16285686102634\opencv_highgui2411.dll
0x000007feff480000 - 0x000007feff55a000 	C:\Windows\system32\OLEAUT32.dll
0x000007fef62a0000 - 0x000007fef62bf000 	C:\Windows\system32\AVIFIL32.dll
0x000007fefa4e0000 - 0x000007fefa4f8000 	C:\Windows\system32\MSACM32.dll
0x000007fef6270000 - 0x000007fef6299000 	C:\Windows\system32\MSVFW32.dll
0x000007fef6250000 - 0x000007fef6267000 	C:\Windows\system32\AVICAP32.dll
0x000007feea920000 - 0x000007feea971000 	C:\Users\yexiaoqing\AppData\Local\Temp\javacpp16285686102634\jniopencv_highgui.dll
0x000007feea0f0000 - 0x000007feea186000 	C:\Users\yexiaoqing\AppData\Local\Temp\javacpp16285686102634\opencv_ml2411.dll
0x000007fee9370000 - 0x000007fee940e000 	C:\Users\yexiaoqing\AppData\Local\Temp\javacpp16285686102634\jniopencv_ml.dll
0x000007fef0950000 - 0x000007fef0a75000 	C:\Windows\system32\dbghelp.dll

VM Arguments:
jvm_args: -Dmaven.home=C:\Users\yexiaoqing\Desktop\ssh\day46_maven\×ÊÁÏ\maven -Dclassworlds.conf=C:\Users\yexiaoqing\Workspaces\MyEclipse 2016 CI\.metadata\.plugins\org.eclipse.m2e.launching\launches\m2conf1856676966535074637.tmp -Dfile.encoding=GBK 
java_command: org.codehaus.plexus.classworlds.launcher.Launcher -B -s C:\Users\yexiaoqing\Desktop\ssh\day46_maven\×ÊÁÏ\maven\conf\settings.xml tomcat:run
java_class_path (initial): C:\Users\yexiaoqing\Desktop\ssh\day46_maven\×ÊÁÏ\maven\boot\plexus-classworlds-2.4.jar
Launcher Type: SUN_STANDARD

Environment Variables:
JAVA_HOME=C:\Program Files\Java\jdk1.8.0_144
CLASSPATH=C:\Program Files\Java\jdk1.8.0_144\lib;C:\Program Files\Java\jdk1.8.0_144\lib\tools.jar
PATH=C:\ProgramData\Oracle\Java\javapath;C:\Windows\system32;;C:\Windows;C:\Windows\system32\wbem;C:\Program Files (x86)\Windows Kits\8.1\Windows Performance Toolkit\;C:\Program Files\Microsoft SQL Server\110\Tools\Binn\;C:\Program Files (x86)\MySQL\MySQL Server 5.0\bin;C:\Program Files\SlikSvn\bin;C:\Program Files\TortoiseSVN\bin;C:\Users\yexiaoqing\Desktop\ssh\day46_maven\×ÊÁÏ\maven\bin;C:\Program Files\nodejs\;C:\Program Files (x86)\Yarn\bin;C:\Program Files (x86)\VanDyke Software\Clients\;C:\Program Files\Java\jdk1.8.0_144\bin;C:\Program Files\Java\jdk1.8.0_144\jre\bin;C:\Users\yexiaoqing\AppData\Roaming\npm;C:\Users\yexiaoqing\AppData\Local\Yarn\bin;C:\Program Files (x86)\VanDyke Software\Clients\
USERNAME=yexiaoqing
OS=Windows_NT
PROCESSOR_IDENTIFIER=Intel64 Family 6 Model 23 Stepping 10, GenuineIntel



---------------  S Y S T E M  ---------------

OS: Windows 7 , 64 bit Build 7601 (6.1.7601.23677)

CPU:total 2 (2 cores per cpu, 1 threads per core) family 6 model 23 stepping 10, cmov, cx8, fxsr, mmx, sse, sse2, sse3, ssse3, sse4.1, tsc

Memory: 4k page, physical 8116836k(3594768k free), swap 16231812k(10897296k free)

vm_info: Java HotSpot(TM) 64-Bit Server VM (25.66-b17) for windows-amd64 JRE (1.8.0_66-b17), built on Oct  6 2015 18:55:33 by "java_re" with MS VC++ 10.0 (VS2010)

time: Wed May 09 20:25:57 2018
elapsed time: 63 seconds (0d 0h 1m 3s)

