#
# A fatal error has been detected by the Java Runtime Environment:
#
#  EXCEPTION_ACCESS_VIOLATION (0xc0000005) at pc=0x000000006acc6210, pid=6844, tid=5640
#
# JRE version: Java(TM) SE Runtime Environment (8.0_66-b17) (build 1.8.0_66-b17)
# Java VM: Java HotSpot(TM) 64-Bit Server VM (25.66-b17 mixed mode windows-amd64 compressed oops)
# Problematic frame:
# C  [msvcr100.dll+0x16210]
#
# Failed to write core dump. Minidumps are not enabled by default on client versions of Windows
#
# If you would like to submit a bug report, please visit:
#   http://bugreport.java.com/bugreport/crash.jsp
# The crash happened outside the Java Virtual Machine in native code.
# See problematic frame for where to report the bug.
#

---------------  T H R E A D  ---------------

Current thread (0x000000005a99d800):  JavaThread "http-8080-1" daemon [_thread_in_native, id=5640, stack(0x000000005c390000,0x000000005c490000)]

siginfo: ExceptionCode=0xc0000005, reading address 0x0000000041600008

Registers:
RAX=0x0000000041600000, RBX=0x000000005c487fb8, RCX=0x000000005c487fb8, RDX=0x000000005c487f60
RSP=0x000000005c487dd0, RBP=0x0000000000000000, RSI=0x0000000058298ac0, RDI=0x0000000000000000
R8 =0x0000000000000010, R9 =0x000000005c488050, R10=0x000000005c488060, R11=0x000000005c488070
R12=0x000000005c487f60, R13=0x0000000000000010, R14=0x000000005c487fb8, R15=0x0000000000000001
RIP=0x000000006acc6210, EFLAGS=0x0000000000010206

Top of Stack: (sp=0x000000005c487dd0)
0x000000005c487dd0:   0000000000000010 0000000000000000
0x000000005c487de0:   000000005c487f10 000000006acb2044
0x000000005c487df0:   fffffffffffffffe 0000000000000000
0x000000005c487e00:   0000000000000010 0000000000000001
0x000000005c487e10:   000007feea9414e0 000007feea8b2e15
0x000000005c487e20:   000000005c487fb8 000000005c487f60
0x000000005c487e30:   0000000058298ac0 000007feea941448
0x000000005c487e40:   000000005c488050 000000005c488060
0x000000005c487e50:   000000005c488070 fffffffffffffffe
0x000000005c487e60:   000000005c487f60 0000000000000140
0x000000005c487e70:   00000000567a8088 0000000000000000
0x000000005c487e80:   0000002000000010 fffffffffffffffe
0x000000005c487e90:   0000000000000003 0000000000000000
0x000000005c487ea0:   0000000000000002 0000000000000002
0x000000005c487eb0:   0000000000000020 000007feea8b3351
0x000000005c487ec0:   000000005c487f10 0000000000000020 

Instructions: (pc=0x000000006acc6210)
0x000000006acc61f0:   48 89 43 10 48 8b 73 10 48 89 74 24 60 48 8b 46
0x000000006acc6200:   60 48 89 03 48 89 5e 60 48 8b 03 48 85 c0 74 0d
0x000000006acc6210:   8b 40 08 c1 e0 04 c1 f8 04 ff c0 eb 02 8b c7 81
0x000000006acc6220:   63 08 00 00 00 f0 25 ff ff ff 0f 09 43 08 4d 85 


Register to memory mapping:

RAX=0x0000000041600000 is an unknown value
RBX=0x000000005c487fb8 is pointing into the stack for thread: 0x000000005a99d800
RCX=0x000000005c487fb8 is pointing into the stack for thread: 0x000000005a99d800
RDX=0x000000005c487f60 is pointing into the stack for thread: 0x000000005a99d800
RSP=0x000000005c487dd0 is pointing into the stack for thread: 0x000000005a99d800
RBP=0x0000000000000000 is an unknown value
RSI=0x0000000058298ac0 is an unknown value
RDI=0x0000000000000000 is an unknown value
R8 =0x0000000000000010 is an unknown value
R9 =0x000000005c488050 is pointing into the stack for thread: 0x000000005a99d800
R10=0x000000005c488060 is pointing into the stack for thread: 0x000000005a99d800
R11=0x000000005c488070 is pointing into the stack for thread: 0x000000005a99d800
R12=0x000000005c487f60 is pointing into the stack for thread: 0x000000005a99d800
R13=0x0000000000000010 is an unknown value
R14=0x000000005c487fb8 is pointing into the stack for thread: 0x000000005a99d800
R15=0x0000000000000001 is an unknown value


Stack: [0x000000005c390000,0x000000005c490000],  sp=0x000000005c487dd0,  free space=991k
Native frames: (J=compiled Java code, j=interpreted, Vv=VM code, C=native code)

Java frames: (J=compiled Java code, j=interpreted, Vv=VM code)
j  org.bytedeco.javacpp.opencv_imgproc.cvtColor(Lorg/bytedeco/javacpp/opencv_core$Mat;Lorg/bytedeco/javacpp/opencv_core$Mat;I)V+0
j  com.yxq.carpark.core.PlateLocate.plateLocate(Lorg/bytedeco/javacpp/opencv_core$Mat;)Ljava/util/Vector;+85
j  com.yxq.carpark.core.PlateDetect.plateDetect(Lorg/bytedeco/javacpp/opencv_core$Mat;Ljava/util/Vector;)I+5
j  com.yxq.carpark.serviceImpl.PlateRecogniseImpl.plateRecognise(Ljava/lang/String;)Ljava/util/List;+42
j  com.yxq.carpark.controller.ImageRPController.upload(Lorg/springframework/web/multipart/MultipartFile;ILjavax/servlet/http/HttpServletResponse;Ljavax/servlet/http/HttpServletRequest;)Ljava/lang/String;+291
v  ~StubRoutines::call_stub
J 1831  sun.reflect.NativeMethodAccessorImpl.invoke0(Ljava/lang/reflect/Method;Ljava/lang/Object;[Ljava/lang/Object;)Ljava/lang/Object; (0 bytes) @ 0x0000000002ba48ff [0x0000000002ba4880+0x7f]
J 1830 C1 sun.reflect.NativeMethodAccessorImpl.invoke(Ljava/lang/Object;[Ljava/lang/Object;)Ljava/lang/Object; (104 bytes) @ 0x0000000002ba5e94 [0x0000000002ba4d40+0x1154]
J 5240 C2 java.lang.reflect.Method.invoke(Ljava/lang/Object;[Ljava/lang/Object;)Ljava/lang/Object; (62 bytes) @ 0x00000000033c1c18 [0x00000000033c1b80+0x98]
j  org.springframework.web.method.support.InvocableHandlerMethod.doInvoke([Ljava/lang/Object;)Ljava/lang/Object;+16
j  org.springframework.web.method.support.InvocableHandlerMethod.invokeForRequest(Lorg/springframework/web/context/request/NativeWebRequest;Lorg/springframework/web/method/support/ModelAndViewContainer;[Ljava/lang/Object;)Ljava/lang/Object;+96
j  org.springframework.web.servlet.mvc.method.annotation.ServletInvocableHandlerMethod.invokeAndHandle(Lorg/springframework/web/context/request/ServletWebRequest;Lorg/springframework/web/method/support/ModelAndViewContainer;[Ljava/lang/Object;)V+4
j  org.springframework.web.servlet.mvc.method.annotation.RequestMappingHandlerAdapter.invokeHandleMethod(Ljavax/servlet/http/HttpServletRequest;Ljavax/servlet/http/HttpServletResponse;Lorg/springframework/web/method/HandlerMethod;)Lorg/springframework/web/servlet/ModelAndView;+230
j  org.springframework.web.servlet.mvc.method.annotation.RequestMappingHandlerAdapter.handleInternal(Ljavax/servlet/http/HttpServletRequest;Ljavax/servlet/http/HttpServletResponse;Lorg/springframework/web/method/HandlerMethod;)Lorg/springframework/web/servlet/ModelAndView;+89
j  org.springframework.web.servlet.mvc.method.AbstractHandlerMethodAdapter.handle(Ljavax/servlet/http/HttpServletRequest;Ljavax/servlet/http/HttpServletResponse;Ljava/lang/Object;)Lorg/springframework/web/servlet/ModelAndView;+7
j  org.springframework.web.servlet.DispatcherServlet.doDispatch(Ljavax/servlet/http/HttpServletRequest;Ljavax/servlet/http/HttpServletResponse;)V+318
j  org.springframework.web.servlet.DispatcherServlet.doService(Ljavax/servlet/http/HttpServletRequest;Ljavax/servlet/http/HttpServletResponse;)V+301
j  org.springframework.web.servlet.FrameworkServlet.processRequest(Ljavax/servlet/http/HttpServletRequest;Ljavax/servlet/http/HttpServletResponse;)V+71
j  org.springframework.web.servlet.FrameworkServlet.doPost(Ljavax/servlet/http/HttpServletRequest;Ljavax/servlet/http/HttpServletResponse;)V+3
j  javax.servlet.http.HttpServlet.service(Ljavax/servlet/http/HttpServletRequest;Ljavax/servlet/http/HttpServletResponse;)V+139
j  org.springframework.web.servlet.FrameworkServlet.service(Ljavax/servlet/http/HttpServletRequest;Ljavax/servlet/http/HttpServletResponse;)V+32
j  javax.servlet.http.HttpServlet.service(Ljavax/servlet/ServletRequest;Ljavax/servlet/ServletResponse;)V+30
j  org.apache.catalina.core.ApplicationFilterChain.internalDoFilter(Ljavax/servlet/ServletRequest;Ljavax/servlet/ServletResponse;)V+376
j  org.apache.catalina.core.ApplicationFilterChain.doFilter(Ljavax/servlet/ServletRequest;Ljavax/servlet/ServletResponse;)V+101
j  org.springframework.web.filter.HttpPutFormContentFilter.doFilterInternal(Ljavax/servlet/http/HttpServletRequest;Ljavax/servlet/http/HttpServletResponse;Ljavax/servlet/FilterChain;)V+87
j  org.springframework.web.filter.OncePerRequestFilter.doFilter(Ljavax/servlet/ServletRequest;Ljavax/servlet/ServletResponse;Ljavax/servlet/FilterChain;)V+111
j  org.apache.catalina.core.ApplicationFilterChain.internalDoFilter(Ljavax/servlet/ServletRequest;Ljavax/servlet/ServletResponse;)V+119
j  org.apache.catalina.core.ApplicationFilterChain.doFilter(Ljavax/servlet/ServletRequest;Ljavax/servlet/ServletResponse;)V+101
j  org.springframework.web.filter.HiddenHttpMethodFilter.doFilterInternal(Ljavax/servlet/http/HttpServletRequest;Ljavax/servlet/http/HttpServletResponse;Ljavax/servlet/FilterChain;)V+71
j  org.springframework.web.filter.OncePerRequestFilter.doFilter(Ljavax/servlet/ServletRequest;Ljavax/servlet/ServletResponse;Ljavax/servlet/FilterChain;)V+111
j  org.apache.catalina.core.ApplicationFilterChain.internalDoFilter(Ljavax/servlet/ServletRequest;Ljavax/servlet/ServletResponse;)V+119
j  org.apache.catalina.core.ApplicationFilterChain.doFilter(Ljavax/servlet/ServletRequest;Ljavax/servlet/ServletResponse;)V+101
j  org.springframework.web.filter.CharacterEncodingFilter.doFilterInternal(Ljavax/servlet/http/HttpServletRequest;Ljavax/servlet/http/HttpServletResponse;Ljavax/servlet/FilterChain;)V+53
j  org.springframework.web.filter.OncePerRequestFilter.doFilter(Ljavax/servlet/ServletRequest;Ljavax/servlet/ServletResponse;Ljavax/servlet/FilterChain;)V+111
j  org.apache.catalina.core.ApplicationFilterChain.internalDoFilter(Ljavax/servlet/ServletRequest;Ljavax/servlet/ServletResponse;)V+119
j  org.apache.catalina.core.ApplicationFilterChain.doFilter(Ljavax/servlet/ServletRequest;Ljavax/servlet/ServletResponse;)V+101
j  org.apache.catalina.core.StandardWrapperValve.invoke(Lorg/apache/catalina/connector/Request;Lorg/apache/catalina/connector/Response;)V+804
j  org.apache.catalina.core.StandardContextValve.invoke(Lorg/apache/catalina/connector/Request;Lorg/apache/catalina/connector/Response;)V+365
j  org.apache.catalina.core.StandardHostValve.invoke(Lorg/apache/catalina/connector/Request;Lorg/apache/catalina/connector/Response;)V+64
j  org.apache.catalina.valves.ErrorReportValve.invoke(Lorg/apache/catalina/connector/Request;Lorg/apache/catalina/connector/Response;)V+6
j  org.apache.catalina.core.StandardEngineValve.invoke(Lorg/apache/catalina/connector/Request;Lorg/apache/catalina/connector/Response;)V+42
j  org.apache.catalina.connector.CoyoteAdapter.service(Lorg/apache/coyote/Request;Lorg/apache/coyote/Response;)V+158
j  org.apache.coyote.http11.Http11Processor.process(Ljava/net/Socket;)V+468
j  org.apache.coyote.http11.Http11Protocol$Http11ConnectionHandler.process(Ljava/net/Socket;)Z+82
j  org.apache.tomcat.util.net.JIoEndpoint$Worker.run()V+41
j  java.lang.Thread.run()V+11
v  ~StubRoutines::call_stub

---------------  P R O C E S S  ---------------

Java Threads: ( => current thread )
  0x000000005a122800 JavaThread "Abandoned connection cleanup thread" daemon [_thread_blocked, id=5068, stack(0x000000005f530000,0x000000005f630000)]
  0x000000005a121800 JavaThread "com.mchange.v2.async.ThreadPoolAsynchronousRunner$PoolThread-#2" daemon [_thread_blocked, id=6152, stack(0x000000005f300000,0x000000005f400000)]
  0x000000005a121000 JavaThread "com.mchange.v2.async.ThreadPoolAsynchronousRunner$PoolThread-#1" daemon [_thread_blocked, id=7032, stack(0x000000005f420000,0x000000005f520000)]
  0x000000005a120000 JavaThread "com.mchange.v2.async.ThreadPoolAsynchronousRunner$PoolThread-#0" daemon [_thread_blocked, id=1188, stack(0x000000005f140000,0x000000005f240000)]
  0x000000005a11f800 JavaThread "Timer-0" daemon [_thread_blocked, id=5708, stack(0x000000005ee90000,0x000000005ef90000)]
  0x0000000059c51000 JavaThread "commons-pool-EvictionTimer" daemon [_thread_blocked, id=7060, stack(0x000000005e2c0000,0x000000005e3c0000)]
  0x00000000591f4000 JavaThread "http-8080-6" daemon [_thread_blocked, id=5700, stack(0x000000005c980000,0x000000005ca80000)]
  0x000000005a8c8800 JavaThread "http-8080-5" daemon [_thread_blocked, id=4140, stack(0x000000005b940000,0x000000005ba40000)]
  0x000000005a8c2000 JavaThread "http-8080-4" daemon [_thread_blocked, id=5512, stack(0x000000005c820000,0x000000005c920000)]
  0x000000005a498000 JavaThread "http-8080-3" daemon [_thread_blocked, id=5524, stack(0x000000005c690000,0x000000005c790000)]
  0x000000005a142800 JavaThread "http-8080-2" daemon [_thread_blocked, id=848, stack(0x000000005c520000,0x000000005c620000)]
=>0x000000005a99d800 JavaThread "http-8080-1" daemon [_thread_in_native, id=5640, stack(0x000000005c390000,0x000000005c490000)]
  0x0000000058fa7800 JavaThread "http-8080-Acceptor-0" daemon [_thread_in_native, id=6964, stack(0x000000005c240000,0x000000005c340000)]
  0x00000000591d4800 JavaThread "ContainerBackgroundProcessor[StandardEngine[localEngine]]" daemon [_thread_blocked, id=5280, stack(0x0000000059600000,0x0000000059700000)]
  0x0000000057fe2000 JavaThread "Service Thread" daemon [_thread_blocked, id=4468, stack(0x0000000058750000,0x0000000058850000)]
  0x0000000056e5a000 JavaThread "C1 CompilerThread1" daemon [_thread_blocked, id=1108, stack(0x00000000585c0000,0x00000000586c0000)]
  0x0000000056e09000 JavaThread "C2 CompilerThread0" daemon [_thread_blocked, id=6076, stack(0x0000000057db0000,0x0000000057eb0000)]
  0x0000000056e12000 JavaThread "Attach Listener" daemon [_thread_blocked, id=6216, stack(0x0000000057ed0000,0x0000000057fd0000)]
  0x0000000056df2000 JavaThread "Signal Dispatcher" daemon [_thread_blocked, id=5996, stack(0x0000000057c40000,0x0000000057d40000)]
  0x0000000056d9d800 JavaThread "Finalizer" daemon [_thread_blocked, id=7164, stack(0x0000000057af0000,0x0000000057bf0000)]
  0x0000000056d94800 JavaThread "Reference Handler" daemon [_thread_blocked, id=3524, stack(0x0000000057930000,0x0000000057a30000)]
  0x000000000007e800 JavaThread "main" [_thread_blocked, id=676, stack(0x00000000024b0000,0x00000000025b0000)]

Other Threads:
  0x0000000056d8e800 VMThread [stack: 0x0000000057740000,0x0000000057840000] [id=2708]
  0x0000000057ffa000 WatcherThread [stack: 0x0000000058900000,0x0000000058a00000] [id=4324]

VM state:not at safepoint (normal execution)

VM Mutex/Monitor currently owned by a thread: None

Heap:
 PSYoungGen      total 257536K, used 142351K [0x00000000d6b80000, 0x00000000ec500000, 0x0000000100000000)
  eden space 243712K, 58% used [0x00000000d6b80000,0x00000000df683c00,0x00000000e5980000)
  from space 13824K, 0% used [0x00000000e5980000,0x00000000e5980000,0x00000000e6700000)
  to   space 13312K, 0% used [0x00000000eb800000,0x00000000eb800000,0x00000000ec500000)
 ParOldGen       total 70144K, used 22955K [0x0000000084200000, 0x0000000088680000, 0x00000000d6b80000)
  object space 70144K, 32% used [0x0000000084200000,0x000000008586ad98,0x0000000088680000)
 Metaspace       used 46099K, capacity 46834K, committed 47320K, reserved 1091584K
  class space    used 5338K, capacity 5552K, committed 5632K, reserved 1048576K

Card table byte_map: [0x0000000011970000,0x0000000011d50000] byte_map_base: 0x000000001154f000

Marking Bits: (ParMarkBitMap*) 0x000000006ac2a5b0
 Begin Bits: [0x0000000012290000, 0x0000000014188000)
 End Bits:   [0x0000000014188000, 0x0000000016080000)

Polling page: 0x0000000001b60000

CodeCache: size=245760Kb used=16660Kb max_used=16660Kb free=229099Kb
 bounds [0x00000000025b0000, 0x0000000003610000, 0x00000000115b0000]
 total_blobs=5810 nmethods=5206 adapters=518
 compilation: enabled

Compilation events (10 events):
Event: 111.794 Thread 0x0000000056e5a000 nmethod 6167 0x00000000034cee50 code [0x00000000034cefc0, 0x00000000034cf270]
Event: 111.795 Thread 0x0000000056e09000 nmethod 6165 0x000000000320c0d0 code [0x000000000320c220, 0x000000000320c338]
Event: 111.795 Thread 0x0000000056e09000 6166       4       java.lang.Math::max (46 bytes)
Event: 111.797 Thread 0x0000000056e5a000 6169       3       com.yxq.carpark.utils.Convert::toFloat (15 bytes)
Event: 111.797 Thread 0x0000000056e5a000 nmethod 6169 0x00000000033b85d0 code [0x00000000033b8760, 0x00000000033b8a98]
Event: 111.798 Thread 0x0000000056e09000 nmethod 6166 0x00000000029f3850 code [0x00000000029f39c0, 0x00000000029f3a98]
Event: 111.805 Thread 0x0000000056e5a000 6171  s    3       java.util.Vector::insertElementAt (101 bytes)
Event: 111.806 Thread 0x0000000056e5a000 nmethod 6171 0x000000000308a010 code [0x000000000308a240, 0x000000000308b028]
Event: 111.806 Thread 0x0000000056e5a000 6172       3       com.yxq.carpark.utils.Convert::toInt (34 bytes)
Event: 111.806 Thread 0x0000000056e5a000 nmethod 6172 0x0000000003089b50 code [0x0000000003089cc0, 0x0000000003089ed0]

GC Heap History (10 events):
Event: 8.587 GC heap before
{Heap before GC invocations=7 (full 0):
 PSYoungGen      total 133632K, used 16778K [0x00000000d6b80000, 0x00000000dfe80000, 0x0000000100000000)
  eden space 124416K, 6% used [0x00000000d6b80000,0x00000000d72e4530,0x00000000de500000)
  from space 9216K, 99% used [0x00000000df080000,0x00000000df97e308,0x00000000df980000)
  to   space 11776K, 0% used [0x00000000de500000,0x00000000de500000,0x00000000df080000)
 ParOldGen       total 84992K, used 11524K [0x0000000084200000, 0x0000000089500000, 0x00000000d6b80000)
  object space 84992K, 13% used [0x0000000084200000,0x0000000084d413e0,0x0000000089500000)
 Metaspace       used 20659K, capacity 21136K, committed 21248K, reserved 1069056K
  class space    used 2417K, capacity 2537K, committed 2560K, reserved 1048576K
Event: 8.614 GC heap after
Heap after GC invocations=7 (full 0):
 PSYoungGen      total 136192K, used 7061K [0x00000000d6b80000, 0x00000000e7480000, 0x0000000100000000)
  eden space 124416K, 0% used [0x00000000d6b80000,0x00000000d6b80000,0x00000000de500000)
  from space 11776K, 59% used [0x00000000de500000,0x00000000debe5658,0x00000000df080000)
  to   space 11264K, 0% used [0x00000000e6980000,0x00000000e6980000,0x00000000e7480000)
 ParOldGen       total 84992K, used 13687K [0x0000000084200000, 0x0000000089500000, 0x00000000d6b80000)
  object space 84992K, 16% used [0x0000000084200000,0x0000000084f5dc80,0x0000000089500000)
 Metaspace       used 20659K, capacity 21136K, committed 21248K, reserved 1069056K
  class space    used 2417K, capacity 2537K, committed 2560K, reserved 1048576K
}
Event: 8.614 GC heap before
{Heap before GC invocations=8 (full 1):
 PSYoungGen      total 136192K, used 7061K [0x00000000d6b80000, 0x00000000e7480000, 0x0000000100000000)
  eden space 124416K, 0% used [0x00000000d6b80000,0x00000000d6b80000,0x00000000de500000)
  from space 11776K, 59% used [0x00000000de500000,0x00000000debe5658,0x00000000df080000)
  to   space 11264K, 0% used [0x00000000e6980000,0x00000000e6980000,0x00000000e7480000)
 ParOldGen       total 84992K, used 13687K [0x0000000084200000, 0x0000000089500000, 0x00000000d6b80000)
  object space 84992K, 16% used [0x0000000084200000,0x0000000084f5dc80,0x0000000089500000)
 Metaspace       used 20659K, capacity 21136K, committed 21248K, reserved 1069056K
  class space    used 2417K, capacity 2537K, committed 2560K, reserved 1048576K
Event: 8.763 GC heap after
Heap after GC invocations=8 (full 1):
 PSYoungGen      total 136192K, used 0K [0x00000000d6b80000, 0x00000000e7480000, 0x0000000100000000)
  eden space 124416K, 0% used [0x00000000d6b80000,0x00000000d6b80000,0x00000000de500000)
  from space 11776K, 0% used [0x00000000de500000,0x00000000de500000,0x00000000df080000)
  to   space 11264K, 0% used [0x00000000e6980000,0x00000000e6980000,0x00000000e7480000)
 ParOldGen       total 56320K, used 14568K [0x0000000084200000, 0x0000000087900000, 0x00000000d6b80000)
  object space 56320K, 25% used [0x0000000084200000,0x000000008503a350,0x0000000087900000)
 Metaspace       used 20659K, capacity 21136K, committed 21248K, reserved 1069056K
  class space    used 2417K, capacity 2537K, committed 2560K, reserved 1048576K
}
Event: 69.188 GC heap before
{Heap before GC invocations=9 (full 1):
 PSYoungGen      total 136192K, used 124416K [0x00000000d6b80000, 0x00000000e7480000, 0x0000000100000000)
  eden space 124416K, 100% used [0x00000000d6b80000,0x00000000de500000,0x00000000de500000)
  from space 11776K, 0% used [0x00000000de500000,0x00000000de500000,0x00000000df080000)
  to   space 11264K, 0% used [0x00000000e6980000,0x00000000e6980000,0x00000000e7480000)
 ParOldGen       total 56320K, used 14568K [0x0000000084200000, 0x0000000087900000, 0x00000000d6b80000)
  object space 56320K, 25% used [0x0000000084200000,0x000000008503a350,0x0000000087900000)
 Metaspace       used 33312K, capacity 33850K, committed 34048K, reserved 1079296K
  class space    used 3950K, capacity 4080K, committed 4096K, reserved 1048576K
Event: 69.221 GC heap after
Heap after GC invocations=9 (full 1):
 PSYoungGen      total 230912K, used 11255K [0x00000000d6b80000, 0x00000000e7480000, 0x0000000100000000)
  eden space 219648K, 0% used [0x00000000d6b80000,0x00000000d6b80000,0x00000000e4200000)
  from space 11264K, 99% used [0x00000000e6980000,0x00000000e747de48,0x00000000e7480000)
  to   space 13824K, 0% used [0x00000000e5980000,0x00000000e5980000,0x00000000e6700000)
 ParOldGen       total 56320K, used 18135K [0x0000000084200000, 0x0000000087900000, 0x00000000d6b80000)
  object space 56320K, 32% used [0x0000000084200000,0x00000000853b5d78,0x0000000087900000)
 Metaspace       used 33312K, capacity 33850K, committed 34048K, reserved 1079296K
  class space    used 3950K, capacity 4080K, committed 4096K, reserved 1048576K
}
Event: 70.088 GC heap before
{Heap before GC invocations=10 (full 1):
 PSYoungGen      total 230912K, used 87720K [0x00000000d6b80000, 0x00000000e7480000, 0x0000000100000000)
  eden space 219648K, 34% used [0x00000000d6b80000,0x00000000db62c510,0x00000000e4200000)
  from space 11264K, 99% used [0x00000000e6980000,0x00000000e747de48,0x00000000e7480000)
  to   space 13824K, 0% used [0x00000000e5980000,0x00000000e5980000,0x00000000e6700000)
 ParOldGen       total 56320K, used 18135K [0x0000000084200000, 0x0000000087900000, 0x00000000d6b80000)
  object space 56320K, 32% used [0x0000000084200000,0x00000000853b5d78,0x0000000087900000)
 Metaspace       used 34622K, capacity 35136K, committed 35416K, reserved 1081344K
  class space    used 4092K, capacity 4209K, committed 4224K, reserved 1048576K
Event: 70.220 GC heap after
Heap after GC invocations=10 (full 1):
 PSYoungGen      total 257536K, used 8737K [0x00000000d6b80000, 0x00000000ec500000, 0x0000000100000000)
  eden space 243712K, 0% used [0x00000000d6b80000,0x00000000d6b80000,0x00000000e5980000)
  from space 13824K, 63% used [0x00000000e5980000,0x00000000e6208410,0x00000000e6700000)
  to   space 13312K, 0% used [0x00000000eb800000,0x00000000eb800000,0x00000000ec500000)
 ParOldGen       total 56320K, used 18143K [0x0000000084200000, 0x0000000087900000, 0x00000000d6b80000)
  object space 56320K, 32% used [0x0000000084200000,0x00000000853b7d78,0x0000000087900000)
 Metaspace       used 34622K, capacity 35136K, committed 35416K, reserved 1081344K
  class space    used 4092K, capacity 4209K, committed 4224K, reserved 1048576K
}
Event: 70.220 GC heap before
{Heap before GC invocations=11 (full 2):
 PSYoungGen      total 257536K, used 8737K [0x00000000d6b80000, 0x00000000ec500000, 0x0000000100000000)
  eden space 243712K, 0% used [0x00000000d6b80000,0x00000000d6b80000,0x00000000e5980000)
  from space 13824K, 63% used [0x00000000e5980000,0x00000000e6208410,0x00000000e6700000)
  to   space 13312K, 0% used [0x00000000eb800000,0x00000000eb800000,0x00000000ec500000)
 ParOldGen       total 56320K, used 18143K [0x0000000084200000, 0x0000000087900000, 0x00000000d6b80000)
  object space 56320K, 32% used [0x0000000084200000,0x00000000853b7d78,0x0000000087900000)
 Metaspace       used 34622K, capacity 35136K, committed 35416K, reserved 1081344K
  class space    used 4092K, capacity 4209K, committed 4224K, reserved 1048576K
Event: 70.416 GC heap after
Heap after GC invocations=11 (full 2):
 PSYoungGen      total 257536K, used 0K [0x00000000d6b80000, 0x00000000ec500000, 0x0000000100000000)
  eden space 243712K, 0% used [0x00000000d6b80000,0x00000000d6b80000,0x00000000e5980000)
  from space 13824K, 0% used [0x00000000e5980000,0x00000000e5980000,0x00000000e6700000)
  to   space 13312K, 0% used [0x00000000eb800000,0x00000000eb800000,0x00000000ec500000)
 ParOldGen       total 70144K, used 22955K [0x0000000084200000, 0x0000000088680000, 0x00000000d6b80000)
  object space 70144K, 32% used [0x0000000084200000,0x000000008586ad98,0x0000000088680000)
 Metaspace       used 34622K, capacity 35136K, committed 35416K, reserved 1081344K
  class space    used 4092K, capacity 4209K, committed 4224K, reserved 1048576K
}

Deoptimization events (10 events):
Event: 85.814 Thread 0x000000005a99d800 Uncommon trap: reason=unstable_if action=reinterpret pc=0x0000000002e9e980 method=java.util.HashMap$HashIterator.<init>(Ljava/util/HashMap;)V @ 45
Event: 85.815 Thread 0x000000005a99d800 Uncommon trap: reason=unstable_if action=reinterpret pc=0x0000000002ba3074 method=java.util.HashMap$HashIterator.<init>(Ljava/util/HashMap;)V @ 45
Event: 85.904 Thread 0x000000005a99d800 Uncommon trap: reason=class_check action=maybe_recompile pc=0x0000000002947d0c method=java.lang.String.equals(Ljava/lang/Object;)Z @ 8
Event: 85.908 Thread 0x000000005a99d800 Uncommon trap: reason=class_check action=maybe_recompile pc=0x0000000002947d0c method=java.lang.String.equals(Ljava/lang/Object;)Z @ 8
Event: 85.909 Thread 0x000000005a99d800 Uncommon trap: reason=class_check action=maybe_recompile pc=0x0000000002947d0c method=java.lang.String.equals(Ljava/lang/Object;)Z @ 8
Event: 85.909 Thread 0x000000005a99d800 Uncommon trap: reason=class_check action=maybe_recompile pc=0x0000000002947d0c method=java.lang.String.equals(Ljava/lang/Object;)Z @ 8
Event: 85.983 Thread 0x000000005a99d800 Uncommon trap: reason=unstable_if action=reinterpret pc=0x000000000343c52c method=java.lang.Class.privateGetMethodRecursive(Ljava/lang/String;[Ljava/lang/Class;ZLjava/lang/Class$MethodArray;)Ljava/lang/reflect/Method; @ 63
Event: 89.162 Thread 0x000000005a99d800 Uncommon trap: reason=unstable_if action=reinterpret pc=0x00000000032d72a4 method=java.util.HashMap$HashIterator.<init>(Ljava/util/HashMap;)V @ 45
Event: 108.363 Thread 0x000000005a99d800 Uncommon trap: reason=class_check action=maybe_recompile pc=0x0000000002ba70c0 method=java.util.AbstractList$Itr.hasNext()Z @ 8
Event: 108.363 Thread 0x000000005a99d800 Uncommon trap: reason=class_check action=maybe_recompile pc=0x0000000002bf81f4 method=java.util.AbstractList$Itr.next()Ljava/lang/Object; @ 14

Internal exceptions (10 events):
Event: 85.966 Thread 0x000000005a99d800 Exception <a 'java/lang/ClassNotFoundException': javax/servlet/jsp/PageContextCustomizer> (0x00000000dd3095b8) thrown at [C:\re\workspace\8-2-build-windows-amd64-cygwin\jdk8u66\4988\hotspot\src\share\vm\classfile\systemDictionary.cpp, line 210]
Event: 85.969 Thread 0x000000005a99d800 Exception <a 'java/lang/ClassNotFoundException': org/apache/jasper/runtime/PageContextImplCustomizer> (0x00000000dd33d078) thrown at [C:\re\workspace\8-2-build-windows-amd64-cygwin\jdk8u66\4988\hotspot\src\share\vm\classfile\systemDictionary.cpp, line 210]Ø]¿3D~U@
Event: 85.973 Thread 0x000000005a99d800 Exception <a 'java/lang/ClassNotFoundException': org/apache/catalina/core/ApplicationHttpRequestBeanInfo> (0x00000000dd391798) thrown at [C:\re\workspace\8-2-build-windows-amd64-cygwin\jdk8u66\4988\hotspot\src\share\vm\classfile\systemDictionary.cpp, line øÚ∆†]~U@
Event: 85.974 Thread 0x000000005a99d800 Exception <a 'java/lang/ClassNotFoundException': javax/servlet/http/HttpServletRequestWrapperBeanInfo> (0x00000000dd3b2090) thrown at [C:\re\workspace\8-2-build-windows-amd64-cygwin\jdk8u66\4988\hotspot\src\share\vm\classfile\systemDictionary.cpp, line 210ThyDv~U@
Event: 85.976 Thread 0x000000005a99d800 Exception <a 'java/lang/ClassNotFoundException': javax/servlet/ServletRequestWrapperBeanInfo> (0x00000000dd3d0b60) thrown at [C:\re\workspace\8-2-build-windows-amd64-cygwin\jdk8u66\4988\hotspot\src\share\vm\classfile\systemDictionary.cpp, line 210]
Event: 85.977 Thread 0x000000005a99d800 Exception <a 'java/lang/ClassNotFoundException': javax/servlet/ServletRequestWrapperCustomizer> (0x00000000dd3efb28) thrown at [C:\re\workspace\8-2-build-windows-amd64-cygwin\jdk8u66\4988\hotspot\src\share\vm\classfile\systemDictionary.cpp, line 210]
Event: 85.980 Thread 0x000000005a99d800 Exception <a 'java/lang/ClassNotFoundException': javax/servlet/http/HttpServletRequestWrapperCustomizer> (0x00000000dd42bb10) thrown at [C:\re\workspace\8-2-build-windows-amd64-cygwin\jdk8u66\4988\hotspot\src\share\vm\classfile\systemDictionary.cpp, line 2ô”	n‡~U@
Event: 85.982 Thread 0x000000005a99d800 Exception <a 'java/lang/ClassNotFoundException': org/apache/catalina/core/ApplicationHttpRequestCustomizer> (0x00000000dd467f60) thrown at [C:\re\workspace\8-2-build-windows-amd64-cygwin\jdk8u66\4988\hotspot\src\share\vm\classfile\systemDictionary.cpp, linåa|ÛπÅV@
Event: 90.027 Thread 0x000000005a99d800 Exception <a 'java/lang/ClassNotFoundException': com/yxq/carpark/dto/FormDataBeanInfo> (0x00000000dd6d7fb8) thrown at [C:\re\workspace\8-2-build-windows-amd64-cygwin\jdk8u66\4988\hotspot\src\share\vm\classfile\systemDictionary.cpp, line 210]
Event: 90.031 Thread 0x000000005a99d800 Exception <a 'java/lang/ClassNotFoundException': com/yxq/carpark/dto/FormDataCustomizer> (0x00000000dd705b90) thrown at [C:\re\workspace\8-2-build-windows-amd64-cygwin\jdk8u66\4988\hotspot\src\share\vm\classfile\systemDictionary.cpp, line 210]

Events (10 events):
Event: 111.762 loading class com/yxq/carpark/core/CharsRecognise
Event: 111.762 loading class com/yxq/carpark/core/CharsRecognise done
Event: 111.763 loading class com/yxq/carpark/core/CharsSegment
Event: 111.763 loading class com/yxq/carpark/core/CharsSegment done
Event: 111.765 loading class com/yxq/carpark/core/CharsIdentify
Event: 111.765 loading class com/yxq/carpark/core/CharsIdentify done
Event: 111.782 loading class com/yxq/carpark/core/CoreFunc$Color
Event: 111.783 loading class com/yxq/carpark/core/CoreFunc$Color done
Event: 111.787 loading class com/yxq/carpark/utils/Convert
Event: 111.787 loading class com/yxq/carpark/utils/Convert done


Dynamic libraries:
0x000000013f940000 - 0x000000013f977000 	C:\Users\yexiaoqing\AppData\Local\MyEclipse 2016 CI\binary\com.sun.java.jdk8.win32.x86_64_1.8.0.u66\bin\javaw.exe
0x0000000077c30000 - 0x0000000077dda000 	C:\Windows\SYSTEM32\ntdll.dll
0x00000000779d0000 - 0x0000000077aef000 	C:\Windows\system32\kernel32.dll
0x000007fefd7a0000 - 0x000007fefd80a000 	C:\Windows\system32\KERNELBASE.dll
0x000007fefdc40000 - 0x000007fefdd1b000 	C:\Windows\system32\ADVAPI32.dll
0x000007fefeb30000 - 0x000007fefebcf000 	C:\Windows\system32\msvcrt.dll
0x000007fefe120000 - 0x000007fefe13f000 	C:\Windows\SYSTEM32\sechost.dll
0x000007feffbb0000 - 0x000007feffcdd000 	C:\Windows\system32\RPCRT4.dll
0x00000000778d0000 - 0x00000000779ca000 	C:\Windows\system32\USER32.dll
0x000007fefdd20000 - 0x000007fefdd87000 	C:\Windows\system32\GDI32.dll
0x000007fefed90000 - 0x000007fefed9e000 	C:\Windows\system32\LPK.dll
0x000007fefea60000 - 0x000007fefeb2a000 	C:\Windows\system32\USP10.dll
0x000007fefbab0000 - 0x000007fefbca4000 	C:\Windows\WinSxS\amd64_microsoft.windows.common-controls_6595b64144ccf1df_6.0.7601.18837_none_fa3b1e3d17594757\COMCTL32.dll
0x000007feffce0000 - 0x000007feffd51000 	C:\Windows\system32\SHLWAPI.dll
0x000007fefe0f0000 - 0x000007fefe11e000 	C:\Windows\system32\IMM32.DLL
0x000007fefe8b0000 - 0x000007fefe9b9000 	C:\Windows\system32\MSCTF.dll
0x000000006acb0000 - 0x000000006ad82000 	C:\Users\yexiaoqing\AppData\Local\MyEclipse 2016 CI\binary\com.sun.java.jdk8.win32.x86_64_1.8.0.u66\jre\bin\msvcr100.dll
0x000000006a420000 - 0x000000006aca9000 	C:\Users\yexiaoqing\AppData\Local\MyEclipse 2016 CI\binary\com.sun.java.jdk8.win32.x86_64_1.8.0.u66\jre\bin\server\jvm.dll
0x000007feef670000 - 0x000007feef679000 	C:\Windows\system32\WSOCK32.dll
0x000007fefed40000 - 0x000007fefed8d000 	C:\Windows\system32\WS2_32.dll
0x000007fefdd90000 - 0x000007fefdd98000 	C:\Windows\system32\NSI.dll
0x000007fefd740000 - 0x000007fefd77b000 	C:\Windows\system32\WINMM.dll
0x000007fefc780000 - 0x000007fefc78c000 	C:\Windows\system32\VERSION.dll
0x0000000077e00000 - 0x0000000077e07000 	C:\Windows\system32\PSAPI.DLL
0x0000000074be0000 - 0x0000000074bef000 	C:\Users\yexiaoqing\AppData\Local\MyEclipse 2016 CI\binary\com.sun.java.jdk8.win32.x86_64_1.8.0.u66\jre\bin\verify.dll
0x0000000074bb0000 - 0x0000000074bd9000 	C:\Users\yexiaoqing\AppData\Local\MyEclipse 2016 CI\binary\com.sun.java.jdk8.win32.x86_64_1.8.0.u66\jre\bin\java.dll
0x0000000074b90000 - 0x0000000074ba6000 	C:\Users\yexiaoqing\AppData\Local\MyEclipse 2016 CI\binary\com.sun.java.jdk8.win32.x86_64_1.8.0.u66\jre\bin\zip.dll
0x000007fefee20000 - 0x000007feffba9000 	C:\Windows\system32\SHELL32.dll
0x000007fefe5a0000 - 0x000007fefe7a3000 	C:\Windows\system32\ole32.dll
0x000007fefd6f0000 - 0x000007fefd6ff000 	C:\Windows\system32\profapi.dll
0x000007fefd520000 - 0x000007fefd577000 	C:\Windows\system32\apphelp.dll
0x000000006f500000 - 0x000000006f51a000 	C:\Users\yexiaoqing\AppData\Local\MyEclipse 2016 CI\binary\com.sun.java.jdk8.win32.x86_64_1.8.0.u66\jre\bin\net.dll
0x000007fefce90000 - 0x000007fefcee5000 	C:\Windows\system32\mswsock.dll
0x000007fefce80000 - 0x000007fefce87000 	C:\Windows\System32\wship6.dll
0x000000006d9c0000 - 0x000000006d9d1000 	C:\Users\yexiaoqing\AppData\Local\MyEclipse 2016 CI\binary\com.sun.java.jdk8.win32.x86_64_1.8.0.u66\jre\bin\nio.dll
0x000000006f140000 - 0x000000006f14d000 	C:\Users\yexiaoqing\AppData\Local\MyEclipse 2016 CI\binary\com.sun.java.jdk8.win32.x86_64_1.8.0.u66\jre\bin\management.dll
0x000007fefc010000 - 0x000007fefc025000 	C:\Windows\system32\NLAapi.dll
0x000007fef8980000 - 0x000007fef8995000 	C:\Windows\system32\napinsp.dll
0x000007fef8960000 - 0x000007fef8979000 	C:\Windows\system32\pnrpnsp.dll
0x000007fefcd10000 - 0x000007fefcd6b000 	C:\Windows\system32\DNSAPI.dll
0x000007fef8950000 - 0x000007fef895b000 	C:\Windows\System32\winrnr.dll
0x000007fef8940000 - 0x000007fef8950000 	C:\Windows\system32\wshbth.dll
0x000007fefc850000 - 0x000007fefc857000 	C:\Windows\System32\wshtcpip.dll
0x000007fefae90000 - 0x000007fefaeb7000 	C:\Windows\system32\IPHLPAPI.DLL
0x000007fefae80000 - 0x000007fefae8b000 	C:\Windows\system32\WINNSI.DLL
0x000007fefa8f0000 - 0x000007fefa8f8000 	C:\Windows\system32\rasadhlp.dll
0x000007fefa790000 - 0x000007fefa7e3000 	C:\Windows\System32\fwpuclnt.dll
0x000007fefcef0000 - 0x000007fefcf07000 	C:\Windows\system32\CRYPTSP.dll
0x000007fefcbf0000 - 0x000007fefcc37000 	C:\Windows\system32\rsaenh.dll
0x000007fefdb10000 - 0x000007fefdb2e000 	C:\Windows\system32\USERENV.dll
0x000007fefd580000 - 0x000007fefd58f000 	C:\Windows\system32\CRYPTBASE.dll
0x000007fefa570000 - 0x000007fefa588000 	C:\Windows\system32\dhcpcsvc.DLL
0x000007fefa550000 - 0x000007fefa561000 	C:\Windows\system32\dhcpcsvc6.DLL
0x000000005ff70000 - 0x0000000060041000 	C:\Users\yexiaoqing\AppData\Local\Temp\javacpp11010282849685\msvcr100.dll
0x000000005fed0000 - 0x000000005ff68000 	C:\Users\yexiaoqing\AppData\Local\Temp\javacpp11010282849685\msvcp100.dll
0x000007feea760000 - 0x000007feea9e0000 	C:\Users\yexiaoqing\AppData\Local\Temp\javacpp11010282849685\opencv_core2411.dll
0x000007fee9aa0000 - 0x000007fee9c92000 	C:\Users\yexiaoqing\AppData\Local\Temp\javacpp11010282849685\jniopencv_core.dll
0x000007fee97d0000 - 0x000007fee9a91000 	C:\Users\yexiaoqing\AppData\Local\Temp\javacpp11010282849685\opencv_imgproc2411.dll
0x000007fefac40000 - 0x000007feface8000 	C:\Users\yexiaoqing\AppData\Local\Temp\javacpp11010282849685\jniopencv_imgproc.dll
0x0000000066840000 - 0x00000000676b4000 	C:\Users\yexiaoqing\AppData\Local\Temp\javacpp11010282849685\opencv_ffmpeg2411_64.dll
0x000007fee7cb0000 - 0x000007fee7efe000 	C:\Users\yexiaoqing\AppData\Local\Temp\javacpp11010282849685\opencv_highgui2411.dll
0x000007fefebd0000 - 0x000007fefecaa000 	C:\Windows\system32\OLEAUT32.dll
0x000007fefac20000 - 0x000007fefac3f000 	C:\Windows\system32\AVIFIL32.dll
0x000007fefaff0000 - 0x000007fefb008000 	C:\Windows\system32\MSACM32.dll
0x000007fefab50000 - 0x000007fefab79000 	C:\Windows\system32\MSVFW32.dll
0x000007fefac00000 - 0x000007fefac17000 	C:\Windows\system32\AVICAP32.dll
0x000007fef8a30000 - 0x000007fef8a81000 	C:\Users\yexiaoqing\AppData\Local\Temp\javacpp11010282849685\jniopencv_highgui.dll
0x000007fef1e50000 - 0x000007fef1ee6000 	C:\Users\yexiaoqing\AppData\Local\Temp\javacpp11010282849685\opencv_ml2411.dll
0x000007fee7c10000 - 0x000007fee7cae000 	C:\Users\yexiaoqing\AppData\Local\Temp\javacpp11010282849685\jniopencv_ml.dll
0x000007fef2750000 - 0x000007fef2875000 	C:\Windows\system32\dbghelp.dll

VM Arguments:
jvm_args: -Dmaven.home=C:\Users\yexiaoqing\Desktop\ssh\day46_maven\◊ ¡œ\maven -Dclassworlds.conf=C:\Users\yexiaoqing\Workspaces\MyEclipse 2016 CI\.metadata\.plugins\org.eclipse.m2e.launching\launches\m2conf178478194363568702.tmp -Dfile.encoding=GBK 
java_command: org.codehaus.plexus.classworlds.launcher.Launcher -B -s C:\Users\yexiaoqing\Desktop\ssh\day46_maven\◊ ¡œ\maven\conf\settings.xml tomcat:run
java_class_path (initial): C:\Users\yexiaoqing\Desktop\ssh\day46_maven\◊ ¡œ\maven\boot\plexus-classworlds-2.4.jar
Launcher Type: SUN_STANDARD

Environment Variables:
JAVA_HOME=C:\Program Files\Java\jdk1.8.0_144
CLASSPATH=C:\Program Files\Java\jdk1.8.0_144\lib;C:\Program Files\Java\jdk1.8.0_144\lib\tools.jar
PATH=C:\ProgramData\Oracle\Java\javapath;C:\Windows\system32;;C:\Windows;C:\Windows\system32\wbem;C:\Program Files (x86)\Windows Kits\8.1\Windows Performance Toolkit\;C:\Program Files\Microsoft SQL Server\110\Tools\Binn\;C:\Program Files (x86)\MySQL\MySQL Server 5.0\bin;C:\Program Files\SlikSvn\bin;C:\Program Files\TortoiseSVN\bin;C:\Users\yexiaoqing\Desktop\ssh\day46_maven\◊ ¡œ\maven\bin;C:\Program Files\nodejs\;C:\Program Files (x86)\Yarn\bin;C:\Program Files (x86)\VanDyke Software\Clients\;C:\Program Files\Java\jdk1.8.0_144\bin;C:\Program Files\Java\jdk1.8.0_144\jre\bin;C:\Users\yexiaoqing\AppData\Roaming\npm;C:\Users\yexiaoqing\AppData\Local\Yarn\bin;C:\Program Files (x86)\VanDyke Software\Clients\
USERNAME=yexiaoqing
OS=Windows_NT
PROCESSOR_IDENTIFIER=Intel64 Family 6 Model 23 Stepping 10, GenuineIntel



---------------  S Y S T E M  ---------------

OS: Windows 7 , 64 bit Build 7601 (6.1.7601.23677)

CPU:total 2 (2 cores per cpu, 1 threads per core) family 6 model 23 stepping 10, cmov, cx8, fxsr, mmx, sse, sse2, sse3, ssse3, sse4.1, tsc

Memory: 4k page, physical 8116836k(4428576k free), swap 16231812k(11758852k free)

vm_info: Java HotSpot(TM) 64-Bit Server VM (25.66-b17) for windows-amd64 JRE (1.8.0_66-b17), built on Oct  6 2015 18:55:33 by "java_re" with MS VC++ 10.0 (VS2010)

time: Tue May 22 19:19:43 2018
elapsed time: 111 seconds (0d 0h 1m 51s)

