#
# A fatal error has been detected by the Java Runtime Environment:
#
#  EXCEPTION_ACCESS_VIOLATION (0xc0000005) at pc=0x000007fefd7ba06d, pid=4060, tid=6184
#
# JRE version: Java(TM) SE Runtime Environment (8.0_66-b17) (build 1.8.0_66-b17)
# Java VM: Java HotSpot(TM) 64-Bit Server VM (25.66-b17 mixed mode windows-amd64 compressed oops)
# Problematic frame:
# C  [KERNELBASE.dll+0x1a06d]
#
# Failed to write core dump. Minidumps are not enabled by default on client versions of Windows
#
# If you would like to submit a bug report, please visit:
#   http://bugreport.java.com/bugreport/crash.jsp
# The crash happened outside the Java Virtual Machine in native code.
# See problematic frame for where to report the bug.
#

---------------  T H R E A D  ---------------

Current thread (0x0000000059f7f800):  JavaThread "http-8080-1" daemon [_thread_in_native, id=6184, stack(0x0000000058710000,0x0000000058810000)]

siginfo: ExceptionCode=0xc0000005, reading address 0x0000000041affff8

Registers:
RAX=0x000000002fc00498, RBX=0x000000005880bb20, RCX=0x0000000058809770, RDX=0x0000000000002270
RSP=0x0000000058809d80, RBP=0x000000005880a410, RSI=0x000000005880c010, RDI=0x000000005880ab70
R8 =0x0000000000000000, R9 =0x0000000000000000, R10=0x0000000000092888, R11=0x0000000058809dc0
R12=0x000000005880b1c8, R13=0x0000000000000000, R14=0x0000000058809ec0, R15=0x000007fee995fcd0
RIP=0x000007fefd7ba06d, EFLAGS=0x0000000000000202

Top of Stack: (sp=0x0000000058809d80)
0x0000000058809d80:   000000005880bb20 000000005880c010
0x0000000058809d90:   000000005880ab70 0000000000000000
0x0000000058809da0:   00000000c0000005 0000000000000000
0x0000000058809db0:   000007fefd7ba06d 0000000000000002
0x0000000058809dc0:   0000000000000000 0000000041affff8
0x0000000058809dd0:   000000005880cbd0 000007fee995fcf6
0x0000000058809de0:   0000000000000000 000000006acd20da
0x0000000058809df0:   000000005880ab70 000000005880ab70
0x0000000058809e00:   009e0170009e016f 009e0172009e0171
0x0000000058809e10:   000000005880ab70 000000006acd20fb
0x0000000058809e20:   000000005880bb20 000000005880cbd0
0x0000000058809e30:   000000005880cbd0 0000000000001008
0x0000000058809e40:   000000005880bb20 000000006ad104d6
0x0000000058809e50:   000007fee995fcd0 000000005880b1c8
0x0000000058809e60:   009b010800000100 009b010a56801f98
0x0000000058809e70:   009c010c00000001 0000000058809cc0 

Instructions: (pc=0x000007fefd7ba06d)
0x000007fefd7ba04d:   54 24 24 48 89 4c 24 28 4d 85 c9 0f 85 6a 03 00
0x000007fefd7ba05d:   00 89 4c 24 38 48 8d 4c 24 20 ff 15 33 02 03 00
0x000007fefd7ba06d:   48 81 c4 c8 00 00 00 c3 90 90 90 90 90 90 90 90
0x000007fefd7ba07d:   90 90 90 48 83 ec 28 65 48 8b 04 25 30 00 00 00 


Register to memory mapping:

RAX=0x000000002fc00498 is an unknown value
RBX=0x000000005880bb20 is pointing into the stack for thread: 0x0000000059f7f800
RCX=0x0000000058809770 is pointing into the stack for thread: 0x0000000059f7f800
RDX=0x0000000000002270 is an unknown value
RSP=0x0000000058809d80 is pointing into the stack for thread: 0x0000000059f7f800
RBP=0x000000005880a410 is pointing into the stack for thread: 0x0000000059f7f800
RSI=0x000000005880c010 is pointing into the stack for thread: 0x0000000059f7f800
RDI=0x000000005880ab70 is pointing into the stack for thread: 0x0000000059f7f800
R8 =0x0000000000000000 is an unknown value
R9 =0x0000000000000000 is an unknown value
R10=0x0000000000092888 is an unknown value
R11=0x0000000058809dc0 is pointing into the stack for thread: 0x0000000059f7f800
R12=0x000000005880b1c8 is pointing into the stack for thread: 0x0000000059f7f800
R13=0x0000000000000000 is an unknown value
R14=0x0000000058809ec0 is pointing into the stack for thread: 0x0000000059f7f800
R15=0x000007fee995fcd0 is an unknown value


Stack: [0x0000000058710000,0x0000000058810000],  sp=0x0000000058809d80,  free space=999k
Native frames: (J=compiled Java code, j=interpreted, Vv=VM code, C=native code)
C  [KERNELBASE.dll+0x1a06d]
C  [msvcr100.dll+0x604d6]
C  [ntdll.dll+0x4b681]
C  [opencv_imgproc2411.dll+0x3e6ae]
C  [opencv_imgproc2411.dll+0x41d57]
C  [opencv_imgproc2411.dll+0x42458]
C  [jniopencv_imgproc.dll+0x4f8a6]
C  0x0000000002653874

Java frames: (J=compiled Java code, j=interpreted, Vv=VM code)
j  org.bytedeco.javacpp.opencv_imgproc.findContours(Lorg/bytedeco/javacpp/opencv_core$Mat;Lorg/bytedeco/javacpp/opencv_core$MatVector;II)V+0
j  com.yxq.carpark.core.CharsSegment.charsSegment(Lorg/bytedeco/javacpp/opencv_core$Mat;Ljava/util/Vector;)I+243
j  com.yxq.carpark.core.CharsRecognise.charsRecognise(Lorg/bytedeco/javacpp/opencv_core$Mat;)Ljava/lang/String;+17
j  com.yxq.carpark.serviceImpl.PlateRecogniseImpl.plateRecognise(Ljava/lang/String;)Ljava/util/List;+76
j  com.yxq.carpark.controller.ImageRPController.upload(Lorg/springframework/web/multipart/MultipartFile;ILjavax/servlet/http/HttpServletResponse;Ljavax/servlet/http/HttpServletRequest;)Ljava/lang/String;+291
v  ~StubRoutines::call_stub
J 1768  sun.reflect.NativeMethodAccessorImpl.invoke0(Ljava/lang/reflect/Method;Ljava/lang/Object;[Ljava/lang/Object;)Ljava/lang/Object; (0 bytes) @ 0x0000000002c098bf [0x0000000002c09840+0x7f]
J 1767 C1 sun.reflect.NativeMethodAccessorImpl.invoke(Ljava/lang/Object;[Ljava/lang/Object;)Ljava/lang/Object; (104 bytes) @ 0x0000000002c08fe4 [0x0000000002c08c60+0x384]
J 5867 C2 java.lang.reflect.Method.invoke(Ljava/lang/Object;[Ljava/lang/Object;)Ljava/lang/Object; (62 bytes) @ 0x00000000029c6bd8 [0x00000000029c6b40+0x98]
j  org.springframework.web.method.support.InvocableHandlerMethod.doInvoke([Ljava/lang/Object;)Ljava/lang/Object;+16
j  org.springframework.web.method.support.InvocableHandlerMethod.invokeForRequest(Lorg/springframework/web/context/request/NativeWebRequest;Lorg/springframework/web/method/support/ModelAndViewContainer;[Ljava/lang/Object;)Ljava/lang/Object;+96
j  org.springframework.web.servlet.mvc.method.annotation.ServletInvocableHandlerMethod.invokeAndHandle(Lorg/springframework/web/context/request/ServletWebRequest;Lorg/springframework/web/method/support/ModelAndViewContainer;[Ljava/lang/Object;)V+4
j  org.springframework.web.servlet.mvc.method.annotation.RequestMappingHandlerAdapter.invokeHandleMethod(Ljavax/servlet/http/HttpServletRequest;Ljavax/servlet/http/HttpServletResponse;Lorg/springframework/web/method/HandlerMethod;)Lorg/springframework/web/servlet/ModelAndView;+230
j  org.springframework.web.servlet.mvc.method.annotation.RequestMappingHandlerAdapter.handleInternal(Ljavax/servlet/http/HttpServletRequest;Ljavax/servlet/http/HttpServletResponse;Lorg/springframework/web/method/HandlerMethod;)Lorg/springframework/web/servlet/ModelAndView;+89
j  org.springframework.web.servlet.mvc.method.AbstractHandlerMethodAdapter.handle(Ljavax/servlet/http/HttpServletRequest;Ljavax/servlet/http/HttpServletResponse;Ljava/lang/Object;)Lorg/springframework/web/servlet/ModelAndView;+7
j  org.springframework.web.servlet.DispatcherServlet.doDispatch(Ljavax/servlet/http/HttpServletRequest;Ljavax/servlet/http/HttpServletResponse;)V+318
j  org.springframework.web.servlet.DispatcherServlet.doService(Ljavax/servlet/http/HttpServletRequest;Ljavax/servlet/http/HttpServletResponse;)V+301
j  org.springframework.web.servlet.FrameworkServlet.processRequest(Ljavax/servlet/http/HttpServletRequest;Ljavax/servlet/http/HttpServletResponse;)V+71
j  org.springframework.web.servlet.FrameworkServlet.doPost(Ljavax/servlet/http/HttpServletRequest;Ljavax/servlet/http/HttpServletResponse;)V+3
j  javax.servlet.http.HttpServlet.service(Ljavax/servlet/http/HttpServletRequest;Ljavax/servlet/http/HttpServletResponse;)V+139
j  org.springframework.web.servlet.FrameworkServlet.service(Ljavax/servlet/http/HttpServletRequest;Ljavax/servlet/http/HttpServletResponse;)V+32
j  javax.servlet.http.HttpServlet.service(Ljavax/servlet/ServletRequest;Ljavax/servlet/ServletResponse;)V+30
j  org.apache.catalina.core.ApplicationFilterChain.internalDoFilter(Ljavax/servlet/ServletRequest;Ljavax/servlet/ServletResponse;)V+376
j  org.apache.catalina.core.ApplicationFilterChain.doFilter(Ljavax/servlet/ServletRequest;Ljavax/servlet/ServletResponse;)V+101
j  org.springframework.web.filter.HttpPutFormContentFilter.doFilterInternal(Ljavax/servlet/http/HttpServletRequest;Ljavax/servlet/http/HttpServletResponse;Ljavax/servlet/FilterChain;)V+87
j  org.springframework.web.filter.OncePerRequestFilter.doFilter(Ljavax/servlet/ServletRequest;Ljavax/servlet/ServletResponse;Ljavax/servlet/FilterChain;)V+111
j  org.apache.catalina.core.ApplicationFilterChain.internalDoFilter(Ljavax/servlet/ServletRequest;Ljavax/servlet/ServletResponse;)V+119
j  org.apache.catalina.core.ApplicationFilterChain.doFilter(Ljavax/servlet/ServletRequest;Ljavax/servlet/ServletResponse;)V+101
j  org.springframework.web.filter.HiddenHttpMethodFilter.doFilterInternal(Ljavax/servlet/http/HttpServletRequest;Ljavax/servlet/http/HttpServletResponse;Ljavax/servlet/FilterChain;)V+71
j  org.springframework.web.filter.OncePerRequestFilter.doFilter(Ljavax/servlet/ServletRequest;Ljavax/servlet/ServletResponse;Ljavax/servlet/FilterChain;)V+111
j  org.apache.catalina.core.ApplicationFilterChain.internalDoFilter(Ljavax/servlet/ServletRequest;Ljavax/servlet/ServletResponse;)V+119
j  org.apache.catalina.core.ApplicationFilterChain.doFilter(Ljavax/servlet/ServletRequest;Ljavax/servlet/ServletResponse;)V+101
j  org.springframework.web.filter.CharacterEncodingFilter.doFilterInternal(Ljavax/servlet/http/HttpServletRequest;Ljavax/servlet/http/HttpServletResponse;Ljavax/servlet/FilterChain;)V+53
j  org.springframework.web.filter.OncePerRequestFilter.doFilter(Ljavax/servlet/ServletRequest;Ljavax/servlet/ServletResponse;Ljavax/servlet/FilterChain;)V+111
j  org.apache.catalina.core.ApplicationFilterChain.internalDoFilter(Ljavax/servlet/ServletRequest;Ljavax/servlet/ServletResponse;)V+119
j  org.apache.catalina.core.ApplicationFilterChain.doFilter(Ljavax/servlet/ServletRequest;Ljavax/servlet/ServletResponse;)V+101
j  org.apache.catalina.core.StandardWrapperValve.invoke(Lorg/apache/catalina/connector/Request;Lorg/apache/catalina/connector/Response;)V+804
j  org.apache.catalina.core.StandardContextValve.invoke(Lorg/apache/catalina/connector/Request;Lorg/apache/catalina/connector/Response;)V+365
j  org.apache.catalina.core.StandardHostValve.invoke(Lorg/apache/catalina/connector/Request;Lorg/apache/catalina/connector/Response;)V+64
j  org.apache.catalina.valves.ErrorReportValve.invoke(Lorg/apache/catalina/connector/Request;Lorg/apache/catalina/connector/Response;)V+6
j  org.apache.catalina.core.StandardEngineValve.invoke(Lorg/apache/catalina/connector/Request;Lorg/apache/catalina/connector/Response;)V+42
j  org.apache.catalina.connector.CoyoteAdapter.service(Lorg/apache/coyote/Request;Lorg/apache/coyote/Response;)V+158
j  org.apache.coyote.http11.Http11Processor.process(Ljava/net/Socket;)V+468
j  org.apache.coyote.http11.Http11Protocol$Http11ConnectionHandler.process(Ljava/net/Socket;)Z+82
j  org.apache.tomcat.util.net.JIoEndpoint$Worker.run()V+41
j  java.lang.Thread.run()V+11
v  ~StubRoutines::call_stub

---------------  P R O C E S S  ---------------

Java Threads: ( => current thread )
  0x0000000059a72000 JavaThread "Abandoned connection cleanup thread" daemon [_thread_blocked, id=6192, stack(0x000000005ed80000,0x000000005ee80000)]
  0x0000000059929800 JavaThread "com.mchange.v2.async.ThreadPoolAsynchronousRunner$PoolThread-#2" daemon [_thread_blocked, id=5492, stack(0x000000005ec00000,0x000000005ed00000)]
  0x0000000059929000 JavaThread "com.mchange.v2.async.ThreadPoolAsynchronousRunner$PoolThread-#1" daemon [_thread_blocked, id=5172, stack(0x000000005cbc0000,0x000000005ccc0000)]
  0x0000000058fea000 JavaThread "com.mchange.v2.async.ThreadPoolAsynchronousRunner$PoolThread-#0" daemon [_thread_blocked, id=5296, stack(0x000000005e940000,0x000000005ea40000)]
  0x000000005b780800 JavaThread "Timer-0" daemon [_thread_blocked, id=4404, stack(0x000000005d410000,0x000000005d510000)]
  0x0000000059aa1800 JavaThread "commons-pool-EvictionTimer" daemon [_thread_blocked, id=4704, stack(0x000000005ce20000,0x000000005cf20000)]
  0x0000000059d89000 JavaThread "http-8080-2" daemon [_thread_blocked, id=5560, stack(0x000000005bf70000,0x000000005c070000)]
=>0x0000000059f7f800 JavaThread "http-8080-1" daemon [_thread_in_native, id=6184, stack(0x0000000058710000,0x0000000058810000)]
  0x0000000058c5d800 JavaThread "http-8080-Acceptor-0" daemon [_thread_in_native, id=4424, stack(0x000000005c2b0000,0x000000005c3b0000)]
  0x0000000059bd5800 JavaThread "ContainerBackgroundProcessor[StandardEngine[localEngine]]" daemon [_thread_blocked, id=6552, stack(0x000000005c190000,0x000000005c290000)]
  0x0000000056fbf800 JavaThread "Service Thread" daemon [_thread_blocked, id=5768, stack(0x00000000580a0000,0x00000000581a0000)]
  0x0000000056f7a000 JavaThread "C1 CompilerThread1" daemon [_thread_blocked, id=6928, stack(0x00000000581d0000,0x00000000582d0000)]
  0x0000000056f69000 JavaThread "C2 CompilerThread0" daemon [_thread_blocked, id=4160, stack(0x0000000057c50000,0x0000000057d50000)]
  0x0000000056f72800 JavaThread "Attach Listener" daemon [_thread_blocked, id=3848, stack(0x0000000057e60000,0x0000000057f60000)]
  0x0000000056f52800 JavaThread "Signal Dispatcher" daemon [_thread_blocked, id=4924, stack(0x0000000057f70000,0x0000000058070000)]
  0x0000000056efd800 JavaThread "Finalizer" daemon [_thread_blocked, id=5684, stack(0x0000000057d50000,0x0000000057e50000)]
  0x0000000056ef4800 JavaThread "Reference Handler" daemon [_thread_blocked, id=6900, stack(0x0000000057b20000,0x0000000057c20000)]
  0x000000000039e800 JavaThread "main" [_thread_blocked, id=6724, stack(0x0000000002540000,0x0000000002640000)]

Other Threads:
  0x0000000056eee800 VMThread [stack: 0x0000000057950000,0x0000000057a50000] [id=6480]
  0x0000000058320800 WatcherThread [stack: 0x0000000058820000,0x0000000058920000] [id=5636]

VM state:not at safepoint (normal execution)

VM Mutex/Monitor currently owned by a thread: None

Heap:
 PSYoungGen      total 264192K, used 147948K [0x00000000d6b80000, 0x00000000ebd80000, 0x0000000100000000)
  eden space 247808K, 59% used [0x00000000d6b80000,0x00000000dfbfb210,0x00000000e5d80000)
  from space 16384K, 0% used [0x00000000e5d80000,0x00000000e5d80000,0x00000000e6d80000)
  to   space 15360K, 0% used [0x00000000eae80000,0x00000000eae80000,0x00000000ebd80000)
 ParOldGen       total 86528K, used 22524K [0x0000000084200000, 0x0000000089680000, 0x00000000d6b80000)
  object space 86528K, 26% used [0x0000000084200000,0x00000000857ff128,0x0000000089680000)
 Metaspace       used 46223K, capacity 46910K, committed 47320K, reserved 1091584K
  class space    used 5338K, capacity 5554K, committed 5632K, reserved 1048576K

Card table byte_map: [0x0000000011a00000,0x0000000011de0000] byte_map_base: 0x00000000115df000

Marking Bits: (ParMarkBitMap*) 0x000000006ac2a5b0
 Begin Bits: [0x00000000123f0000, 0x00000000142e8000)
 End Bits:   [0x00000000142e8000, 0x00000000161e0000)

Polling page: 0x0000000000320000

CodeCache: size=245760Kb used=16972Kb max_used=16972Kb free=228787Kb
 bounds [0x0000000002640000, 0x00000000036f0000, 0x0000000011640000]
 total_blobs=5931 nmethods=5326 adapters=518
 compilation: enabled

Compilation events (10 events):
Event: 196.855 Thread 0x0000000056f7a000 6268       3       sun.util.calendar.Gregorian::newCalendarDate (9 bytes)
Event: 196.855 Thread 0x0000000056f7a000 nmethod 6268 0x00000000036e2d90 code [0x00000000036e2f00, 0x00000000036e3148]
Event: 196.855 Thread 0x0000000056f7a000 6269       3       sun.util.calendar.Gregorian$Date::<init> (6 bytes)
Event: 196.855 Thread 0x0000000056f7a000 nmethod 6269 0x00000000036e3250 code [0x00000000036e33c0, 0x00000000036e3670]
Event: 196.855 Thread 0x0000000056f7a000 6270       3       sun.util.calendar.BaseCalendar$Date::<init> (32 bytes)
Event: 196.855 Thread 0x0000000056f7a000 nmethod 6270 0x00000000036e3790 code [0x00000000036e3900, 0x00000000036e3b50]
Event: 196.855 Thread 0x0000000056f7a000 6271       3       sun.util.calendar.CalendarDate::<init> (16 bytes)
Event: 196.855 Thread 0x0000000056f7a000 nmethod 6271 0x00000000036e3c50 code [0x00000000036e3da0, 0x00000000036e3f70]
Event: 196.855 Thread 0x0000000056f7a000 6266       3       java.util.Formatter$Conversion::isFloat (72 bytes)
Event: 196.856 Thread 0x0000000056f7a000 nmethod 6266 0x00000000036e4010 code [0x00000000036e4160, 0x00000000036e42f0]

GC Heap History (10 events):
Event: 8.206 GC heap before
{Heap before GC invocations=5 (full 0):
 PSYoungGen      total 132096K, used 69928K [0x00000000d6b80000, 0x00000000df180000, 0x0000000100000000)
  eden space 126976K, 51% used [0x00000000d6b80000,0x00000000daad0008,0x00000000de780000)
  from space 5120K, 99% used [0x00000000dec80000,0x00000000df17a040,0x00000000df180000)
  to   space 5120K, 0% used [0x00000000de780000,0x00000000de780000,0x00000000dec80000)
 ParOldGen       total 84992K, used 8864K [0x0000000084200000, 0x0000000089500000, 0x00000000d6b80000)
  object space 84992K, 10% used [0x0000000084200000,0x0000000084aa8288,0x0000000089500000)
 Metaspace       used 20684K, capacity 21136K, committed 21248K, reserved 1069056K
  class space    used 2401K, capacity 2537K, committed 2560K, reserved 1048576K
Event: 8.235 GC heap after
Heap after GC invocations=5 (full 0):
 PSYoungGen      total 132096K, used 5088K [0x00000000d6b80000, 0x00000000e7d80000, 0x0000000100000000)
  eden space 126976K, 0% used [0x00000000d6b80000,0x00000000d6b80000,0x00000000de780000)
  from space 5120K, 99% used [0x00000000de780000,0x00000000dec78038,0x00000000dec80000)
  to   space 13312K, 0% used [0x00000000e7080000,0x00000000e7080000,0x00000000e7d80000)
 ParOldGen       total 84992K, used 16045K [0x0000000084200000, 0x0000000089500000, 0x00000000d6b80000)
  object space 84992K, 18% used [0x0000000084200000,0x00000000851ab7e0,0x0000000089500000)
 Metaspace       used 20684K, capacity 21136K, committed 21248K, reserved 1069056K
  class space    used 2401K, capacity 2537K, committed 2560K, reserved 1048576K
}
Event: 8.235 GC heap before
{Heap before GC invocations=6 (full 1):
 PSYoungGen      total 132096K, used 5088K [0x00000000d6b80000, 0x00000000e7d80000, 0x0000000100000000)
  eden space 126976K, 0% used [0x00000000d6b80000,0x00000000d6b80000,0x00000000de780000)
  from space 5120K, 99% used [0x00000000de780000,0x00000000dec78038,0x00000000dec80000)
  to   space 13312K, 0% used [0x00000000e7080000,0x00000000e7080000,0x00000000e7d80000)
 ParOldGen       total 84992K, used 16045K [0x0000000084200000, 0x0000000089500000, 0x00000000d6b80000)
  object space 84992K, 18% used [0x0000000084200000,0x00000000851ab7e0,0x0000000089500000)
 Metaspace       used 20684K, capacity 21136K, committed 21248K, reserved 1069056K
  class space    used 2401K, capacity 2537K, committed 2560K, reserved 1048576K
Event: 8.398 GC heap after
Heap after GC invocations=6 (full 1):
 PSYoungGen      total 132096K, used 0K [0x00000000d6b80000, 0x00000000e7d80000, 0x0000000100000000)
  eden space 126976K, 0% used [0x00000000d6b80000,0x00000000d6b80000,0x00000000de780000)
  from space 5120K, 0% used [0x00000000de780000,0x00000000de780000,0x00000000dec80000)
  to   space 13312K, 0% used [0x00000000e7080000,0x00000000e7080000,0x00000000e7d80000)
 ParOldGen       total 70144K, used 18335K [0x0000000084200000, 0x0000000088680000, 0x00000000d6b80000)
  object space 70144K, 26% used [0x0000000084200000,0x00000000853e7f48,0x0000000088680000)
 Metaspace       used 20684K, capacity 21136K, committed 21248K, reserved 1069056K
  class space    used 2401K, capacity 2537K, committed 2560K, reserved 1048576K
}
Event: 103.490 GC heap before
{Heap before GC invocations=7 (full 1):
 PSYoungGen      total 132096K, used 126976K [0x00000000d6b80000, 0x00000000e7d80000, 0x0000000100000000)
  eden space 126976K, 100% used [0x00000000d6b80000,0x00000000de780000,0x00000000de780000)
  from space 5120K, 0% used [0x00000000de780000,0x00000000de780000,0x00000000dec80000)
  to   space 13312K, 0% used [0x00000000e7080000,0x00000000e7080000,0x00000000e7d80000)
 ParOldGen       total 70144K, used 18335K [0x0000000084200000, 0x0000000088680000, 0x00000000d6b80000)
  object space 70144K, 26% used [0x0000000084200000,0x00000000853e7f48,0x0000000088680000)
 Metaspace       used 33624K, capacity 34106K, committed 34304K, reserved 1079296K
  class space    used 3976K, capacity 4080K, committed 4096K, reserved 1048576K
Event: 103.516 GC heap after
Heap after GC invocations=7 (full 1):
 PSYoungGen      total 213504K, used 13297K [0x00000000d6b80000, 0x00000000e7d80000, 0x0000000100000000)
  eden space 200192K, 0% used [0x00000000d6b80000,0x00000000d6b80000,0x00000000e2f00000)
  from space 13312K, 99% used [0x00000000e7080000,0x00000000e7d7c488,0x00000000e7d80000)
  to   space 16384K, 0% used [0x00000000e5d80000,0x00000000e5d80000,0x00000000e6d80000)
 ParOldGen       total 70144K, used 20118K [0x0000000084200000, 0x0000000088680000, 0x00000000d6b80000)
  object space 70144K, 28% used [0x0000000084200000,0x00000000855a5a80,0x0000000088680000)
 Metaspace       used 33624K, capacity 34106K, committed 34304K, reserved 1079296K
  class space    used 3976K, capacity 4080K, committed 4096K, reserved 1048576K
}
Event: 104.364 GC heap before
{Heap before GC invocations=8 (full 1):
 PSYoungGen      total 213504K, used 87597K [0x00000000d6b80000, 0x00000000e7d80000, 0x0000000100000000)
  eden space 200192K, 37% used [0x00000000d6b80000,0x00000000db40f0d8,0x00000000e2f00000)
  from space 13312K, 99% used [0x00000000e7080000,0x00000000e7d7c488,0x00000000e7d80000)
  to   space 16384K, 0% used [0x00000000e5d80000,0x00000000e5d80000,0x00000000e6d80000)
 ParOldGen       total 70144K, used 20118K [0x0000000084200000, 0x0000000088680000, 0x00000000d6b80000)
  object space 70144K, 28% used [0x0000000084200000,0x00000000855a5a80,0x0000000088680000)
 Metaspace       used 34750K, capacity 35200K, committed 35416K, reserved 1081344K
  class space    used 4098K, capacity 4209K, committed 4224K, reserved 1048576K
Event: 104.387 GC heap after
Heap after GC invocations=8 (full 1):
 PSYoungGen      total 264192K, used 8743K [0x00000000d6b80000, 0x00000000ebd80000, 0x0000000100000000)
  eden space 247808K, 0% used [0x00000000d6b80000,0x00000000d6b80000,0x00000000e5d80000)
  from space 16384K, 53% used [0x00000000e5d80000,0x00000000e6609ef0,0x00000000e6d80000)
  to   space 15360K, 0% used [0x00000000eae80000,0x00000000eae80000,0x00000000ebd80000)
 ParOldGen       total 70144K, used 20126K [0x0000000084200000, 0x0000000088680000, 0x00000000d6b80000)
  object space 70144K, 28% used [0x0000000084200000,0x00000000855a7a80,0x0000000088680000)
 Metaspace       used 34750K, capacity 35200K, committed 35416K, reserved 1081344K
  class space    used 4098K, capacity 4209K, committed 4224K, reserved 1048576K
}
Event: 104.387 GC heap before
{Heap before GC invocations=9 (full 2):
 PSYoungGen      total 264192K, used 8743K [0x00000000d6b80000, 0x00000000ebd80000, 0x0000000100000000)
  eden space 247808K, 0% used [0x00000000d6b80000,0x00000000d6b80000,0x00000000e5d80000)
  from space 16384K, 53% used [0x00000000e5d80000,0x00000000e6609ef0,0x00000000e6d80000)
  to   space 15360K, 0% used [0x00000000eae80000,0x00000000eae80000,0x00000000ebd80000)
 ParOldGen       total 70144K, used 20126K [0x0000000084200000, 0x0000000088680000, 0x00000000d6b80000)
  object space 70144K, 28% used [0x0000000084200000,0x00000000855a7a80,0x0000000088680000)
 Metaspace       used 34750K, capacity 35200K, committed 35416K, reserved 1081344K
  class space    used 4098K, capacity 4209K, committed 4224K, reserved 1048576K
Event: 104.585 GC heap after
Heap after GC invocations=9 (full 2):
 PSYoungGen      total 264192K, used 0K [0x00000000d6b80000, 0x00000000ebd80000, 0x0000000100000000)
  eden space 247808K, 0% used [0x00000000d6b80000,0x00000000d6b80000,0x00000000e5d80000)
  from space 16384K, 0% used [0x00000000e5d80000,0x00000000e5d80000,0x00000000e6d80000)
  to   space 15360K, 0% used [0x00000000eae80000,0x00000000eae80000,0x00000000ebd80000)
 ParOldGen       total 86528K, used 22524K [0x0000000084200000, 0x0000000089680000, 0x00000000d6b80000)
  object space 86528K, 26% used [0x0000000084200000,0x00000000857ff128,0x0000000089680000)
 Metaspace       used 34750K, capacity 35200K, committed 35416K, reserved 1081344K
  class space    used 4098K, capacity 4209K, committed 4224K, reserved 1048576K
}

Deoptimization events (10 events):
Event: 125.696 Thread 0x0000000059f7f800 Uncommon trap: reason=class_check action=maybe_recompile pc=0x00000000028cfac4 method=java.lang.String.equals(Ljava/lang/Object;)Z @ 8
Event: 125.699 Thread 0x0000000059f7f800 Uncommon trap: reason=class_check action=maybe_recompile pc=0x00000000028cfac4 method=java.lang.String.equals(Ljava/lang/Object;)Z @ 8
Event: 125.700 Thread 0x0000000059f7f800 Uncommon trap: reason=class_check action=maybe_recompile pc=0x00000000028cfac4 method=java.lang.String.equals(Ljava/lang/Object;)Z @ 8
Event: 125.700 Thread 0x0000000059f7f800 Uncommon trap: reason=class_check action=maybe_recompile pc=0x00000000028cfac4 method=java.lang.String.equals(Ljava/lang/Object;)Z @ 8
Event: 134.503 Thread 0x0000000059f7f800 Uncommon trap: reason=unstable_if action=reinterpret pc=0x0000000002aea1cc method=java.util.BitSet.get(I)Z @ 45
Event: 136.540 Thread 0x0000000059f7f800 Uncommon trap: reason=bimorphic action=maybe_recompile pc=0x0000000002ff4694 method=java.io.DataInputStream.readInt()I @ 4
Event: 141.657 Thread 0x0000000059f7f800 Uncommon trap: reason=bimorphic action=maybe_recompile pc=0x0000000002ff4694 method=java.io.DataInputStream.readInt()I @ 4
Event: 151.818 Thread 0x0000000059f7f800 Uncommon trap: reason=class_check action=maybe_recompile pc=0x0000000002c5e544 method=java.util.AbstractList$Itr.hasNext()Z @ 8
Event: 151.818 Thread 0x0000000059f7f800 Uncommon trap: reason=class_check action=maybe_recompile pc=0x0000000002c72974 method=java.util.AbstractList$Itr.next()Ljava/lang/Object; @ 14
Event: 151.882 Thread 0x0000000059f7f800 Uncommon trap: reason=unstable_if action=reinterpret pc=0x000000000275f60c method=java.io.WinNTFileSystem.isLetter(C)Z @ 15

Internal exceptions (10 events):
Event: 125.774 Thread 0x0000000059f7f800 Exception <a 'java/lang/ClassNotFoundException': org/apache/jasper/runtime/PageContextImplCustomizer> (0x00000000dd1c8130) thrown at [C:\re\workspace\8-2-build-windows-amd64-cygwin\jdk8u66\4988\hotspot\src\share\vm\classfile\systemDictionary.cpp, line 210]qÓžÊq_@
Event: 125.778 Thread 0x0000000059f7f800 Exception <a 'java/lang/ClassNotFoundException': org/apache/catalina/core/ApplicationHttpRequestBeanInfo> (0x00000000dd21c868) thrown at [C:\re\workspace\8-2-build-windows-amd64-cygwin\jdk8u66\4988\hotspot\src\share\vm\classfile\systemDictionary.cpp, line 4 «}çq_@
Event: 125.780 Thread 0x0000000059f7f800 Exception <a 'java/lang/ClassNotFoundException': javax/servlet/http/HttpServletRequestWrapperBeanInfo> (0x00000000dd23d160) thrown at [C:\re\workspace\8-2-build-windows-amd64-cygwin\jdk8u66\4988\hotspot\src\share\vm\classfile\systemDictionary.cpp, line 210ìÅ™îr_@
Event: 125.781 Thread 0x0000000059f7f800 Exception <a 'java/lang/ClassNotFoundException': javax/servlet/ServletRequestWrapperBeanInfo> (0x00000000dd25bc30) thrown at [C:\re\workspace\8-2-build-windows-amd64-cygwin\jdk8u66\4988\hotspot\src\share\vm\classfile\systemDictionary.cpp, line 210]
Event: 125.783 Thread 0x0000000059f7f800 Exception <a 'java/lang/ClassNotFoundException': javax/servlet/ServletRequestWrapperCustomizer> (0x00000000dd27abf8) thrown at [C:\re\workspace\8-2-build-windows-amd64-cygwin\jdk8u66\4988\hotspot\src\share\vm\classfile\systemDictionary.cpp, line 210]
Event: 125.790 Thread 0x0000000059f7f800 Exception <a 'java/lang/ClassNotFoundException': javax/servlet/http/HttpServletRequestWrapperCustomizer> (0x00000000dd2b6be0) thrown at [C:\re\workspace\8-2-build-windows-amd64-cygwin\jdk8u66\4988\hotspot\src\share\vm\classfile\systemDictionary.cpp, line 2'K³¼r_@
Event: 125.793 Thread 0x0000000059f7f800 Exception <a 'java/lang/ClassNotFoundException': org/apache/catalina/core/ApplicationHttpRequestCustomizer> (0x00000000dd2f3020) thrown at [C:\re\workspace\8-2-build-windows-amd64-cygwin\jdk8u66\4988\hotspot\src\share\vm\classfile\systemDictionary.cpp, lineºã5Tø`@
Event: 135.760 Thread 0x0000000059f7f800 Exception <a 'java/lang/NoSuchMethodError': <clinit>> (0x00000000dd7108a0) thrown at [C:\re\workspace\8-2-build-windows-amd64-cygwin\jdk8u66\4988\hotspot\src\share\vm\prims\jni.cpp, line 1591]
Event: 136.414 Thread 0x0000000059f7f800 Exception <a 'java/lang/ClassNotFoundException': com/yxq/carpark/dto/FormDataBeanInfo> (0x00000000dd7d5b38) thrown at [C:\re\workspace\8-2-build-windows-amd64-cygwin\jdk8u66\4988\hotspot\src\share\vm\classfile\systemDictionary.cpp, line 210]
Event: 136.418 Thread 0x0000000059f7f800 Exception <a 'java/lang/ClassNotFoundException': com/yxq/carpark/dto/FormDataCustomizer> (0x00000000dd803710) thrown at [C:\re\workspace\8-2-build-windows-amd64-cygwin\jdk8u66\4988\hotspot\src\share\vm\classfile\systemDictionary.cpp, line 210]

Events (10 events):
Event: 155.248 loading class com/yxq/carpark/core/CoreFunc$Color
Event: 155.248 loading class com/yxq/carpark/core/CoreFunc$Color done
Event: 155.253 loading class com/yxq/carpark/utils/Convert
Event: 155.253 loading class com/yxq/carpark/utils/Convert done
Event: 156.010 loading class java/util/stream/IntStream
Event: 156.010 loading class java/util/stream/IntStream done
Event: 156.105 Executing VM operation: RevokeBias
Event: 156.106 Executing VM operation: RevokeBias done
Event: 156.108 loading class org/springframework/http/HttpStatus
Event: 156.108 loading class org/springframework/http/HttpStatus done


Dynamic libraries:
0x000000013f940000 - 0x000000013f977000 	C:\Users\yexiaoqing\AppData\Local\MyEclipse 2016 CI\binary\com.sun.java.jdk8.win32.x86_64_1.8.0.u66\bin\javaw.exe
0x0000000077c30000 - 0x0000000077dda000 	C:\Windows\SYSTEM32\ntdll.dll
0x00000000779d0000 - 0x0000000077aef000 	C:\Windows\system32\kernel32.dll
0x000007fefd7a0000 - 0x000007fefd80a000 	C:\Windows\system32\KERNELBASE.dll
0x000007fefdc40000 - 0x000007fefdd1b000 	C:\Windows\system32\ADVAPI32.dll
0x000007fefeb30000 - 0x000007fefebcf000 	C:\Windows\system32\msvcrt.dll
0x000007fefe120000 - 0x000007fefe13f000 	C:\Windows\SYSTEM32\sechost.dll
0x000007feffbb0000 - 0x000007feffcdd000 	C:\Windows\system32\RPCRT4.dll
0x00000000778d0000 - 0x00000000779ca000 	C:\Windows\system32\USER32.dll
0x000007fefdd20000 - 0x000007fefdd87000 	C:\Windows\system32\GDI32.dll
0x000007fefed90000 - 0x000007fefed9e000 	C:\Windows\system32\LPK.dll
0x000007fefea60000 - 0x000007fefeb2a000 	C:\Windows\system32\USP10.dll
0x000007fefbab0000 - 0x000007fefbca4000 	C:\Windows\WinSxS\amd64_microsoft.windows.common-controls_6595b64144ccf1df_6.0.7601.18837_none_fa3b1e3d17594757\COMCTL32.dll
0x000007feffce0000 - 0x000007feffd51000 	C:\Windows\system32\SHLWAPI.dll
0x000007fefe0f0000 - 0x000007fefe11e000 	C:\Windows\system32\IMM32.DLL
0x000007fefe8b0000 - 0x000007fefe9b9000 	C:\Windows\system32\MSCTF.dll
0x000000006acb0000 - 0x000000006ad82000 	C:\Users\yexiaoqing\AppData\Local\MyEclipse 2016 CI\binary\com.sun.java.jdk8.win32.x86_64_1.8.0.u66\jre\bin\msvcr100.dll
0x000000006a420000 - 0x000000006aca9000 	C:\Users\yexiaoqing\AppData\Local\MyEclipse 2016 CI\binary\com.sun.java.jdk8.win32.x86_64_1.8.0.u66\jre\bin\server\jvm.dll
0x000007feef670000 - 0x000007feef679000 	C:\Windows\system32\WSOCK32.dll
0x000007fefed40000 - 0x000007fefed8d000 	C:\Windows\system32\WS2_32.dll
0x000007fefdd90000 - 0x000007fefdd98000 	C:\Windows\system32\NSI.dll
0x000007fefd740000 - 0x000007fefd77b000 	C:\Windows\system32\WINMM.dll
0x000007fefc780000 - 0x000007fefc78c000 	C:\Windows\system32\VERSION.dll
0x0000000077e00000 - 0x0000000077e07000 	C:\Windows\system32\PSAPI.DLL
0x0000000074be0000 - 0x0000000074bef000 	C:\Users\yexiaoqing\AppData\Local\MyEclipse 2016 CI\binary\com.sun.java.jdk8.win32.x86_64_1.8.0.u66\jre\bin\verify.dll
0x0000000074bb0000 - 0x0000000074bd9000 	C:\Users\yexiaoqing\AppData\Local\MyEclipse 2016 CI\binary\com.sun.java.jdk8.win32.x86_64_1.8.0.u66\jre\bin\java.dll
0x0000000074b90000 - 0x0000000074ba6000 	C:\Users\yexiaoqing\AppData\Local\MyEclipse 2016 CI\binary\com.sun.java.jdk8.win32.x86_64_1.8.0.u66\jre\bin\zip.dll
0x000007fefee20000 - 0x000007feffba9000 	C:\Windows\system32\SHELL32.dll
0x000007fefe5a0000 - 0x000007fefe7a3000 	C:\Windows\system32\ole32.dll
0x000007fefd6f0000 - 0x000007fefd6ff000 	C:\Windows\system32\profapi.dll
0x000007fefd520000 - 0x000007fefd577000 	C:\Windows\system32\apphelp.dll
0x000000006f500000 - 0x000000006f51a000 	C:\Users\yexiaoqing\AppData\Local\MyEclipse 2016 CI\binary\com.sun.java.jdk8.win32.x86_64_1.8.0.u66\jre\bin\net.dll
0x000007fefce90000 - 0x000007fefcee5000 	C:\Windows\system32\mswsock.dll
0x000007fefce80000 - 0x000007fefce87000 	C:\Windows\System32\wship6.dll
0x000000006d9c0000 - 0x000000006d9d1000 	C:\Users\yexiaoqing\AppData\Local\MyEclipse 2016 CI\binary\com.sun.java.jdk8.win32.x86_64_1.8.0.u66\jre\bin\nio.dll
0x000000006f140000 - 0x000000006f14d000 	C:\Users\yexiaoqing\AppData\Local\MyEclipse 2016 CI\binary\com.sun.java.jdk8.win32.x86_64_1.8.0.u66\jre\bin\management.dll
0x000007fefc010000 - 0x000007fefc025000 	C:\Windows\system32\NLAapi.dll
0x000007fef8980000 - 0x000007fef8995000 	C:\Windows\system32\napinsp.dll
0x000007fef8960000 - 0x000007fef8979000 	C:\Windows\system32\pnrpnsp.dll
0x000007fefcd10000 - 0x000007fefcd6b000 	C:\Windows\system32\DNSAPI.dll
0x000007fef8950000 - 0x000007fef895b000 	C:\Windows\System32\winrnr.dll
0x000007fef8940000 - 0x000007fef8950000 	C:\Windows\system32\wshbth.dll
0x000007fefc850000 - 0x000007fefc857000 	C:\Windows\System32\wshtcpip.dll
0x000007fefae90000 - 0x000007fefaeb7000 	C:\Windows\system32\IPHLPAPI.DLL
0x000007fefae80000 - 0x000007fefae8b000 	C:\Windows\system32\WINNSI.DLL
0x000007fefa8f0000 - 0x000007fefa8f8000 	C:\Windows\system32\rasadhlp.dll
0x000007fefa790000 - 0x000007fefa7e3000 	C:\Windows\System32\fwpuclnt.dll
0x000007fefcef0000 - 0x000007fefcf07000 	C:\Windows\system32\CRYPTSP.dll
0x000007fefcbf0000 - 0x000007fefcc37000 	C:\Windows\system32\rsaenh.dll
0x000007fefdb10000 - 0x000007fefdb2e000 	C:\Windows\system32\USERENV.dll
0x000007fefd580000 - 0x000007fefd58f000 	C:\Windows\system32\CRYPTBASE.dll
0x000007fefa570000 - 0x000007fefa588000 	C:\Windows\system32\dhcpcsvc.DLL
0x000007fefa550000 - 0x000007fefa561000 	C:\Windows\system32\dhcpcsvc6.DLL
0x000000005ff70000 - 0x0000000060041000 	C:\Users\yexiaoqing\AppData\Local\Temp\javacpp10129938783959\msvcr100.dll
0x000000005fed0000 - 0x000000005ff68000 	C:\Users\yexiaoqing\AppData\Local\Temp\javacpp10129938783959\msvcp100.dll
0x000007feea760000 - 0x000007feea9e0000 	C:\Users\yexiaoqing\AppData\Local\Temp\javacpp10129938783959\opencv_core2411.dll
0x000007fee9aa0000 - 0x000007fee9c92000 	C:\Users\yexiaoqing\AppData\Local\Temp\javacpp10129938783959\jniopencv_core.dll
0x000007fee97d0000 - 0x000007fee9a91000 	C:\Users\yexiaoqing\AppData\Local\Temp\javacpp10129938783959\opencv_imgproc2411.dll
0x000007fef1e40000 - 0x000007fef1ee8000 	C:\Users\yexiaoqing\AppData\Local\Temp\javacpp10129938783959\jniopencv_imgproc.dll
0x0000000066840000 - 0x00000000676b4000 	C:\Users\yexiaoqing\AppData\Local\Temp\javacpp10129938783959\opencv_ffmpeg2411_64.dll
0x000007fee7cb0000 - 0x000007fee7efe000 	C:\Users\yexiaoqing\AppData\Local\Temp\javacpp10129938783959\opencv_highgui2411.dll
0x000007fefebd0000 - 0x000007fefecaa000 	C:\Windows\system32\OLEAUT32.dll
0x000007fefacd0000 - 0x000007fefacef000 	C:\Windows\system32\AVIFIL32.dll
0x000007fefaff0000 - 0x000007fefb008000 	C:\Windows\system32\MSACM32.dll
0x000007fefac80000 - 0x000007fefaca9000 	C:\Windows\system32\MSVFW32.dll
0x000007fefab60000 - 0x000007fefab77000 	C:\Windows\system32\AVICAP32.dll
0x000007fef8a30000 - 0x000007fef8a81000 	C:\Users\yexiaoqing\AppData\Local\Temp\javacpp10129938783959\jniopencv_highgui.dll
0x000007fee7c10000 - 0x000007fee7ca6000 	C:\Users\yexiaoqing\AppData\Local\Temp\javacpp10129938783959\opencv_ml2411.dll
0x000007fee7b70000 - 0x000007fee7c0e000 	C:\Users\yexiaoqing\AppData\Local\Temp\javacpp10129938783959\jniopencv_ml.dll
0x000007fef2750000 - 0x000007fef2875000 	C:\Windows\system32\dbghelp.dll

VM Arguments:
jvm_args: -Dmaven.home=C:\Users\yexiaoqing\Desktop\ssh\day46_maven\×ÊÁÏ\maven -Dclassworlds.conf=C:\Users\yexiaoqing\Workspaces\MyEclipse 2016 CI\.metadata\.plugins\org.eclipse.m2e.launching\launches\m2conf636447787909382100.tmp -Dfile.encoding=GBK 
java_command: org.codehaus.plexus.classworlds.launcher.Launcher -B -s C:\Users\yexiaoqing\Desktop\ssh\day46_maven\×ÊÁÏ\maven\conf\settings.xml tomcat:run
java_class_path (initial): C:\Users\yexiaoqing\Desktop\ssh\day46_maven\×ÊÁÏ\maven\boot\plexus-classworlds-2.4.jar
Launcher Type: SUN_STANDARD

Environment Variables:
JAVA_HOME=C:\Program Files\Java\jdk1.8.0_144
CLASSPATH=C:\Program Files\Java\jdk1.8.0_144\lib;C:\Program Files\Java\jdk1.8.0_144\lib\tools.jar
PATH=C:\ProgramData\Oracle\Java\javapath;C:\Windows\system32;;C:\Windows;C:\Windows\system32\wbem;C:\Program Files (x86)\Windows Kits\8.1\Windows Performance Toolkit\;C:\Program Files\Microsoft SQL Server\110\Tools\Binn\;C:\Program Files (x86)\MySQL\MySQL Server 5.0\bin;C:\Program Files\SlikSvn\bin;C:\Program Files\TortoiseSVN\bin;C:\Users\yexiaoqing\Desktop\ssh\day46_maven\×ÊÁÏ\maven\bin;C:\Program Files\nodejs\;C:\Program Files (x86)\Yarn\bin;C:\Program Files (x86)\VanDyke Software\Clients\;C:\Program Files\Java\jdk1.8.0_144\bin;C:\Program Files\Java\jdk1.8.0_144\jre\bin;C:\Users\yexiaoqing\AppData\Roaming\npm;C:\Users\yexiaoqing\AppData\Local\Yarn\bin;C:\Program Files (x86)\VanDyke Software\Clients\
USERNAME=yexiaoqing
OS=Windows_NT
PROCESSOR_IDENTIFIER=Intel64 Family 6 Model 23 Stepping 10, GenuineIntel



---------------  S Y S T E M  ---------------

OS: Windows 7 , 64 bit Build 7601 (6.1.7601.23677)

CPU:total 2 (2 cores per cpu, 1 threads per core) family 6 model 23 stepping 10, cmov, cx8, fxsr, mmx, sse, sse2, sse3, ssse3, sse4.1, tsc

Memory: 4k page, physical 8116836k(4315564k free), swap 16231812k(11646536k free)

vm_info: Java HotSpot(TM) 64-Bit Server VM (25.66-b17) for windows-amd64 JRE (1.8.0_66-b17), built on Oct  6 2015 18:55:33 by "java_re" with MS VC++ 10.0 (VS2010)

time: Tue May 22 19:05:44 2018
elapsed time: 197 seconds (0d 0h 3m 17s)

