#
# A fatal error has been detected by the Java Runtime Environment:
#
#  EXCEPTION_ACCESS_VIOLATION (0xc0000005) at pc=0x000000007751f23c, pid=5244, tid=3068
#
# JRE version: Java(TM) SE Runtime Environment (8.0_66-b17) (build 1.8.0_66-b17)
# Java VM: Java HotSpot(TM) 64-Bit Server VM (25.66-b17 mixed mode windows-amd64 compressed oops)
# Problematic frame:
# C  [ntdll.dll+0x4f23c]
#
# Failed to write core dump. Minidumps are not enabled by default on client versions of Windows
#
# If you would like to submit a bug report, please visit:
#   http://bugreport.java.com/bugreport/crash.jsp
#

---------------  T H R E A D  ---------------

Current thread (0x000000005a382800):  JavaThread "http-8080-4" daemon [_thread_in_vm, id=3068, stack(0x000000005e790000,0x000000005e890000)]

siginfo: ExceptionCode=0xc0000005, reading address 0x00000757291a9f88

Registers:
RAX=0x000000e9000006b0, RBX=0x00000757291a9f80, RCX=0x000000ffffffffff, RDX=0x0000000000000000
RSP=0x000000005e88e800, RBP=0x00000000599e95e0, RSI=0x0000000000000000, RDI=0x0000000000000000
R8 =0x00000000599e95d0, R9 =0x000000005f756620, R10=0x0066006e0069006b, R11=0x00000000599e95e0
R12=0x0000000001c90000, R13=0x000000005e88ea00, R14=0x0000000000000000, R15=0x000000005a382800
RIP=0x000000007751f23c, EFLAGS=0x0000000000010202

Top of Stack: (sp=0x000000005e88e800)
0x000000005e88e800:   0000000000000000 000000006dd98d17
0x000000005e88e810:   0000000000000002 00000000000000d6
0x000000005e88e820:   000000005c47ed78 0000000002353740
0x000000005e88e830:   00000000599e95e0 000000006978c0fa
0x000000005e88e840:   000000005a382800 0000000000000000
0x000000005e88e850:   000000005b242d50 00000000599e95e0
0x000000005e88e860:   00000000599e95e0 000000000000006a
0x000000005e88e870:   000000005a382800 0000000077291a0a
0x000000005e88e880:   00000000e1c34c80 000000005e88ea00
0x000000005e88e890:   0000000000000000 000000005a382800
0x000000005e88e8a0:   000000005a382800 000000006dd98d94
0x000000005e88e8b0:   000000005e88ea00 000000005b242d50
0x000000005e88e8c0:   00000000000000e0 00000000599e95e0
0x000000005e88e8d0:   000000005a382800 00000000696aee94
0x000000005e88e8e0:   0000000000000002 00000000000000e0
0x000000005e88e8f0:   000000005e88ea00 0000000000000000 

Instructions: (pc=0x000000007751f23c)
0x000000007751f21c:   ff ff 00 00 00 49 33 dc 48 23 c1 48 c1 eb 04 48
0x000000007751f22c:   33 d8 48 33 1d 93 e1 0d 00 48 c1 e3 04 0f 0d 0b
0x000000007751f23c:   48 8b 7b 08 49 bd 01 00 00 00 01 00 00 00 49 be
0x000000007751f24c:   ff 7f 00 00 ff ff ff ff 41 c6 40 0f 80 41 88 70 


Register to memory mapping:

RAX=0x000000e9000006b0 is an unknown value
RBX=0x00000757291a9f80 is an unknown value
RCX=0x000000ffffffffff is an unknown value
RDX=0x0000000000000000 is an unknown value
RSP=0x000000005e88e800 is pointing into the stack for thread: 0x000000005a382800
RBP=0x00000000599e95e0 is an unknown value
RSI=0x0000000000000000 is an unknown value
RDI=0x0000000000000000 is an unknown value
R8 =0x00000000599e95d0 is an unknown value
R9 =0x000000005f756620 is an unknown value
R10=0x0066006e0069006b is an unknown value
R11=0x00000000599e95e0 is an unknown value
R12=0x0000000001c90000 is an unknown value
R13=0x000000005e88ea00 is pointing into the stack for thread: 0x000000005a382800
R14=0x0000000000000000 is an unknown value
R15=0x000000005a382800 is a thread


Stack: [0x000000005e790000,0x000000005e890000],  sp=0x000000005e88e800,  free space=1018k
Native frames: (J=compiled Java code, j=interpreted, Vv=VM code, C=native code)
C  [ntdll.dll+0x4f23c]
C  [kernel32.dll+0x21a0a]
C  [msvcr100.dll+0x68d94]
V  [jvm.dll+0x13ee94]
C  [java.dll+0xc74e]
C  [java.dll+0xa12b]
C  0x0000000002c0c209

Java frames: (J=compiled Java code, j=interpreted, Vv=VM code)
J 1560  java.io.WinNTFileSystem.getBooleanAttributes(Ljava/io/File;)I (0 bytes) @ 0x0000000002c0c18f [0x0000000002c0c140+0x4f]
J 4674 C2 java.io.File.exists()Z (43 bytes) @ 0x00000000033681bc [0x0000000003368080+0x13c]
j  org.apache.naming.resources.FileDirContext.file(Ljava/lang/String;)Ljava/io/File;+14
j  org.apache.naming.resources.FileDirContext.getAttributes(Ljava/lang/String;[Ljava/lang/String;)Ljavax/naming/directory/Attributes;+2
j  org.apache.naming.resources.BaseDirContext.getAttributes(Ljava/lang/String;)Ljavax/naming/directory/Attributes;+3
j  org.apache.naming.resources.ProxyDirContext.cacheLoad(Lorg/apache/naming/resources/CacheEntry;)V+22
j  org.apache.naming.resources.ProxyDirContext.cacheLookup(Ljava/lang/String;)Lorg/apache/naming/resources/CacheEntry;+76
j  org.apache.naming.resources.ProxyDirContext.lookup(Ljava/lang/String;)Ljava/lang/Object;+2
j  org.apache.tomcat.util.http.mapper.Mapper.internalMapWrapper(Lorg/apache/tomcat/util/http/mapper/Mapper$Context;Lorg/apache/tomcat/util/buf/CharChunk;Lorg/apache/tomcat/util/http/mapper/MappingData;)V+658
j  org.apache.tomcat.util.http.mapper.Mapper.internalMap(Lorg/apache/tomcat/util/buf/CharChunk;Lorg/apache/tomcat/util/buf/CharChunk;Lorg/apache/tomcat/util/http/mapper/MappingData;)V+411
j  org.apache.tomcat.util.http.mapper.Mapper.map(Lorg/apache/tomcat/util/buf/MessageBytes;Lorg/apache/tomcat/util/buf/MessageBytes;Lorg/apache/tomcat/util/http/mapper/MappingData;)V+36
j  org.apache.catalina.connector.CoyoteAdapter.postParseRequest(Lorg/apache/coyote/Request;Lorg/apache/catalina/connector/Request;Lorg/apache/coyote/Response;Lorg/apache/catalina/connector/Response;)Z+420
j  org.apache.catalina.connector.CoyoteAdapter.service(Lorg/apache/coyote/Request;Lorg/apache/coyote/Response;)V+132
j  org.apache.coyote.http11.Http11Processor.process(Ljava/net/Socket;)V+468
j  org.apache.coyote.http11.Http11Protocol$Http11ConnectionHandler.process(Ljava/net/Socket;)Z+82
j  org.apache.tomcat.util.net.JIoEndpoint$Worker.run()V+41
j  java.lang.Thread.run()V+11
v  ~StubRoutines::call_stub

---------------  P R O C E S S  ---------------

Java Threads: ( => current thread )
  0x000000005a383000 JavaThread "http-8080-5" daemon [_thread_blocked, id=3680, stack(0x000000005e8f0000,0x000000005e9f0000)]
=>0x000000005a382800 JavaThread "http-8080-4" daemon [_thread_in_vm, id=3068, stack(0x000000005e790000,0x000000005e890000)]
  0x00000000592b7800 JavaThread "http-8080-3" daemon [_thread_blocked, id=4088, stack(0x0000000059710000,0x0000000059810000)]
  0x000000005b5e1800 JavaThread "Abandoned connection cleanup thread" daemon [_thread_blocked, id=5204, stack(0x000000005e450000,0x000000005e550000)]
  0x000000005b400800 JavaThread "com.mchange.v2.async.ThreadPoolAsynchronousRunner$PoolThread-#2" daemon [_thread_blocked, id=4520, stack(0x000000005e210000,0x000000005e310000)]
  0x0000000058f76000 JavaThread "com.mchange.v2.async.ThreadPoolAsynchronousRunner$PoolThread-#1" daemon [_thread_blocked, id=2772, stack(0x000000005d4b0000,0x000000005d5b0000)]
  0x0000000058c09000 JavaThread "com.mchange.v2.async.ThreadPoolAsynchronousRunner$PoolThread-#0" daemon [_thread_blocked, id=4008, stack(0x000000005df80000,0x000000005e080000)]
  0x0000000058413000 JavaThread "Timer-0" daemon [_thread_blocked, id=6112, stack(0x000000005d300000,0x000000005d400000)]
  0x000000005a802800 JavaThread "commons-pool-EvictionTimer" daemon [_thread_blocked, id=4652, stack(0x000000005d600000,0x000000005d700000)]
  0x000000005a491800 JavaThread "http-8080-2" daemon [_thread_blocked, id=5800, stack(0x000000005ac00000,0x000000005ad00000)]
  0x000000005aee5000 JavaThread "http-8080-1" daemon [_thread_blocked, id=5168, stack(0x000000005c860000,0x000000005c960000)]
  0x000000005a55a800 JavaThread "http-8080-Acceptor-0" daemon [_thread_in_native, id=5596, stack(0x000000005c6c0000,0x000000005c7c0000)]
  0x0000000059da8800 JavaThread "ContainerBackgroundProcessor[StandardEngine[localEngine]]" daemon [_thread_blocked, id=1168, stack(0x000000005c5b0000,0x000000005c6b0000)]
  0x00000000581a2000 JavaThread "Service Thread" daemon [_thread_blocked, id=4792, stack(0x00000000587d0000,0x00000000588d0000)]
  0x000000005709a000 JavaThread "C1 CompilerThread1" daemon [_thread_blocked, id=5128, stack(0x0000000058680000,0x0000000058780000)]
  0x0000000057049000 JavaThread "C2 CompilerThread0" daemon [_thread_blocked, id=4956, stack(0x0000000057940000,0x0000000057a40000)]
  0x0000000057052800 JavaThread "Attach Listener" daemon [_thread_blocked, id=5260, stack(0x0000000058090000,0x0000000058190000)]
  0x0000000057032800 JavaThread "Signal Dispatcher" daemon [_thread_blocked, id=700, stack(0x0000000057f20000,0x0000000058020000)]
  0x0000000056fd8000 JavaThread "Finalizer" daemon [_thread_blocked, id=4928, stack(0x0000000057d50000,0x0000000057e50000)]
  0x0000000056fd4800 JavaThread "Reference Handler" daemon [_thread_blocked, id=5948, stack(0x0000000057c00000,0x0000000057d00000)]
  0x0000000001c9e800 JavaThread "main" [_thread_blocked, id=1716, stack(0x00000000025c0000,0x00000000026c0000)]

Other Threads:
  0x0000000056fce800 VMThread [stack: 0x0000000057ac0000,0x0000000057bc0000] [id=3188]
  0x00000000581c0000 WatcherThread [stack: 0x0000000058a10000,0x0000000058b10000] [id=5832]

VM state:not at safepoint (normal execution)

VM Mutex/Monitor currently owned by a thread: None

Heap:
 PSYoungGen      total 258560K, used 181678K [0x00000000d6b80000, 0x00000000ec080000, 0x0000000100000000)
  eden space 244736K, 74% used [0x00000000d6b80000,0x00000000e1cebbc8,0x00000000e5a80000)
  from space 13824K, 0% used [0x00000000e5a80000,0x00000000e5a80000,0x00000000e6800000)
  to   space 13312K, 0% used [0x00000000eb380000,0x00000000eb380000,0x00000000ec080000)
 ParOldGen       total 71168K, used 21879K [0x0000000084200000, 0x0000000088780000, 0x00000000d6b80000)
  object space 71168K, 30% used [0x0000000084200000,0x000000008575df08,0x0000000088780000)
 Metaspace       used 47077K, capacity 48200K, committed 48384K, reserved 1091584K
  class space    used 5385K, capacity 5625K, committed 5632K, reserved 1048576K

Card table byte_map: [0x0000000011a80000,0x0000000011e60000] byte_map_base: 0x000000001165f000

Marking Bits: (ParMarkBitMap*) 0x0000000069d7a5b0
 Begin Bits: [0x00000000124d0000, 0x00000000143c8000)
 End Bits:   [0x00000000143c8000, 0x00000000162c0000)

Polling page: 0x0000000000230000

CodeCache: size=245760Kb used=19137Kb max_used=19137Kb free=226622Kb
 bounds [0x00000000026c0000, 0x0000000003990000, 0x00000000116c0000]
 total_blobs=6613 nmethods=6009 adapters=518
 compilation: enabled

Compilation events (10 events):
Event: 472.574 Thread 0x000000005709a000 6972   !   3       java.io.ObjectStreamClass::invokeWriteObject (79 bytes)
Event: 472.575 Thread 0x000000005709a000 nmethod 6972 0x000000000397c9d0 code [0x000000000397cbc0, 0x000000000397d588]
Event: 472.575 Thread 0x000000005709a000 6973       3       com.fasterxml.jackson.databind.cfg.SerializerFactoryConfig::hasSerializerModifiers (14 bytes)
Event: 472.576 Thread 0x000000005709a000 nmethod 6973 0x000000000397da50 code [0x000000000397dba0, 0x000000000397dd50]
Event: 472.576 Thread 0x000000005709a000 6974       1       com.fasterxml.jackson.databind.type.MapLikeType::getContentType (5 bytes)
Event: 472.576 Thread 0x000000005709a000 nmethod 6974 0x000000000397de10 code [0x000000000397df60, 0x000000000397e070]
Event: 476.098 Thread 0x000000005709a000 6975       3       org.apache.tomcat.util.buf.CharChunk::toString (30 bytes)
Event: 476.099 Thread 0x000000005709a000 nmethod 6975 0x000000000397e0d0 code [0x000000000397e240, 0x000000000397e468]
Event: 476.099 Thread 0x000000005709a000 6976   !   3       org.apache.tomcat.util.buf.StringCache::toString (602 bytes)
Event: 476.111 Thread 0x000000005709a000 nmethod 6976 0x000000000397e510 code [0x000000000397eaa0, 0x0000000003982a38]

GC Heap History (10 events):
Event: 7.110 GC heap before
{Heap before GC invocations=7 (full 0):
 PSYoungGen      total 134656K, used 17383K [0x00000000d6b80000, 0x00000000dfe80000, 0x0000000100000000)
  eden space 124928K, 6% used [0x00000000d6b80000,0x00000000d72f9fc0,0x00000000de580000)
  from space 9728K, 99% used [0x00000000df100000,0x00000000dfa7fcc0,0x00000000dfa80000)
  to   space 11776K, 0% used [0x00000000de580000,0x00000000de580000,0x00000000df100000)
 ParOldGen       total 84992K, used 11407K [0x0000000084200000, 0x0000000089500000, 0x00000000d6b80000)
  object space 84992K, 13% used [0x0000000084200000,0x0000000084d23ea8,0x0000000089500000)
 Metaspace       used 20710K, capacity 21136K, committed 21248K, reserved 1069056K
  class space    used 2419K, capacity 2537K, committed 2560K, reserved 1048576K
Event: 7.160 GC heap after
Heap after GC invocations=7 (full 0):
 PSYoungGen      total 136704K, used 7847K [0x00000000d6b80000, 0x00000000e7580000, 0x0000000100000000)
  eden space 124928K, 0% used [0x00000000d6b80000,0x00000000d6b80000,0x00000000de580000)
  from space 11776K, 66% used [0x00000000de580000,0x00000000ded29ea8,0x00000000df100000)
  to   space 11264K, 0% used [0x00000000e6a80000,0x00000000e6a80000,0x00000000e7580000)
 ParOldGen       total 84992K, used 13157K [0x0000000084200000, 0x0000000089500000, 0x00000000d6b80000)
  object space 84992K, 15% used [0x0000000084200000,0x0000000084ed9748,0x0000000089500000)
 Metaspace       used 20710K, capacity 21136K, committed 21248K, reserved 1069056K
  class space    used 2419K, capacity 2537K, committed 2560K, reserved 1048576K
}
Event: 7.161 GC heap before
{Heap before GC invocations=8 (full 1):
 PSYoungGen      total 136704K, used 7847K [0x00000000d6b80000, 0x00000000e7580000, 0x0000000100000000)
  eden space 124928K, 0% used [0x00000000d6b80000,0x00000000d6b80000,0x00000000de580000)
  from space 11776K, 66% used [0x00000000de580000,0x00000000ded29ea8,0x00000000df100000)
  to   space 11264K, 0% used [0x00000000e6a80000,0x00000000e6a80000,0x00000000e7580000)
 ParOldGen       total 84992K, used 13157K [0x0000000084200000, 0x0000000089500000, 0x00000000d6b80000)
  object space 84992K, 15% used [0x0000000084200000,0x0000000084ed9748,0x0000000089500000)
 Metaspace       used 20710K, capacity 21136K, committed 21248K, reserved 1069056K
  class space    used 2419K, capacity 2537K, committed 2560K, reserved 1048576K
Event: 7.327 GC heap after
Heap after GC invocations=8 (full 1):
 PSYoungGen      total 136704K, used 0K [0x00000000d6b80000, 0x00000000e7580000, 0x0000000100000000)
  eden space 124928K, 0% used [0x00000000d6b80000,0x00000000d6b80000,0x00000000de580000)
  from space 11776K, 0% used [0x00000000de580000,0x00000000de580000,0x00000000df100000)
  to   space 11264K, 0% used [0x00000000e6a80000,0x00000000e6a80000,0x00000000e7580000)
 ParOldGen       total 56832K, used 15679K [0x0000000084200000, 0x0000000087980000, 0x00000000d6b80000)
  object space 56832K, 27% used [0x0000000084200000,0x000000008514fd28,0x0000000087980000)
 Metaspace       used 20710K, capacity 21136K, committed 21248K, reserved 1069056K
  class space    used 2419K, capacity 2537K, committed 2560K, reserved 1048576K
}
Event: 34.889 GC heap before
{Heap before GC invocations=9 (full 1):
 PSYoungGen      total 136704K, used 124928K [0x00000000d6b80000, 0x00000000e7580000, 0x0000000100000000)
  eden space 124928K, 100% used [0x00000000d6b80000,0x00000000de580000,0x00000000de580000)
  from space 11776K, 0% used [0x00000000de580000,0x00000000de580000,0x00000000df100000)
  to   space 11264K, 0% used [0x00000000e6a80000,0x00000000e6a80000,0x00000000e7580000)
 ParOldGen       total 56832K, used 15679K [0x0000000084200000, 0x0000000087980000, 0x00000000d6b80000)
  object space 56832K, 27% used [0x0000000084200000,0x000000008514fd28,0x0000000087980000)
 Metaspace       used 33813K, capacity 34298K, committed 34688K, reserved 1079296K
  class space    used 4020K, capacity 4144K, committed 4224K, reserved 1048576K
Event: 34.929 GC heap after
Heap after GC invocations=9 (full 1):
 PSYoungGen      total 233984K, used 11263K [0x00000000d6b80000, 0x00000000e7580000, 0x0000000100000000)
  eden space 222720K, 0% used [0x00000000d6b80000,0x00000000d6b80000,0x00000000e4500000)
  from space 11264K, 99% used [0x00000000e6a80000,0x00000000e757fee8,0x00000000e7580000)
  to   space 13824K, 0% used [0x00000000e5a80000,0x00000000e5a80000,0x00000000e6800000)
 ParOldGen       total 56832K, used 19204K [0x0000000084200000, 0x0000000087980000, 0x00000000d6b80000)
  object space 56832K, 33% used [0x0000000084200000,0x00000000854c13f0,0x0000000087980000)
 Metaspace       used 33813K, capacity 34298K, committed 34688K, reserved 1079296K
  class space    used 4020K, capacity 4144K, committed 4224K, reserved 1048576K
}
Event: 35.938 GC heap before
{Heap before GC invocations=10 (full 1):
 PSYoungGen      total 233984K, used 80369K [0x00000000d6b80000, 0x00000000e7580000, 0x0000000100000000)
  eden space 222720K, 31% used [0x00000000d6b80000,0x00000000daefc5f8,0x00000000e4500000)
  from space 11264K, 99% used [0x00000000e6a80000,0x00000000e757fee8,0x00000000e7580000)
  to   space 13824K, 0% used [0x00000000e5a80000,0x00000000e5a80000,0x00000000e6800000)
 ParOldGen       total 56832K, used 19204K [0x0000000084200000, 0x0000000087980000, 0x00000000d6b80000)
  object space 56832K, 33% used [0x0000000084200000,0x00000000854c13f0,0x0000000087980000)
 Metaspace       used 34633K, capacity 35104K, committed 35416K, reserved 1081344K
  class space    used 4101K, capacity 4241K, committed 4352K, reserved 1048576K
Event: 35.960 GC heap after
Heap after GC invocations=10 (full 1):
 PSYoungGen      total 258560K, used 7804K [0x00000000d6b80000, 0x00000000ec080000, 0x0000000100000000)
  eden space 244736K, 0% used [0x00000000d6b80000,0x00000000d6b80000,0x00000000e5a80000)
  from space 13824K, 56% used [0x00000000e5a80000,0x00000000e621f2b8,0x00000000e6800000)
  to   space 13312K, 0% used [0x00000000eb380000,0x00000000eb380000,0x00000000ec080000)
 ParOldGen       total 56832K, used 19212K [0x0000000084200000, 0x0000000087980000, 0x00000000d6b80000)
  object space 56832K, 33% used [0x0000000084200000,0x00000000854c33f0,0x0000000087980000)
 Metaspace       used 34633K, capacity 35104K, committed 35416K, reserved 1081344K
  class space    used 4101K, capacity 4241K, committed 4352K, reserved 1048576K
}
Event: 35.960 GC heap before
{Heap before GC invocations=11 (full 2):
 PSYoungGen      total 258560K, used 7804K [0x00000000d6b80000, 0x00000000ec080000, 0x0000000100000000)
  eden space 244736K, 0% used [0x00000000d6b80000,0x00000000d6b80000,0x00000000e5a80000)
  from space 13824K, 56% used [0x00000000e5a80000,0x00000000e621f2b8,0x00000000e6800000)
  to   space 13312K, 0% used [0x00000000eb380000,0x00000000eb380000,0x00000000ec080000)
 ParOldGen       total 56832K, used 19212K [0x0000000084200000, 0x0000000087980000, 0x00000000d6b80000)
  object space 56832K, 33% used [0x0000000084200000,0x00000000854c33f0,0x0000000087980000)
 Metaspace       used 34633K, capacity 35104K, committed 35416K, reserved 1081344K
  class space    used 4101K, capacity 4241K, committed 4352K, reserved 1048576K
Event: 36.233 GC heap after
Heap after GC invocations=11 (full 2):
 PSYoungGen      total 258560K, used 0K [0x00000000d6b80000, 0x00000000ec080000, 0x0000000100000000)
  eden space 244736K, 0% used [0x00000000d6b80000,0x00000000d6b80000,0x00000000e5a80000)
  from space 13824K, 0% used [0x00000000e5a80000,0x00000000e5a80000,0x00000000e6800000)
  to   space 13312K, 0% used [0x00000000eb380000,0x00000000eb380000,0x00000000ec080000)
 ParOldGen       total 71168K, used 21879K [0x0000000084200000, 0x0000000088780000, 0x00000000d6b80000)
  object space 71168K, 30% used [0x0000000084200000,0x000000008575df08,0x0000000088780000)
 Metaspace       used 34633K, capacity 35104K, committed 35416K, reserved 1081344K
  class space    used 4101K, capacity 4241K, committed 4352K, reserved 1048576K
}

Deoptimization events (10 events):
Event: 46.905 Thread 0x000000005aee5000 Uncommon trap: reason=unstable_if action=reinterpret pc=0x0000000002d089b4 method=java.util.HashMap$HashIterator.<init>(Ljava/util/HashMap;)V @ 45
Event: 47.037 Thread 0x000000005aee5000 Uncommon trap: reason=class_check action=maybe_recompile pc=0x0000000002873ecc method=java.lang.String.equals(Ljava/lang/Object;)Z @ 8
Event: 47.040 Thread 0x000000005aee5000 Uncommon trap: reason=class_check action=maybe_recompile pc=0x0000000002873ecc method=java.lang.String.equals(Ljava/lang/Object;)Z @ 8
Event: 47.041 Thread 0x000000005aee5000 Uncommon trap: reason=class_check action=maybe_recompile pc=0x0000000002873ecc method=java.lang.String.equals(Ljava/lang/Object;)Z @ 8
Event: 47.041 Thread 0x000000005aee5000 Uncommon trap: reason=class_check action=maybe_recompile pc=0x0000000002873ecc method=java.lang.String.equals(Ljava/lang/Object;)Z @ 8
Event: 52.953 Thread 0x000000005aee5000 Uncommon trap: reason=unstable_if action=reinterpret pc=0x00000000032b8f4c method=java.util.BitSet.get(I)Z @ 45
Event: 53.076 Thread 0x000000005aee5000 Uncommon trap: reason=bimorphic action=maybe_recompile pc=0x000000000327c768 method=java.io.DataInputStream.readInt()I @ 4
Event: 61.885 Thread 0x000000005aee5000 Uncommon trap: reason=unstable_if action=reinterpret pc=0x000000000335f7e4 method=java.util.HashMap$HashIterator.<init>(Ljava/util/HashMap;)V @ 45
Event: 96.405 Thread 0x000000005aee5000 Uncommon trap: reason=class_check action=maybe_recompile pc=0x0000000002cd8d40 method=java.util.AbstractList$Itr.hasNext()Z @ 8
Event: 96.405 Thread 0x000000005aee5000 Uncommon trap: reason=class_check action=maybe_recompile pc=0x0000000002d75874 method=java.util.AbstractList$Itr.next()Ljava/lang/Object; @ 14

Internal exceptions (10 events):
Event: 342.206 Thread 0x000000005aee5000 Exception <a 'java/security/PrivilegedActionException'> (0x00000000e0aae0d8) thrown at [C:\re\workspace\8-2-build-windows-amd64-cygwin\jdk8u66\4988\hotspot\src\share\vm\prims\jvm.cpp, line 1386]
Event: 347.827 Thread 0x000000005aee5000 Exception <a 'java/security/PrivilegedActionException'> (0x00000000e0dd8d60) thrown at [C:\re\workspace\8-2-build-windows-amd64-cygwin\jdk8u66\4988\hotspot\src\share\vm\prims\jvm.cpp, line 1386]
Event: 347.827 Thread 0x000000005aee5000 Exception <a 'java/security/PrivilegedActionException'> (0x00000000e0dd9340) thrown at [C:\re\workspace\8-2-build-windows-amd64-cygwin\jdk8u66\4988\hotspot\src\share\vm\prims\jvm.cpp, line 1386]
Event: 347.833 Thread 0x000000005aee5000 Exception <a 'java/lang/ClassNotFoundException': com/yxq/carpark/dto/IncomeDataBeanInfo> (0x00000000e0e3a608) thrown at [C:\re\workspace\8-2-build-windows-amd64-cygwin\jdk8u66\4988\hotspot\src\share\vm\classfile\systemDictionary.cpp, line 210]
Event: 347.837 Thread 0x000000005aee5000 Exception <a 'java/lang/ClassNotFoundException': com/yxq/carpark/dto/IncomeDataCustomizer> (0x00000000e0e6af70) thrown at [C:\re\workspace\8-2-build-windows-amd64-cygwin\jdk8u66\4988\hotspot\src\share\vm\classfile\systemDictionary.cpp, line 210]
Event: 350.183 Thread 0x000000005aee5000 Exception <a 'java/security/PrivilegedActionException'> (0x00000000e1026f48) thrown at [C:\re\workspace\8-2-build-windows-amd64-cygwin\jdk8u66\4988\hotspot\src\share\vm\prims\jvm.cpp, line 1386]
Event: 350.183 Thread 0x000000005aee5000 Exception <a 'java/security/PrivilegedActionException'> (0x00000000e1027528) thrown at [C:\re\workspace\8-2-build-windows-amd64-cygwin\jdk8u66\4988\hotspot\src\share\vm\prims\jvm.cpp, line 1386]
Event: 350.190 Thread 0x000000005aee5000 Exception <a 'java/lang/ClassNotFoundException': com/yxq/carpark/dto/ParkinfoallDataBeanInfo> (0x00000000e10a14e8) thrown at [C:\re\workspace\8-2-build-windows-amd64-cygwin\jdk8u66\4988\hotspot\src\share\vm\classfile\systemDictionary.cpp, line 210]
Event: 350.193 Thread 0x000000005aee5000 Exception <a 'java/lang/ClassNotFoundException': com/yxq/carpark/dto/ParkinfoallDataCustomizer> (0x00000000e10d41c8) thrown at [C:\re\workspace\8-2-build-windows-amd64-cygwin\jdk8u66\4988\hotspot\src\share\vm\classfile\systemDictionary.cpp, line 210]
Event: 410.197 Thread 0x000000005aee5000 Exception <a 'java/net/SocketTimeoutException': Read timed out> (0x00000000e114e980) thrown at [C:\re\workspace\8-2-build-windows-amd64-cygwin\jdk8u66\4988\hotspot\src\share\vm\prims\jni.cpp, line 735]

Events (10 events):
Event: 457.503 Executing VM operation: RevokeBias
Event: 457.503 Executing VM operation: RevokeBias done
Event: 457.504 Thread 0x000000005709a000 flushing nmethod 0x0000000002e37e10
Event: 457.504 Thread 0x000000005709a000 flushing nmethod 0x0000000002eb3290
Event: 457.505 Thread 0x000000005709a000 flushing nmethod 0x0000000002f7f6d0
Event: 464.429 Thread 0x000000005709a000 flushing nmethod 0x00000000034ba8d0
Event: 469.975 Thread 0x000000005a382800 DEOPT PACKING pc=0x00000000036f153e sp=0x000000005e88cd10
Event: 469.975 Thread 0x000000005a382800 DEOPT UNPACKING pc=0x00000000027071bf sp=0x000000005e88ca38 mode 0
Event: 472.545 Executing VM operation: RevokeBias
Event: 472.545 Executing VM operation: RevokeBias done


Dynamic libraries:
0x000000013ff60000 - 0x000000013ff97000 	C:\Users\yexiaoqing\AppData\Local\MyEclipse 2016 CI\binary\com.sun.java.jdk8.win32.x86_64_1.8.0.u66\bin\javaw.exe
0x00000000774d0000 - 0x000000007767a000 	C:\Windows\SYSTEM32\ntdll.dll
0x0000000077270000 - 0x000000007738f000 	C:\Windows\system32\kernel32.dll
0x000007fefd2e0000 - 0x000007fefd34a000 	C:\Windows\system32\KERNELBASE.dll
0x000007fefe2b0000 - 0x000007fefe38b000 	C:\Windows\system32\ADVAPI32.dll
0x000007feff180000 - 0x000007feff21f000 	C:\Windows\system32\msvcrt.dll
0x000007feff580000 - 0x000007feff59f000 	C:\Windows\SYSTEM32\sechost.dll
0x000007feff5d0000 - 0x000007feff6fd000 	C:\Windows\system32\RPCRT4.dll
0x0000000077170000 - 0x000000007726a000 	C:\Windows\system32\USER32.dll
0x000007fefe240000 - 0x000007fefe2a7000 	C:\Windows\system32\GDI32.dll
0x000007fefd5e0000 - 0x000007fefd5ee000 	C:\Windows\system32\LPK.dll
0x000007fefd7e0000 - 0x000007fefd8aa000 	C:\Windows\system32\USP10.dll
0x000007fefb580000 - 0x000007fefb774000 	C:\Windows\WinSxS\amd64_microsoft.windows.common-controls_6595b64144ccf1df_6.0.7601.18837_none_fa3b1e3d17594757\COMCTL32.dll
0x000007fefd560000 - 0x000007fefd5d1000 	C:\Windows\system32\SHLWAPI.dll
0x000007feff5a0000 - 0x000007feff5ce000 	C:\Windows\system32\IMM32.DLL
0x000007fefd8b0000 - 0x000007fefd9b9000 	C:\Windows\system32\MSCTF.dll
0x000000006dd30000 - 0x000000006de02000 	C:\Users\yexiaoqing\AppData\Local\MyEclipse 2016 CI\binary\com.sun.java.jdk8.win32.x86_64_1.8.0.u66\jre\bin\msvcr100.dll
0x0000000069570000 - 0x0000000069df9000 	C:\Users\yexiaoqing\AppData\Local\MyEclipse 2016 CI\binary\com.sun.java.jdk8.win32.x86_64_1.8.0.u66\jre\bin\server\jvm.dll
0x000007fefbc80000 - 0x000007fefbc89000 	C:\Windows\system32\WSOCK32.dll
0x000007fefe1f0000 - 0x000007fefe23d000 	C:\Windows\system32\WS2_32.dll
0x000007fefd5f0000 - 0x000007fefd5f8000 	C:\Windows\system32\NSI.dll
0x000007fefd3a0000 - 0x000007fefd3db000 	C:\Windows\system32\WINMM.dll
0x000007fefc020000 - 0x000007fefc02c000 	C:\Windows\system32\VERSION.dll
0x0000000077690000 - 0x0000000077697000 	C:\Windows\system32\PSAPI.DLL
0x000000006ec60000 - 0x000000006ec6f000 	C:\Users\yexiaoqing\AppData\Local\MyEclipse 2016 CI\binary\com.sun.java.jdk8.win32.x86_64_1.8.0.u66\jre\bin\verify.dll
0x000000006dec0000 - 0x000000006dee9000 	C:\Users\yexiaoqing\AppData\Local\MyEclipse 2016 CI\binary\com.sun.java.jdk8.win32.x86_64_1.8.0.u66\jre\bin\java.dll
0x000000006dea0000 - 0x000000006deb6000 	C:\Users\yexiaoqing\AppData\Local\MyEclipse 2016 CI\binary\com.sun.java.jdk8.win32.x86_64_1.8.0.u66\jre\bin\zip.dll
0x000007fefe390000 - 0x000007feff119000 	C:\Windows\system32\SHELL32.dll
0x000007feff370000 - 0x000007feff573000 	C:\Windows\system32\ole32.dll
0x000007fefcf80000 - 0x000007fefcf8f000 	C:\Windows\system32\profapi.dll
0x000007fefcdc0000 - 0x000007fefce17000 	C:\Windows\system32\apphelp.dll
0x000000006de80000 - 0x000000006de9a000 	C:\Users\yexiaoqing\AppData\Local\MyEclipse 2016 CI\binary\com.sun.java.jdk8.win32.x86_64_1.8.0.u66\jre\bin\net.dll
0x000007fefc6f0000 - 0x000007fefc745000 	C:\Windows\system32\mswsock.dll
0x000007fefc6e0000 - 0x000007fefc6e7000 	C:\Windows\System32\wship6.dll
0x000000006de60000 - 0x000000006de71000 	C:\Users\yexiaoqing\AppData\Local\MyEclipse 2016 CI\binary\com.sun.java.jdk8.win32.x86_64_1.8.0.u66\jre\bin\nio.dll
0x0000000073bc0000 - 0x0000000073bcd000 	C:\Users\yexiaoqing\AppData\Local\MyEclipse 2016 CI\binary\com.sun.java.jdk8.win32.x86_64_1.8.0.u66\jre\bin\management.dll
0x000007fefaf50000 - 0x000007fefaf65000 	C:\Windows\system32\NLAapi.dll
0x000007fef68a0000 - 0x000007fef68b5000 	C:\Windows\system32\napinsp.dll
0x000007fef6880000 - 0x000007fef6899000 	C:\Windows\system32\pnrpnsp.dll
0x000007fefc560000 - 0x000007fefc5bb000 	C:\Windows\system32\DNSAPI.dll
0x000007fef6870000 - 0x000007fef687b000 	C:\Windows\System32\winrnr.dll
0x000007fef6860000 - 0x000007fef6870000 	C:\Windows\system32\wshbth.dll
0x000007fefc0f0000 - 0x000007fefc0f7000 	C:\Windows\System32\wshtcpip.dll
0x000007fefa760000 - 0x000007fefa787000 	C:\Windows\system32\IPHLPAPI.DLL
0x000007fefa750000 - 0x000007fefa75b000 	C:\Windows\system32\WINNSI.DLL
0x000007fefa190000 - 0x000007fefa198000 	C:\Windows\system32\rasadhlp.dll
0x000007fefa020000 - 0x000007fefa073000 	C:\Windows\System32\fwpuclnt.dll
0x000007fefc750000 - 0x000007fefc767000 	C:\Windows\system32\CRYPTSP.dll
0x000007fefc440000 - 0x000007fefc487000 	C:\Windows\system32\rsaenh.dll
0x000007fefd370000 - 0x000007fefd38e000 	C:\Windows\system32\USERENV.dll
0x000007fefce20000 - 0x000007fefce2f000 	C:\Windows\system32\CRYPTBASE.dll
0x000007fef9e80000 - 0x000007fef9e98000 	C:\Windows\system32\dhcpcsvc.DLL
0x000007fef9e60000 - 0x000007fef9e71000 	C:\Windows\system32\dhcpcsvc6.DLL
0x0000000060820000 - 0x00000000608f1000 	C:\Users\yexiaoqing\AppData\Local\Temp\javacpp2827565534945\msvcr100.dll
0x0000000069f70000 - 0x000000006a008000 	C:\Users\yexiaoqing\AppData\Local\Temp\javacpp2827565534945\msvcp100.dll
0x000007fee8070000 - 0x000007fee82f0000 	C:\Users\yexiaoqing\AppData\Local\Temp\javacpp2827565534945\opencv_core2411.dll
0x000007fee7e70000 - 0x000007fee8062000 	C:\Users\yexiaoqing\AppData\Local\Temp\javacpp2827565534945\jniopencv_core.dll
0x000007fee7ba0000 - 0x000007fee7e61000 	C:\Users\yexiaoqing\AppData\Local\Temp\javacpp2827565534945\opencv_imgproc2411.dll
0x000007fef4930000 - 0x000007fef49d8000 	C:\Users\yexiaoqing\AppData\Local\Temp\javacpp2827565534945\jniopencv_imgproc.dll
0x0000000066840000 - 0x00000000676b4000 	C:\Users\yexiaoqing\AppData\Local\Temp\javacpp2827565534945\opencv_ffmpeg2411_64.dll
0x000007fee7950000 - 0x000007fee7b9e000 	C:\Users\yexiaoqing\AppData\Local\Temp\javacpp2827565534945\opencv_highgui2411.dll
0x000007feff700000 - 0x000007feff7da000 	C:\Windows\system32\OLEAUT32.dll
0x000007fef6160000 - 0x000007fef617f000 	C:\Windows\system32\AVIFIL32.dll
0x000007fefa6e0000 - 0x000007fefa6f8000 	C:\Windows\system32\MSACM32.dll
0x000007fef4900000 - 0x000007fef4929000 	C:\Windows\system32\MSVFW32.dll
0x000007fef6130000 - 0x000007fef6147000 	C:\Windows\system32\AVICAP32.dll
0x000007fef48a0000 - 0x000007fef48f1000 	C:\Users\yexiaoqing\AppData\Local\Temp\javacpp2827565534945\jniopencv_highgui.dll
0x000007feefe60000 - 0x000007feefef6000 	C:\Users\yexiaoqing\AppData\Local\Temp\javacpp2827565534945\opencv_ml2411.dll
0x000007feeedc0000 - 0x000007feeee5e000 	C:\Users\yexiaoqing\AppData\Local\Temp\javacpp2827565534945\jniopencv_ml.dll
0x000007fef1c20000 - 0x000007fef1d45000 	C:\Windows\system32\dbghelp.dll

VM Arguments:
jvm_args: -Dmaven.home=C:\Users\yexiaoqing\Desktop\ssh\day46_maven\资料\maven -Dclassworlds.conf=C:\Users\yexiaoqing\Workspaces\MyEclipse 2016 CI\.metadata\.plugins\org.eclipse.m2e.launching\launches\m2conf1152165734520750339.tmp -Dfile.encoding=GBK 
java_command: org.codehaus.plexus.classworlds.launcher.Launcher -B -s C:\Users\yexiaoqing\Desktop\ssh\day46_maven\资料\maven\conf\settings.xml tomcat:run
java_class_path (initial): C:\Users\yexiaoqing\Desktop\ssh\day46_maven\资料\maven\boot\plexus-classworlds-2.4.jar
Launcher Type: SUN_STANDARD

Environment Variables:
JAVA_HOME=C:\Program Files\Java\jdk1.8.0_144
CLASSPATH=C:\Program Files\Java\jdk1.8.0_144\lib;C:\Program Files\Java\jdk1.8.0_144\lib\tools.jar
PATH=C:\ProgramData\Oracle\Java\javapath;C:\Windows\system32;;C:\Windows;C:\Windows\system32\wbem;C:\Program Files (x86)\Windows Kits\8.1\Windows Performance Toolkit\;C:\Program Files\Microsoft SQL Server\110\Tools\Binn\;C:\Program Files (x86)\MySQL\MySQL Server 5.0\bin;C:\Program Files\SlikSvn\bin;C:\Program Files\TortoiseSVN\bin;C:\Users\yexiaoqing\Desktop\ssh\day46_maven\资料\maven\bin;C:\Program Files\nodejs\;C:\Program Files (x86)\Yarn\bin;C:\Program Files (x86)\VanDyke Software\Clients\;C:\Program Files\Java\jdk1.8.0_144\bin;C:\Program Files\Java\jdk1.8.0_144\jre\bin;C:\Users\yexiaoqing\AppData\Roaming\npm;C:\Users\yexiaoqing\AppData\Local\Yarn\bin;C:\Program Files (x86)\VanDyke Software\Clients\
USERNAME=yexiaoqing
OS=Windows_NT
PROCESSOR_IDENTIFIER=Intel64 Family 6 Model 23 Stepping 10, GenuineIntel



---------------  S Y S T E M  ---------------

OS: Windows 7 , 64 bit Build 7601 (6.1.7601.23677)

CPU:total 2 (2 cores per cpu, 1 threads per core) family 6 model 23 stepping 10, cmov, cx8, fxsr, mmx, sse, sse2, sse3, ssse3, sse4.1, tsc

Memory: 4k page, physical 8116836k(3612992k free), swap 16231812k(11066408k free)

vm_info: Java HotSpot(TM) 64-Bit Server VM (25.66-b17) for windows-amd64 JRE (1.8.0_66-b17), built on Oct  6 2015 18:55:33 by "java_re" with MS VC++ 10.0 (VS2010)

time: Tue May 22 14:57:30 2018
elapsed time: 476 seconds (0d 0h 7m 56s)

